AquaCrop 5.0 (March 2015) - Output created on (date) : 23/10/2015   at (time) : 10:40:29
Evaluation of simulation results - Data
                                                                                     for soil depth: 1.00 m
   Day Month  Year   DAP Stage   CCsim   CCobs   CCstd    Bsim      Bobs      Bstd   SWCsim  SWCobs   SWstd
                                   %       %       %     ton/ha    ton/ha    ton/ha    mm       mm      mm
    22     3     1     1    1     0.0    -9.0    -9.0     0.000    -9.000    -9.000   295.6    -9.0    -9.0
    23     3     1     2    1     0.0    -9.0    -9.0     0.000    -9.000    -9.000   292.7    -9.0    -9.0
    24     3     1     3    1     0.0    -9.0    -9.0     0.000    -9.000    -9.000   290.5    -9.0    -9.0
    25     3     1     4    1     0.0    -9.0    -9.0     0.000    -9.000    -9.000   288.8    -9.0    -9.0
    26     3     1     5    1     0.0    -9.0    -9.0     0.000    -9.000    -9.000   287.3    -9.0    -9.0
    27     3     1     6    2     1.4    -9.0    -9.0     0.004    -9.000    -9.000   285.9    -9.0    -9.0
    28     3     1     7    2     1.6    -9.0    -9.0     0.010    -9.000    -9.000   284.7    -9.0    -9.0
    29     3     1     8    2     1.9    -9.0    -9.0     0.016    -9.000    -9.000   283.6    -9.0    -9.0
    30     3     1     9    2     2.2    -9.0    -9.0     0.023    -9.000    -9.000   282.6    -9.0    -9.0
    31     3     1    10    2     2.5    -9.0    -9.0     0.031    -9.000    -9.000   281.7    -9.0    -9.0
     1     4     1    11    2     3.0     5.0     3.0     0.040    -9.000    -9.000   280.8   300.0    20.0
     2     4     1    12    2     3.4    -9.0    -9.0     0.051    -9.000    -9.000   279.9    -9.0    -9.0
     3     4     1    13    2     4.0    -9.0    -9.0     0.063    -9.000    -9.000   279.0    -9.0    -9.0
     4     4     1    14    2     4.6    -9.0    -9.0     0.078    -9.000    -9.000   278.1    -9.0    -9.0
     5     4     1    15    2     5.4    -9.0    -9.0     0.095    -9.000    -9.000   277.2    -9.0    -9.0
     6     4     1    16    2     6.2    -9.0    -9.0     0.114    -9.000    -9.000   276.3    -9.0    -9.0
     7     4     1    17    2     7.2    -9.0    -9.0     0.136    -9.000    -9.000   275.3    -9.0    -9.0
     8     4     1    18    2     8.4    -9.0    -9.0     0.162    -9.000    -9.000   274.2    -9.0    -9.0
     9     4     1    19    2     9.7    -9.0    -9.0     0.192    -9.000    -9.000   273.0    -9.0    -9.0
    10     4     1    20    2    11.3    -9.0    -9.0     0.226    -9.000    -9.000   271.7    -9.0    -9.0
    11     4     1    21    2    13.0    -9.0    -9.0     0.264    -9.000    -9.000   270.3    -9.0    -9.0
    12     4     1    22    2    15.1    -9.0    -9.0     0.309    -9.000    -9.000   268.8    -9.0    -9.0
    13     4     1    23    2    17.4    -9.0    -9.0     0.359    -9.000    -9.000   267.1    -9.0    -9.0
    14     4     1    24    2    20.1    -9.0    -9.0     0.417    -9.000    -9.000   265.2    -9.0    -9.0
    15     4     1    25    2    23.1    -9.0    -9.0     0.482    -9.000    -9.000   263.2    -9.0    -9.0
    16     4     1    26    2    26.5    -9.0    -9.0     0.555    -9.000    -9.000   260.9    -9.0    -9.0
    17     4     1    27    2    30.4    -9.0    -9.0     0.637    -9.000    -9.000   258.4    -9.0    -9.0
    18     4     1    28    2    34.7    -9.0    -9.0     0.729    -9.000    -9.000   255.6    -9.0    -9.0
    19     4     1    29    2    39.4    -9.0    -9.0     0.830    -9.000    -9.000   252.6    -9.0    -9.0
    20     4     1    30    2    44.0    30.0     5.0     0.940     1.000     0.300   249.3    -9.0    -9.0
    21     4     1    31    2    47.9    -9.0    -9.0     1.057    -9.000    -9.000   245.8    -9.0    -9.0
    22     4     1    32    2    51.0    -9.0    -9.0     1.180    -9.000    -9.000   242.2    -9.0    -9.0
    23     4     1    33    2    53.4    -9.0    -9.0     1.306    -9.000    -9.000   238.4    -9.0    -9.0
    24     4     1    34    2    55.2    -9.0    -9.0     1.430    -9.000    -9.000   234.7    -9.0    -9.0
    25     4     1    35    2    56.4    -9.0    -9.0     1.548    -9.000    -9.000   231.2    -9.0    -9.0
    26     4     1    36    2    56.9    -9.0    -9.0     1.662    -9.000    -9.000   227.9    -9.0    -9.0
    27     4     1    37    2    57.0    -9.0    -9.0     1.770    -9.000    -9.000   224.7    -9.0    -9.0
    28     4     1    38    2    57.0    -9.0    -9.0     1.873    -9.000    -9.000   221.6    -9.0    -9.0
    29     4     1    39    2    57.0    -9.0    -9.0     1.971    -9.000    -9.000   218.7    -9.0    -9.0
    30     4     1    40    2    57.0    50.0    -9.0     2.066    -9.000    -9.000   215.9   250.0    25.0
     1     5     1    41    2    57.0    -9.0    -9.0     2.156    -9.000    -9.000   213.2    -9.0    -9.0
     2     5     1    42    2    57.0    -9.0    -9.0     2.243    -9.000    -9.000   210.6    -9.0    -9.0
     3     5     1    43    2    57.0    -9.0    -9.0     2.327    -9.000    -9.000   208.2    -9.0    -9.0
     4     5     1    44    2    57.0    -9.0    -9.0     2.407    -9.000    -9.000   205.8    -9.0    -9.0
     5     5     1    45    2    57.0    -9.0    -9.0     2.485    -9.000    -9.000   203.5    -9.0    -9.0
     6     5     1    46    2    57.0    -9.0    -9.0     2.560    -9.000    -9.000   201.2    -9.0    -9.0
     7     5     1    47    2    57.0    -9.0    -9.0     2.633    -9.000    -9.000   199.1    -9.0    -9.0
     8     5     1    48    2    57.0    -9.0    -9.0     2.703    -9.000    -9.000   197.0    -9.0    -9.0
     9     5     1    49    2    57.0    -9.0    -9.0     2.772    -9.000    -9.000   195.0    -9.0    -9.0
    10     5     1    50    2    57.0    60.0     5.0     2.838    -9.000    -9.000   193.0    -9.0    -9.0
    11     5     1    51    2    57.0    -9.0    -9.0     2.902    -9.000    -9.000   191.1    -9.0    -9.0
    12     5     1    52    2    57.0    -9.0    -9.0     2.965    -9.000    -9.000   189.2    -9.0    -9.0
    13     5     1    53    2    57.0    -9.0    -9.0     3.026    -9.000    -9.000   187.4    -9.0    -9.0
    14     5     1    54    2    57.0    -9.0    -9.0     3.085    -9.000    -9.000   185.7    -9.0    -9.0
    15     5     1    55    2    57.0    -9.0    -9.0     3.143    -9.000    -9.000   183.9    -9.0    -9.0
    16     5     1    56    2    57.0    -9.0    -9.0     3.200    -9.000    -9.000   182.3    -9.0    -9.0
    17     5     1    57    2    57.0    -9.0    -9.0     3.255    -9.000    -9.000   180.6    -9.0    -9.0
    18     5     1    58    2    57.0    -9.0    -9.0     3.309    -9.000    -9.000   179.0    -9.0    -9.0
    19     5     1    59    2    57.0    -9.0    -9.0     3.361    -9.000    -9.000   177.5    -9.0    -9.0
    20     5     1    60    2    57.0    -9.0    -9.0     3.413    -9.000    -9.000   175.9    -9.0    -9.0
    21     5     1    61    2    57.0    -9.0    -9.0     3.463    -9.000    -9.000   174.4    -9.0    -9.0
    22     5     1    62    2    57.0    -9.0    -9.0     3.513    -9.000    -9.000   172.9    -9.0    -9.0
    23     5     1    63    2    57.0    -9.0    -9.0     3.561    -9.000    -9.000   171.5    -9.0    -9.0
    24     5     1    64    2    57.0    -9.0    -9.0     3.609    -9.000    -9.000   170.1    -9.0    -9.0
    25     5     1    65    2    57.0    -9.0    -9.0     3.656    -9.000    -9.000   168.7    -9.0    -9.0
    26     5     1    66    2    57.0    -9.0    -9.0     3.701    -9.000    -9.000   167.3    -9.0    -9.0
    27     5     1    67    2    57.0    -9.0    -9.0     3.746    -9.000    -9.000   166.0    -9.0    -9.0
    28     5     1    68    2    57.0    -9.0    -9.0     3.791    -9.000    -9.000   164.7    -9.0    -9.0
    29     5     1    69    2    57.0    -9.0    -9.0     3.834    -9.000    -9.000   163.4    -9.0    -9.0
    30     5     1    70    2    57.0    -9.0    -9.0     3.877    -9.000    -9.000   162.1    -9.0    -9.0
    31     5     1    71    3    57.0    -9.0    -9.0     3.919    -9.000    -9.000   160.8    -9.0    -9.0
     1     6     1    72    3    57.0    -9.0    -9.0     3.961     4.000     0.200   159.6   150.0    30.0
     2     6     1    73    3    57.0    -9.0    -9.0     4.001    -9.000    -9.000   158.4    -9.0    -9.0
     3     6     1    74    3    57.0    -9.0    -9.0     4.042    -9.000    -9.000   157.2    -9.0    -9.0
     4     6     1    75    3    57.0    -9.0    -9.0     4.081    -9.000    -9.000   156.0    -9.0    -9.0
     5     6     1    76    3    57.0    -9.0    -9.0     4.120    -9.000    -9.000   154.8    -9.0    -9.0
     6     6     1    77    3    57.0    -9.0    -9.0     4.159    -9.000    -9.000   153.7    -9.0    -9.0
     7     6     1    78    3    56.9    -9.0    -9.0     4.197    -9.000    -9.000   152.6    -9.0    -9.0
     8     6     1    79    3    56.9    -9.0    -9.0     4.234    -9.000    -9.000   151.4    -9.0    -9.0
     9     6     1    80    3    56.9    -9.0    -9.0     4.271    -9.000    -9.000   150.3    -9.0    -9.0
    10     6     1    81    4    56.8    -9.0    -9.0     4.308    -9.000    -9.000   149.3    -9.0    -9.0
    11     6     1    82    4    56.7    -9.0    -9.0     4.344    -9.000    -9.000   148.2    -9.0    -9.0
    12     6     1    83    4    56.6    -9.0    -9.0     4.379    -9.000    -9.000   147.1    -9.0    -9.0
    13     6     1    84    4    56.6    -9.0    -9.0     4.414    -9.000    -9.000   146.1    -9.0    -9.0
    14     6     1    85    4    56.4    -9.0    -9.0     4.448    -9.000    -9.000   145.0    -9.0    -9.0
    15     6     1    86    4    56.3    -9.0    -9.0     4.482    -9.000    -9.000   144.0    -9.0    -9.0
    16     6     1    87    4    56.2    -9.0    -9.0     4.516    -9.000    -9.000   143.0    -9.0    -9.0
    17     6     1    88    4    56.0    -9.0    -9.0     4.549    -9.000    -9.000   142.1    -9.0    -9.0
    18     6     1    89    4    55.8    -9.0    -9.0     4.581    -9.000    -9.000   141.1    -9.0    -9.0
    19     6     1    90    4    55.7    -9.0    -9.0     4.613     4.400     0.300   140.1    -9.0    -9.0
    20     6     1    91    4    55.4    -9.0    -9.0     4.644    -9.000    -9.000   139.2    -9.0    -9.0
    21     6     1    92    4    55.2    -9.0    -9.0     4.675    -9.000    -9.000   138.3    -9.0    -9.0
    22     6     1    93    4    54.9    -9.0    -9.0     4.706    -9.000    -9.000   137.4    -9.0    -9.0
    23     6     1    94    4    54.7    -9.0    -9.0     4.736    -9.000    -9.000   136.5    -9.0    -9.0
    24     6     1    95    4    54.3    -9.0    -9.0     4.765    -9.000    -9.000   135.6    -9.0    -9.0
    25     6     1    96    4    54.0    -9.0    -9.0     4.794    -9.000    -9.000   134.7    -9.0    -9.0
    26     6     1    97    4    53.6    -9.0    -9.0     4.822    -9.000    -9.000   133.9    -9.0    -9.0
    27     6     1    98    4    53.2    -9.0    -9.0     4.850    -9.000    -9.000   133.0    -9.0    -9.0
    28     6     1    99    4    52.8    -9.0    -9.0     4.877    -9.000    -9.000   132.2    -9.0    -9.0
    29     6     1   100    4    52.3    -9.0    -9.0     4.904    -9.000    -9.000   131.4    -9.0    -9.0
    30     6     1   101    4    51.7    -9.0    -9.0     4.929    -9.000    -9.000   130.6    -9.0    -9.0
     1     7     1   102    4    50.9    -9.0    -9.0     4.953    -9.000    -9.000   129.9    -9.0    -9.0
     2     7     1   103    4    50.0    -9.0    -9.0     4.975    -9.000    -9.000   129.2    -9.0    -9.0
     3     7     1   104    4    48.9    -9.0    -9.0     4.996    -9.000    -9.000   128.6    -9.0    -9.0
     4     7     1   105    4    47.6    -9.0    -9.0     5.015    -9.000    -9.000   128.0    -9.0    -9.0
     5     7     1   106    4    46.0    -9.0    -9.0     5.032    -9.000    -9.000   127.5    -9.0    -9.0
     6     7     1   107    4    44.0    -9.0    -9.0     5.048    -9.000    -9.000   127.0    -9.0    -9.0
     7     7     1   108    4    41.7    -9.0    -9.0     5.062    -9.000    -9.000   126.6    -9.0    -9.0
     8     7     1   109    4    38.9    -9.0    -9.0     5.074    -9.000    -9.000   126.2    -9.0    -9.0
     9     7     1   110    4    35.5    45.0     6.0     5.084     5.000     0.500   125.9   100.0    10.0
    10     7     1   111    4    31.5    -9.0    -9.0     5.092    -9.000    -9.000   125.6    -9.0    -9.0
    11     7     1   112    4    26.8    -9.0    -9.0     5.097    -9.000    -9.000   125.5    -9.0    -9.0
    12     7     1   113    4    21.1    -9.0    -9.0     5.101    -9.000    -9.000   125.3    -9.0    -9.0
    13     7     1   114    4    14.4    -9.0    -9.0     5.103    -9.000    -9.000   125.2    -9.0    -9.0
    14     7     1   115    4     6.4    -9.0    -9.0     5.103    -9.000    -9.000   125.2    -9.0    -9.0
    15     7     1   116    4     0.0    -9.0    -9.0     5.103    -9.000    -9.000   125.1    -9.0    -9.0
    16     7     1   117   -9     0.0    -9.0    -9.0     5.103    -9.000    -9.000   125.1    -9.0    -9.0
    17     7     1   118   -9     0.0    -9.0    -9.0     5.103    -9.000    -9.000   125.1    -9.0    -9.0
    18     7     1   119   -9     0.0    -9.0    -9.0     5.103    -9.000    -9.000   125.0    -9.0    -9.0
    19     7     1   120   -9     0.0    -9.0    -9.0     5.103     5.500     0.500   125.0   100.0    10.0
    20     7     1   121   -9     0.0    -9.0    -9.0     5.103    -9.000    -9.000   125.0    -9.0    -9.0
    21     7     1   122   -9     0.0    -9.0    -9.0     5.103    -9.000    -9.000   124.9    -9.0    -9.0
    22     7     1   123   -9     0.0    -9.0    -9.0     5.103    -9.000    -9.000   124.9    -9.0    -9.0
    23     7     1   124   -9     0.0    -9.0    -9.0     5.103    -9.000    -9.000   124.9    -9.0    -9.0
    24     7     1   125   -9     0.0    -9.0    -9.0     5.103    -9.000    -9.000   124.8    -9.0    -9.0

Legend

DAP          : Days after planting
Stage        : 0: before/after planting
Stage        : 1: emergence or transplant recovery
Stage        : 2: vegetative stage
Stage        : 3: flowering
Stage        : 4: yield formation and ripening
CCsim        : simulated Green Canopy Cover
CCobs        : observed Green Canopy Cover (-9.0 = no field data)
CCstd        : standard deviation of observed Green Canopy Cover
Bsim         : simulated Cumulative biomass produced
Bobs         : observed Cumulative biomass produced  (-9.000 = no field data)
Bstd         : standard deviation of observed Cumulative biomass produced
SWCsim       : simulated Soil Water Content for specified soil depth
SWCobs       : observed Soil Water Content for specified soil depth (-9.0 = no field data)
SWCstd       : standard deviation of observed Soil Water Content for specified soil depth
