AquaCrop 5.0 (October 2015) - Output created on (date) : 23/10/2015   at (time) : 10:39:54
Climate input data

** Run number:  1
   Day Month  Year   DAP Stage     Rain       ETo      Tmin      Tavg      Tmax      CO2
                                    mm        mm        °C        °C        °C       ppm
    22     3     1     1    1       0.0       5.0      12.0      20.0      28.0    369.41
    23     3     1     2    1       0.0       5.0      12.0      20.0      28.0    369.41
    24     3     1     3    1       0.0       5.0      12.0      20.0      28.0    369.41
    25     3     1     4    1       0.0       5.0      12.0      20.0      28.0    369.41
    26     3     1     5    1       0.0       5.0      12.0      20.0      28.0    369.41
    27     3     1     6    2       0.0       5.0      12.0      20.0      28.0    369.41
    28     3     1     7    2       0.0       5.0      12.0      20.0      28.0    369.41
    29     3     1     8    2       0.0       5.0      12.0      20.0      28.0    369.41
    30     3     1     9    2       0.0       5.0      12.0      20.0      28.0    369.41
    31     3     1    10    2       0.0       5.0      12.0      20.0      28.0    369.41
     1     4     1    11    2       0.0       5.0      12.0      20.0      28.0    369.41
     2     4     1    12    2       0.0       5.0      12.0      20.0      28.0    369.41
     3     4     1    13    2       0.0       5.0      12.0      20.0      28.0    369.41
     4     4     1    14    2       0.0       5.0      12.0      20.0      28.0    369.41
     5     4     1    15    2       0.0       5.0      12.0      20.0      28.0    369.41
     6     4     1    16    2       0.0       5.0      12.0      20.0      28.0    369.41
     7     4     1    17    2       0.0       5.0      12.0      20.0      28.0    369.41
     8     4     1    18    2       0.0       5.0      12.0      20.0      28.0    369.41
     9     4     1    19    2       0.0       5.0      12.0      20.0      28.0    369.41
    10     4     1    20    2       0.0       5.0      12.0      20.0      28.0    369.41
    11     4     1    21    2       0.0       5.0      12.0      20.0      28.0    369.41
    12     4     1    22    2       0.0       5.0      12.0      20.0      28.0    369.41
    13     4     1    23    2       0.0       5.0      12.0      20.0      28.0    369.41
    14     4     1    24    2       0.0       5.0      12.0      20.0      28.0    369.41
    15     4     1    25    2       0.0       5.0      12.0      20.0      28.0    369.41
    16     4     1    26    2       0.0       5.0      12.0      20.0      28.0    369.41
    17     4     1    27    2       0.0       5.0      12.0      20.0      28.0    369.41
    18     4     1    28    2       0.0       5.0      12.0      20.0      28.0    369.41
    19     4     1    29    2       0.0       5.0      12.0      20.0      28.0    369.41
    20     4     1    30    2       0.0       5.0      12.0      20.0      28.0    369.41
    21     4     1    31    2       0.0       5.0      12.0      20.0      28.0    369.41
    22     4     1    32    2       0.0       5.0      12.0      20.0      28.0    369.41
    23     4     1    33    2       0.0       5.0      12.0      20.0      28.0    369.41
    24     4     1    34    2       0.0       5.0      12.0      20.0      28.0    369.41
    25     4     1    35    2       0.0       5.0      12.0      20.0      28.0    369.41
    26     4     1    36    2       0.0       5.0      12.0      20.0      28.0    369.41
    27     4     1    37    2       0.0       5.0      12.0      20.0      28.0    369.41
    28     4     1    38    2       0.0       5.0      12.0      20.0      28.0    369.41
    29     4     1    39    2       0.0       5.0      12.0      20.0      28.0    369.41
    30     4     1    40    2       0.0       5.0      12.0      20.0      28.0    369.41
     1     5     1    41    2       0.0       5.0      12.0      20.0      28.0    369.41
     2     5     1    42    2       0.0       5.0      12.0      20.0      28.0    369.41
     3     5     1    43    2       0.0       5.0      12.0      20.0      28.0    369.41
     4     5     1    44    2       0.0       5.0      12.0      20.0      28.0    369.41
     5     5     1    45    2       0.0       5.0      12.0      20.0      28.0    369.41
     6     5     1    46    2       0.0       5.0      12.0      20.0      28.0    369.41
     7     5     1    47    2       0.0       5.0      12.0      20.0      28.0    369.41
     8     5     1    48    2       0.0       5.0      12.0      20.0      28.0    369.41
     9     5     1    49    2       0.0       5.0      12.0      20.0      28.0    369.41
    10     5     1    50    2       0.0       5.0      12.0      20.0      28.0    369.41
    11     5     1    51    2       0.0       5.0      12.0      20.0      28.0    369.41
    12     5     1    52    2       0.0       5.0      12.0      20.0      28.0    369.41
    13     5     1    53    2       0.0       5.0      12.0      20.0      28.0    369.41
    14     5     1    54    2       0.0       5.0      12.0      20.0      28.0    369.41
    15     5     1    55    2       0.0       5.0      12.0      20.0      28.0    369.41
    16     5     1    56    2       0.0       5.0      12.0      20.0      28.0    369.41
    17     5     1    57    2       0.0       5.0      12.0      20.0      28.0    369.41
    18     5     1    58    2       0.0       5.0      12.0      20.0      28.0    369.41
    19     5     1    59    2       0.0       5.0      12.0      20.0      28.0    369.41
    20     5     1    60    2       0.0       5.0      12.0      20.0      28.0    369.41
    21     5     1    61    2       0.0       5.0      12.0      20.0      28.0    369.41
    22     5     1    62    2       0.0       5.0      12.0      20.0      28.0    369.41
    23     5     1    63    2       0.0       5.0      12.0      20.0      28.0    369.41
    24     5     1    64    2       0.0       5.0      12.0      20.0      28.0    369.41
    25     5     1    65    2       0.0       5.0      12.0      20.0      28.0    369.41
    26     5     1    66    2       0.0       5.0      12.0      20.0      28.0    369.41
    27     5     1    67    2       0.0       5.0      12.0      20.0      28.0    369.41
    28     5     1    68    2       0.0       5.0      12.0      20.0      28.0    369.41
    29     5     1    69    2       0.0       5.0      12.0      20.0      28.0    369.41
    30     5     1    70    2       0.0       5.0      12.0      20.0      28.0    369.41
    31     5     1    71    3       0.0       5.0      12.0      20.0      28.0    369.41
     1     6     1    72    3       0.0       5.0      12.0      20.0      28.0    369.41
     2     6     1    73    3       0.0       5.0      12.0      20.0      28.0    369.41
     3     6     1    74    3       0.0       5.0      12.0      20.0      28.0    369.41
     4     6     1    75    3       0.0       5.0      12.0      20.0      28.0    369.41
     5     6     1    76    3       0.0       5.0      12.0      20.0      28.0    369.41
     6     6     1    77    3       0.0       5.0      12.0      20.0      28.0    369.41
     7     6     1    78    3       0.0       5.0      12.0      20.0      28.0    369.41
     8     6     1    79    3       0.0       5.0      12.0      20.0      28.0    369.41
     9     6     1    80    3       0.0       5.0      12.0      20.0      28.0    369.41
    10     6     1    81    4       0.0       5.0      12.0      20.0      28.0    369.41
    11     6     1    82    4       0.0       5.0      12.0      20.0      28.0    369.41
    12     6     1    83    4       0.0       5.0      12.0      20.0      28.0    369.41
    13     6     1    84    4       0.0       5.0      12.0      20.0      28.0    369.41
    14     6     1    85    4       0.0       5.0      12.0      20.0      28.0    369.41
    15     6     1    86    4       0.0       5.0      12.0      20.0      28.0    369.41
    16     6     1    87    4       0.0       5.0      12.0      20.0      28.0    369.41
    17     6     1    88    4       0.0       5.0      12.0      20.0      28.0    369.41
    18     6     1    89    4       0.0       5.0      12.0      20.0      28.0    369.41
    19     6     1    90    4       0.0       5.0      12.0      20.0      28.0    369.41
    20     6     1    91    4       0.0       5.0      12.0      20.0      28.0    369.41
    21     6     1    92    4       0.0       5.0      12.0      20.0      28.0    369.41
    22     6     1    93    4       0.0       5.0      12.0      20.0      28.0    369.41
    23     6     1    94    4       0.0       5.0      12.0      20.0      28.0    369.41
    24     6     1    95    4       0.0       5.0      12.0      20.0      28.0    369.41
    25     6     1    96    4       0.0       5.0      12.0      20.0      28.0    369.41
    26     6     1    97    4       0.0       5.0      12.0      20.0      28.0    369.41
    27     6     1    98    4       0.0       5.0      12.0      20.0      28.0    369.41
    28     6     1    99    4       0.0       5.0      12.0      20.0      28.0    369.41
    29     6     1   100    4       0.0       5.0      12.0      20.0      28.0    369.41
    30     6     1   101    4       0.0       5.0      12.0      20.0      28.0    369.41
     1     7     1   102    4       0.0       5.0      12.0      20.0      28.0    369.41
     2     7     1   103    4       0.0       5.0      12.0      20.0      28.0    369.41
     3     7     1   104    4       0.0       5.0      12.0      20.0      28.0    369.41
     4     7     1   105    4       0.0       5.0      12.0      20.0      28.0    369.41
     5     7     1   106    4       0.0       5.0      12.0      20.0      28.0    369.41
     6     7     1   107    4       0.0       5.0      12.0      20.0      28.0    369.41
     7     7     1   108    4       0.0       5.0      12.0      20.0      28.0    369.41
     8     7     1   109    4       0.0       5.0      12.0      20.0      28.0    369.41
     9     7     1   110    4       0.0       5.0      12.0      20.0      28.0    369.41
    10     7     1   111    4       0.0       5.0      12.0      20.0      28.0    369.41
    11     7     1   112    4       0.0       5.0      12.0      20.0      28.0    369.41
    12     7     1   113    4       0.0       5.0      12.0      20.0      28.0    369.41
    13     7     1   114    4       0.0       5.0      12.0      20.0      28.0    369.41
    14     7     1   115    4       0.0       5.0      12.0      20.0      28.0    369.41
    15     7     1   116    4       0.0       5.0      12.0      20.0      28.0    369.41
    16     7     1   117   -9       0.0       5.0      12.0      20.0      28.0    369.41
    17     7     1   118   -9       0.0       5.0      12.0      20.0      28.0    369.41
    18     7     1   119   -9       0.0       5.0      12.0      20.0      28.0    369.41
    19     7     1   120   -9       0.0       5.0      12.0      20.0      28.0    369.41
    20     7     1   121   -9       0.0       5.0      12.0      20.0      28.0    369.41
    21     7     1   122   -9       0.0       5.0      12.0      20.0      28.0    369.41
    22     7     1   123   -9       0.0       5.0      12.0      20.0      28.0    369.41
    23     7     1   124   -9       0.0       5.0      12.0      20.0      28.0    369.41
    24     7     1   125   -9       0.0       5.0      12.0      20.0      28.0    369.41

Legend

DAP          : Days after planting
Stage        : 0: before/after planting
Stage        : 1: emergence or transplant recovery
Stage        : 2: vegetative stage
Stage        : 3: flowering
Stage        : 4: yield formation and ripening
Rain         : Rainfall
ETo          : Reference evapotranspiration
Tmin         : Minimum air temperature
Tavg         : Average air temperature
Tmax         : Maximum air temperature
CO2          : atmospheric CO2 concentration
