AquaCrop 5.0 (October 2015) - Output created on (date) : 23/10/2015   at (time) : 10:39:54
Soil Water Content at various depths (at center of compartments)

** Run number:  1
                 at depth (m):      0.05        0.15        0.25        0.35        0.45        0.55        0.65        0.75        0.85        0.95        1.05        1.15
   Day Month  Year   DAP Stage   WC1(vol%)   WC2(vol%)   WC3(vol%)   WC4(vol%)   WC5(vol%)   WC6(vol%)   WC7(vol%)   WC8(vol%)   WC9(vol%)  WC10(vol%)  WC11(vol%)  WC12(vol%)
    22     3     1     1    1       25.6        30.0        30.0        30.0        30.0        30.0        30.0        30.0        30.0        30.0        30.0        30.0
    23     3     1     2    1       22.7        30.0        30.0        30.0        30.0        30.0        30.0        30.0        30.0        30.0        30.0        30.0
    24     3     1     3    1       20.5        30.0        30.0        30.0        30.0        30.0        30.0        30.0        30.0        30.0        30.0        30.0
    25     3     1     4    1       18.8        30.0        30.0        30.0        30.0        30.0        30.0        30.0        30.0        30.0        30.0        30.0
    26     3     1     5    1       17.3        30.0        30.0        30.0        30.0        30.0        30.0        30.0        30.0        30.0        30.0        30.0
    27     3     1     6    2       15.9        30.0        30.0        30.0        30.0        30.0        30.0        30.0        30.0        30.0        30.0        30.0
    28     3     1     7    2       14.7        30.0        30.0        30.0        30.0        30.0        30.0        30.0        30.0        30.0        30.0        30.0
    29     3     1     8    2       13.6        30.0        30.0        30.0        30.0        30.0        30.0        30.0        30.0        30.0        30.0        30.0
    30     3     1     9    2       12.6        30.0        30.0        30.0        30.0        30.0        30.0        30.0        30.0        30.0        30.0        30.0
    31     3     1    10    2       11.7        30.0        30.0        30.0        30.0        30.0        30.0        30.0        30.0        30.0        30.0        30.0
     1     4     1    11    2       10.8        30.0        30.0        30.0        30.0        30.0        30.0        30.0        30.0        30.0        30.0        30.0
     2     4     1    12    2       10.1        29.8        30.0        30.0        30.0        30.0        30.0        30.0        30.0        30.0        30.0        30.0
     3     4     1    13    2        9.5        29.5        30.0        30.0        30.0        30.0        30.0        30.0        30.0        30.0        30.0        30.0
     4     4     1    14    2        9.1        29.0        30.0        30.0        30.0        30.0        30.0        30.0        30.0        30.0        30.0        30.0
     5     4     1    15    2        8.7        28.5        30.0        30.0        30.0        30.0        30.0        30.0        30.0        30.0        30.0        30.0
     6     4     1    16    2        8.3        28.0        30.0        30.0        30.0        30.0        30.0        30.0        30.0        30.0        30.0        30.0
     7     4     1    17    2        7.9        27.3        30.0        30.0        30.0        30.0        30.0        30.0        30.0        30.0        30.0        30.0
     8     4     1    18    2        7.6        26.6        30.0        30.0        30.0        30.0        30.0        30.0        30.0        30.0        30.0        30.0
     9     4     1    19    2        7.3        25.7        30.0        30.0        30.0        30.0        30.0        30.0        30.0        30.0        30.0        30.0
    10     4     1    20    2        7.0        24.7        30.0        30.0        30.0        30.0        30.0        30.0        30.0        30.0        30.0        30.0
    11     4     1    21    2        6.8        23.5        30.0        30.0        30.0        30.0        30.0        30.0        30.0        30.0        30.0        30.0
    12     4     1    22    2        6.5        22.2        30.0        30.0        30.0        30.0        30.0        30.0        30.0        30.0        30.0        30.0
    13     4     1    23    2        6.3        20.8        30.0        30.0        30.0        30.0        30.0        30.0        30.0        30.0        30.0        30.0
    14     4     1    24    2        6.2        19.1        30.0        30.0        30.0        30.0        30.0        30.0        30.0        30.0        30.0        30.0
    15     4     1    25    2        6.0        17.1        30.0        30.0        30.0        30.0        30.0        30.0        30.0        30.0        30.0        30.0
    16     4     1    26    2        5.9        15.3        29.7        30.0        30.0        30.0        30.0        30.0        30.0        30.0        30.0        30.0
    17     4     1    27    2        5.8        13.6        29.0        30.0        30.0        30.0        30.0        30.0        30.0        30.0        30.0        30.0
    18     4     1    28    2        5.7        12.2        27.7        30.0        30.0        30.0        30.0        30.0        30.0        30.0        30.0        30.0
    19     4     1    29    2        5.7        11.2        26.1        29.7        30.0        30.0        30.0        30.0        30.0        30.0        30.0        30.0
    20     4     1    30    2        5.6        10.5        24.5        28.7        30.0        30.0        30.0        30.0        30.0        30.0        30.0        30.0
    21     4     1    31    2        5.6        10.2        22.9        27.5        29.7        30.0        30.0        30.0        30.0        30.0        30.0        30.0
    22     4     1    32    2        5.5        10.1        21.2        26.2        29.1        30.0        30.0        30.0        30.0        30.0        30.0        30.0
    23     4     1    33    2        5.5        10.0        19.6        25.0        28.3        30.0        30.0        30.0        30.0        30.0        30.0        30.0
    24     4     1    34    2        5.5        10.0        17.9        23.7        27.6        30.0        30.0        30.0        30.0        30.0        30.0        30.0
    25     4     1    35    2        5.4        10.0        16.3        22.4        27.1        30.0        30.0        30.0        30.0        30.0        30.0        30.0
    26     4     1    36    2        5.4        10.0        14.8        21.1        26.5        30.0        30.0        30.0        30.0        30.0        30.0        30.0
    27     4     1    37    2        5.4        10.0        13.4        19.8        26.0        30.0        30.0        30.0        30.0        30.0        30.0        30.0
    28     4     1    38    2        5.4        10.0        12.2        18.5        25.5        30.0        30.0        30.0        30.0        30.0        30.0        30.0
    29     4     1    39    2        5.3        10.0        11.3        17.2        24.8        30.0        30.0        30.0        30.0        30.0        30.0        30.0
    30     4     1    40    2        5.3        10.0        10.7        15.9        23.9        30.0        30.0        30.0        30.0        30.0        30.0        30.0
     1     5     1    41    2        5.3        10.0        10.4        14.7        22.9        29.9        30.0        30.0        30.0        30.0        30.0        30.0
     2     5     1    42    2        5.3        10.0        10.2        13.6        21.9        29.7        30.0        30.0        30.0        30.0        30.0        30.0
     3     5     1    43    2        5.3        10.0        10.1        12.6        20.8        29.3        30.0        30.0        30.0        30.0        30.0        30.0
     4     5     1    44    2        5.3        10.0        10.0        11.8        19.8        28.9        30.0        30.0        30.0        30.0        30.0        30.0
     5     5     1    45    2        5.2        10.0        10.0        11.2        18.7        28.3        30.0        30.0        30.0        30.0        30.0        30.0
     6     5     1    46    2        5.2        10.0        10.0        10.7        17.6        27.7        30.0        30.0        30.0        30.0        30.0        30.0
     7     5     1    47    2        5.2        10.0        10.0        10.4        16.6        26.9        30.0        30.0        30.0        30.0        30.0        30.0
     8     5     1    48    2        5.2        10.0        10.0        10.2        15.6        26.1        29.9        30.0        30.0        30.0        30.0        30.0
     9     5     1    49    2        5.2        10.0        10.0        10.1        14.6        25.3        29.7        30.0        30.0        30.0        30.0        30.0
    10     5     1    50    2        5.2        10.0        10.0        10.1        13.7        24.5        29.6        30.0        30.0        30.0        30.0        30.0
    11     5     1    51    2        5.1        10.0        10.0        10.0        12.9        23.7        29.4        30.0        30.0        30.0        30.0        30.0
    12     5     1    52    2        5.1        10.0        10.0        10.0        12.1        22.8        29.1        30.0        30.0        30.0        30.0        30.0
    13     5     1    53    2        5.1        10.0        10.0        10.0        11.6        22.0        28.8        30.0        30.0        30.0        30.0        30.0
    14     5     1    54    2        5.1        10.0        10.0        10.0        11.1        21.1        28.4        30.0        30.0        30.0        30.0        30.0
    15     5     1    55    2        5.1        10.0        10.0        10.0        10.7        20.2        27.9        30.0        30.0        30.0        30.0        30.0
    16     5     1    56    2        5.0        10.0        10.0        10.0        10.5        19.3        27.4        30.0        30.0        30.0        30.0        30.0
    17     5     1    57    2        5.0        10.0        10.0        10.0        10.3        18.4        26.9        30.0        30.0        30.0        30.0        30.0
    18     5     1    58    2        5.0        10.0        10.0        10.0        10.2        17.5        26.3        30.0        30.0        30.0        30.0        30.0
    19     5     1    59    2        5.0        10.0        10.0        10.0        10.1        16.6        25.8        30.0        30.0        30.0        30.0        30.0
    20     5     1    60    2        5.0        10.0        10.0        10.0        10.1        15.7        25.2        30.0        30.0        30.0        30.0        30.0
    21     5     1    61    2        5.0        10.0        10.0        10.0        10.0        14.9        24.5        30.0        30.0        30.0        30.0        30.0
    22     5     1    62    2        5.0         9.9        10.0        10.0        10.0        14.1        23.9        30.0        30.0        30.0        30.0        30.0
    23     5     1    63    2        5.0         9.9        10.0        10.0        10.0        13.3        23.2        30.0        30.0        30.0        30.0        30.0
    24     5     1    64    2        5.0         9.9        10.0        10.0        10.0        12.7        22.5        30.0        30.0        30.0        30.0        30.0
    25     5     1    65    2        5.0         9.9        10.0        10.0        10.0        12.1        21.8        29.9        30.0        30.0        30.0        30.0
    26     5     1    66    2        5.0         9.9        10.0        10.0        10.0        11.6        21.1        29.8        30.0        30.0        30.0        30.0
    27     5     1    67    2        5.0         9.9        10.0        10.0        10.0        11.1        20.3        29.7        30.0        30.0        30.0        30.0
    28     5     1    68    2        5.0         9.8        10.0        10.0        10.0        10.8        19.6        29.5        30.0        30.0        30.0        30.0
    29     5     1    69    2        5.0         9.8        10.0        10.0        10.0        10.6        18.8        29.2        30.0        30.0        30.0        30.0
    30     5     1    70    2        5.0         9.8        10.0        10.0        10.0        10.4        18.0        28.9        30.0        30.0        30.0        30.0
    31     5     1    71    3        5.0         9.8        10.0        10.0        10.0        10.3        17.3        28.5        30.0        30.0        30.0        30.0
     1     6     1    72    3        5.0         9.8        10.0        10.0        10.0        10.2        16.5        28.2        30.0        30.0        30.0        30.0
     2     6     1    73    3        5.0         9.8        10.0        10.0        10.0        10.1        15.8        27.8        30.0        30.0        30.0        30.0
     3     6     1    74    3        5.0         9.7        10.0        10.0        10.0        10.1        15.0        27.3        30.0        30.0        30.0        30.0
     4     6     1    75    3        5.0         9.7        10.0        10.0        10.0        10.0        14.3        26.9        30.0        30.0        30.0        30.0
     5     6     1    76    3        5.0         9.7        10.0        10.0        10.0        10.0        13.7        26.4        30.0        30.0        30.0        30.0
     6     6     1    77    3        5.0         9.7        10.0        10.0        10.0        10.0        13.1        25.9        30.0        30.0        30.0        30.0
     7     6     1    78    3        5.0         9.7        10.0        10.0        10.0        10.0        12.5        25.4        30.0        30.0        30.0        30.0
     8     6     1    79    3        5.0         9.7        10.0        10.0        10.0        10.0        12.0        24.7        30.0        30.0        30.0        30.0
     9     6     1    80    3        5.0         9.6        10.0        10.0        10.0        10.0        11.6        24.1        30.0        30.0        30.0        30.0
    10     6     1    81    4        5.0         9.6        10.0        10.0        10.0        10.0        11.2        23.5        29.9        30.0        30.0        30.0
    11     6     1    82    4        5.0         9.6        10.0        10.0        10.0        10.0        10.9        22.9        29.8        30.0        30.0        30.0
    12     6     1    83    4        5.0         9.6        10.0        10.0        10.0        10.0        10.7        22.2        29.6        30.0        30.0        30.0
    13     6     1    84    4        5.0         9.6        10.0        10.0        10.0        10.0        10.5        21.5        29.4        30.0        30.0        30.0
    14     6     1    85    4        5.0         9.6        10.0        10.0        10.0        10.0        10.4        20.9        29.3        30.0        30.0        30.0
    15     6     1    86    4        5.0         9.5        10.0        10.0        10.0        10.0        10.3        20.2        29.0        30.0        30.0        30.0
    16     6     1    87    4        5.0         9.5        10.0        10.0        10.0        10.0        10.2        19.5        28.8        30.0        30.0        30.0
    17     6     1    88    4        5.0         9.5        10.0        10.0        10.0        10.0        10.1        18.8        28.6        30.0        30.0        30.0
    18     6     1    89    4        5.0         9.5        10.0        10.0        10.0        10.0        10.1        18.1        28.4        30.0        30.0        30.0
    19     6     1    90    4        5.0         9.5        10.0        10.0        10.0        10.0        10.1        17.4        28.2        30.0        30.0        30.0
    20     6     1    91    4        5.0         9.5        10.0        10.0        10.0        10.0        10.0        16.7        28.0        30.0        30.0        30.0
    21     6     1    92    4        5.0         9.4        10.0        10.0        10.0        10.0        10.0        16.0        27.8        30.0        30.0        30.0
    22     6     1    93    4        5.0         9.4        10.0        10.0        10.0        10.0        10.0        15.4        27.5        30.0        30.0        30.0
    23     6     1    94    4        5.0         9.4        10.0        10.0        10.0        10.0        10.0        14.7        27.3        30.0        30.0        30.0
    24     6     1    95    4        5.0         9.4        10.0        10.0        10.0        10.0        10.0        14.1        27.1        30.0        30.0        30.0
    25     6     1    96    4        5.0         9.4        10.0        10.0        10.0        10.0        10.0        13.5        26.8        30.0        30.0        30.0
    26     6     1    97    4        5.0         9.4        10.0        10.0        10.0        10.0        10.0        13.0        26.5        30.0        30.0        30.0
    27     6     1    98    4        5.0         9.3        10.0        10.0        10.0        10.0        10.0        12.5        26.2        30.0        30.0        30.0
    28     6     1    99    4        5.0         9.3        10.0        10.0        10.0        10.0        10.0        12.0        25.8        30.0        30.0        30.0
    29     6     1   100    4        5.0         9.3        10.0        10.0        10.0        10.0        10.0        11.7        25.4        30.0        30.0        30.0
    30     6     1   101    4        5.0         9.3        10.0        10.0        10.0        10.0        10.0        11.3        25.0        30.0        30.0        30.0
     1     7     1   102    4        5.0         9.3        10.0        10.0        10.0        10.0        10.0        11.0        24.6        30.0        30.0        30.0
     2     7     1   103    4        5.0         9.3        10.0        10.0        10.0        10.0        10.0        10.8        24.2        30.0        30.0        30.0
     3     7     1   104    4        5.0         9.2        10.0        10.0        10.0        10.0        10.0        10.6        23.8        30.0        30.0        30.0
     4     7     1   105    4        5.0         9.2        10.0        10.0        10.0        10.0        10.0        10.5        23.3        30.0        30.0        30.0
     5     7     1   106    4        5.0         9.2        10.0        10.0        10.0        10.0        10.0        10.4        22.9        30.0        30.0        30.0
     6     7     1   107    4        5.0         9.2        10.0        10.0        10.0        10.0        10.0        10.3        22.6        30.0        30.0        30.0
     7     7     1   108    4        5.0         9.2        10.0        10.0        10.0        10.0        10.0        10.2        22.2        30.0        30.0        30.0
     8     7     1   109    4        5.0         9.1        10.0        10.0        10.0        10.0        10.0        10.2        21.9        30.0        30.0        30.0
     9     7     1   110    4        5.0         9.1        10.0        10.0        10.0        10.0        10.0        10.1        21.7        30.0        30.0        30.0
    10     7     1   111    4        5.0         9.1        10.0        10.0        10.0        10.0        10.0        10.1        21.5        30.0        30.0        30.0
    11     7     1   112    4        5.0         9.0        10.0        10.0        10.0        10.0        10.0        10.1        21.3        30.0        30.0        30.0
    12     7     1   113    4        5.0         9.0        10.0        10.0        10.0        10.0        10.0        10.0        21.2        30.0        30.0        30.0
    13     7     1   114    4        5.0         9.0        10.0        10.0        10.0        10.0        10.0        10.0        21.2        30.0        30.0        30.0
    14     7     1   115    4        5.0         8.9        10.0        10.0        10.0        10.0        10.0        10.0        21.2        30.0        30.0        30.0
    15     7     1   116    4        5.0         8.9        10.0        10.0        10.0        10.0        10.0        10.0        21.2        30.0        30.0        30.0
    16     7     1   117   -9        5.0         8.9        10.0        10.0        10.0        10.0        10.0        10.0        21.2        30.0        30.0        30.0
    17     7     1   118   -9        5.0         8.8        10.0        10.0        10.0        10.0        10.0        10.0        21.2        30.0        30.0        30.0
    18     7     1   119   -9        5.0         8.8        10.0        10.0        10.0        10.0        10.0        10.0        21.2        30.0        30.0        30.0
    19     7     1   120   -9        5.0         8.8        10.0        10.0        10.0        10.0        10.0        10.0        21.2        30.0        30.0        30.0
    20     7     1   121   -9        5.0         8.7        10.0        10.0        10.0        10.0        10.0        10.0        21.2        30.0        30.0        30.0
    21     7     1   122   -9        5.0         8.7        10.0        10.0        10.0        10.0        10.0        10.0        21.2        30.0        30.0        30.0
    22     7     1   123   -9        5.0         8.7        10.0        10.0        10.0        10.0        10.0        10.0        21.2        30.0        30.0        30.0
    23     7     1   124   -9        5.0         8.6        10.0        10.0        10.0        10.0        10.0        10.0        21.2        30.0        30.0        30.0
    24     7     1   125   -9        5.0         8.6        10.0        10.0        10.0        10.0        10.0        10.0        21.2        30.0        30.0        30.0

Legend

DAP          : Days after planting
Stage        : 0: before/after planting
Stage        : 1: emergence or transplant recovery
Stage        : 2: vegetative stage
Stage        : 3: flowering
Stage        : 4: yield formation and ripening
