AquaCrop 5.0 (October 2015) - Output created on (date) : 23/10/2015   at (time) : 10:39:54
Soil Water content in soil profile and root zone

** Run number:  1   -- Water content in soil profile (WCTot layer: 0.00 - 1.20 m) and root zone (Wr with Zrx = 1.00 m)
   Day Month  Year   DAP Stage     WCTot   Wr(Zx)      Z       Wr    Wr(SAT)    Wr(FC)   Wr(exp)   Wr(sto)   Wr(sen)   Wr(PWP)
                                     mm       mm       m       mm        mm        mm        mm        mm        mm        mm
    22     3     1     1    1     355.6    295.6    0.30     85.6     150.0      90.0      75.0      60.0      39.0      30.0
    23     3     1     2    1     352.7    292.7    0.30     82.7     150.0      90.0      75.0      60.0      39.0      30.0
    24     3     1     3    1     350.5    290.5    0.30     80.5     150.0      90.0      75.0      60.0      39.0      30.0
    25     3     1     4    1     348.8    288.8    0.30     78.8     150.0      90.0      75.0      60.0      39.0      30.0
    26     3     1     5    1     347.3    287.3    0.30     77.3     150.0      90.0      75.0      60.0      39.0      30.0
    27     3     1     6    2     345.9    285.9    0.30     77.0     151.8      91.1      75.9      60.7      39.5      30.4
    28     3     1     7    2     344.7    284.7    0.32     80.3     159.3      95.6      79.7      63.7      41.4      31.9
    29     3     1     8    2     343.6    283.6    0.33     83.4     166.4      99.8      83.2      66.5      43.3      33.3
    30     3     1     9    2     342.6    282.6    0.35     86.4     173.0     103.8      86.5      69.2      45.0      34.6
    31     3     1    10    2     341.7    281.7    0.36     89.3     179.3     107.6      89.7      71.7      46.6      35.9
     1     4     1    11    2     340.8    280.8    0.37     92.0     185.4     111.2      92.7      74.2      48.2      37.1
     2     4     1    12    2     339.9    279.9    0.38     94.6     191.3     114.8      95.6      76.5      49.7      38.3
     3     4     1    13    2     339.0    279.0    0.39     97.2     196.9     118.1      98.5      78.8      51.2      39.4
     4     4     1    14    2     338.1    278.1    0.40     99.6     202.4     121.4     101.2      81.0      52.6      40.5
     5     4     1    15    2     337.2    277.2    0.42    101.9     207.7     124.6     103.9      83.1      54.0      41.5
     6     4     1    16    2     336.3    276.3    0.43    104.0     212.9     127.8     106.5      85.2      55.4      42.6
     7     4     1    17    2     335.3    275.3    0.44    106.1     218.0     130.8     109.0      87.2      56.7      43.6
     8     4     1    18    2     334.2    274.2    0.45    108.0     223.0     133.8     111.5      89.2      58.0      44.6
     9     4     1    19    2     333.0    273.0    0.46    109.7     227.9     136.7     113.9      91.1      59.2      45.6
    10     4     1    20    2     331.7    271.7    0.47    111.3     232.6     139.6     116.3      93.1      60.5      46.5
    11     4     1    21    2     330.3    270.3    0.47    112.7     237.3     142.4     118.7      94.9      61.7      47.5
    12     4     1    22    2     328.8    268.8    0.48    113.9     241.9     145.2     121.0      96.8      62.9      48.4
    13     4     1    23    2     327.1    267.1    0.49    115.0     246.4     147.9     123.2      98.6      64.1      49.3
    14     4     1    24    2     325.2    265.2    0.50    115.8     250.9     150.5     125.5     100.4      65.2      50.2
    15     4     1    25    2     323.2    263.2    0.51    116.3     255.3     153.2     127.6     102.1      66.4      51.1
    16     4     1    26    2     320.9    260.9    0.52    116.7     259.6     155.8     129.8     103.8      67.5      51.9
    17     4     1    27    2     318.4    258.4    0.53    116.7     263.9     158.3     131.9     105.6      68.6      52.8
    18     4     1    28    2     315.6    255.6    0.54    116.5     268.1     160.9     134.0     107.2      69.7      53.6
    19     4     1    29    2     312.6    252.6    0.54    115.9     272.2     163.3     136.1     108.9      70.8      54.4
    20     4     1    30    2     309.3    249.3    0.55    115.1     276.4     165.8     138.2     110.5      71.9      55.3
    21     4     1    31    2     305.8    245.8    0.56    114.0     280.4     168.2     140.2     112.2      72.9      56.1
    22     4     1    32    2     302.2    242.2    0.57    112.8     284.4     170.6     142.2     113.8      73.9      56.9
    23     4     1    33    2     298.4    238.4    0.58    111.4     288.4     173.0     144.2     115.4      75.0      57.7
    24     4     1    34    2     294.7    234.7    0.58    110.1     292.3     175.4     146.2     116.9      76.0      58.5
    25     4     1    35    2     291.2    231.2    0.59    108.9     296.2     177.7     148.1     118.5      77.0      59.2
    26     4     1    36    2     287.9    227.9    0.60    107.9     300.0     180.0     150.0     120.0      78.0      60.0
    27     4     1    37    2     284.7    224.7    0.61    107.0     303.8     182.3     151.9     121.5      79.0      60.8
    28     4     1    38    2     281.6    221.6    0.62    106.1     307.6     184.5     153.8     123.0      80.0      61.5
    29     4     1    39    2     278.7    218.7    0.62    105.4     311.3     186.8     155.6     124.5      80.9      62.3
    30     4     1    40    2     275.9    215.9    0.63    104.9     314.9     189.0     157.5     126.0      81.9      63.0
     1     5     1    41    2     273.2    213.2    0.64    104.3     318.6     191.1     159.3     127.4      82.8      63.7
     2     5     1    42    2     270.6    210.6    0.64    103.9     322.1     193.3     161.1     128.9      83.8      64.4
     3     5     1    43    2     268.2    208.2    0.65    103.6     325.7     195.4     162.8     130.3      84.7      65.1
     4     5     1    44    2     265.8    205.8    0.66    103.3     329.2     197.5     164.6     131.7      85.6      65.8
     5     5     1    45    2     263.5    203.5    0.67    103.1     332.7     199.6     166.3     133.1      86.5      66.5
     6     5     1    46    2     261.2    201.2    0.67    102.9     336.1     201.7     168.0     134.4      87.4      67.2
     7     5     1    47    2     259.1    199.1    0.68    102.8     339.5     203.7     169.7     135.8      88.3      67.9
     8     5     1    48    2     257.0    197.0    0.69    102.7     342.8     205.7     171.4     137.1      89.1      68.6
     9     5     1    49    2     255.0    195.0    0.69    102.7     346.1     207.7     173.1     138.5      90.0      69.2
    10     5     1    50    2     253.0    193.0    0.70    102.7     349.4     209.6     174.7     139.8      90.8      69.9
    11     5     1    51    2     251.1    191.1    0.71    102.7     352.6     211.6     176.3     141.1      91.7      70.5
    12     5     1    52    2     249.2    189.2    0.71    102.7     355.8     213.5     177.9     142.3      92.5      71.2
    13     5     1    53    2     247.4    187.4    0.72    102.8     359.0     215.4     179.5     143.6      93.3      71.8
    14     5     1    54    2     245.7    185.7    0.72    102.9     362.1     217.3     181.1     144.8      94.2      72.4
    15     5     1    55    2     243.9    183.9    0.73    103.1     365.2     219.1     182.6     146.1      95.0      73.0
    16     5     1    56    2     242.3    182.3    0.74    103.2     368.3     221.0     184.1     147.3      95.7      73.7
    17     5     1    57    2     240.6    180.6    0.74    103.4     371.3     222.8     185.6     148.5      96.5      74.3
    18     5     1    58    2     239.0    179.0    0.75    103.6     374.3     224.6     187.1     149.7      97.3      74.9
    19     5     1    59    2     237.5    177.5    0.75    103.8     377.2     226.3     188.6     150.9      98.1      75.4
    20     5     1    60    2     235.9    175.9    0.76    104.0     380.1     228.1     190.1     152.1      98.8      76.0
    21     5     1    61    2     234.4    174.4    0.77    104.2     383.0     229.8     191.5     153.2      99.6      76.6
    22     5     1    62    2     232.9    172.9    0.77    104.5     385.9     231.5     192.9     154.4     100.3      77.2
    23     5     1    63    2     231.5    171.5    0.78    104.7     388.7     233.2     194.4     155.5     101.1      77.7
    24     5     1    64    2     230.1    170.1    0.78    105.0     391.5     234.9     195.8     156.6     101.8      78.3
    25     5     1    65    2     228.7    168.7    0.79    105.3     394.3     236.6     197.1     157.7     102.5      78.9
    26     5     1    66    2     227.3    167.3    0.79    105.6     397.0     238.2     198.5     158.8     103.2      79.4
    27     5     1    67    2     226.0    166.0    0.80    105.8     399.7     239.8     199.9     159.9     103.9      79.9
    28     5     1    68    2     224.7    164.7    0.80    106.1     402.4     241.5     201.2     161.0     104.6      80.5
    29     5     1    69    2     223.4    163.4    0.81    106.4     405.1     243.0     202.5     162.0     105.3      81.0
    30     5     1    70    2     222.1    162.1    0.82    106.7     407.7     244.6     203.9     163.1     106.0      81.5
    31     5     1    71    3     220.8    160.8    0.82    107.0     410.3     246.2     205.2     164.1     106.7      82.1
     1     6     1    72    3     219.6    159.6    0.83    107.3     412.9     247.7     206.4     165.2     107.4      82.6
     2     6     1    73    3     218.4    158.4    0.83    107.7     415.4     249.3     207.7     166.2     108.0      83.1
     3     6     1    74    3     217.2    157.2    0.84    108.0     418.0     250.8     209.0     167.2     108.7      83.6
     4     6     1    75    3     216.0    156.0    0.84    108.3     420.5     252.3     210.2     168.2     109.3      84.1
     5     6     1    76    3     214.8    154.8    0.85    108.6     423.0     253.8     211.5     169.2     110.0      84.6
     6     6     1    77    3     213.7    153.7    0.85    108.9     425.4     255.3     212.7     170.2     128.0      85.1
     7     6     1    78    3     212.6    152.6    0.86    109.3     427.9     256.7     213.9     171.1     128.7      85.6
     8     6     1    79    3     211.4    151.4    0.86    109.6     430.3     258.2     215.1     172.1     129.4      86.1
     9     6     1    80    3     210.3    150.3    0.87    110.0     432.7     259.6     216.3     173.1     130.1      86.5
    10     6     1    81    4     209.3    149.3    0.87    110.3     435.0     261.0     217.5     174.0     130.9      87.0
    11     6     1    82    4     208.2    148.2    0.87    110.7     437.4     262.4     218.7     175.0     131.6      87.5
    12     6     1    83    4     207.1    147.1    0.88    111.0     439.7     263.8     219.9     175.9     132.3      87.9
    13     6     1    84    4     206.1    146.1    0.88    111.4     442.0     265.2     221.0     176.8     133.0      88.4
    14     6     1    85    4     205.0    145.0    0.89    111.7     444.3     266.6     222.2     177.7     133.7      88.9
    15     6     1    86    4     204.0    144.0    0.89    112.1     446.6     268.0     223.3     178.6     134.3      89.3
    16     6     1    87    4     203.0    143.0    0.90    112.4     448.9     269.3     224.4     179.6     135.0      89.8
    17     6     1    88    4     202.1    142.1    0.90    112.7     451.1     270.7     225.6     180.4     135.7      90.2
    18     6     1    89    4     201.1    141.1    0.91    113.1     453.3     272.0     226.7     181.3     136.4      90.7
    19     6     1    90    4     200.1    140.1    0.91    113.5     455.5     273.3     227.8     182.2     137.0      91.1
    20     6     1    91    4     199.2    139.2    0.92    113.8     457.7     274.6     228.9     183.1     137.7      91.5
    21     6     1    92    4     198.3    138.3    0.92    114.2     459.9     275.9     230.0     184.0     138.3      92.0
    22     6     1    93    4     197.4    137.4    0.92    114.6     462.1     277.2     231.0     184.8     139.0      92.4
    23     6     1    94    4     196.5    136.5    0.93    115.0     464.2     278.5     232.1     185.7     139.6      92.8
    24     6     1    95    4     195.6    135.6    0.93    115.4     466.3     279.8     233.2     186.5     140.3      93.3
    25     6     1    96    4     194.7    134.7    0.94    115.8     468.5     281.1     234.2     187.4     140.9      93.7
    26     6     1    97    4     193.9    133.9    0.94    116.2     470.6     282.3     235.3     188.2     141.5      94.1
    27     6     1    98    4     193.0    133.0    0.95    116.6     472.6     283.6     236.3     189.1     142.2      94.5
    28     6     1    99    4     192.2    132.2    0.95    117.0     474.7     284.8     237.4     189.9     142.8      94.9
    29     6     1   100    4     191.4    131.4    0.95    117.5     476.8     286.1     238.4     190.7     143.4      95.4
    30     6     1   101    4     190.6    130.6    0.95    116.7     476.8     286.1     238.4     190.7     143.4      95.4
     1     7     1   102    4     189.9    129.9    0.95    116.0     476.8     286.1     238.4     190.7     143.4      95.4
     2     7     1   103    4     189.2    129.2    0.95    115.3     476.8     286.1     238.4     190.7     143.4      95.4
     3     7     1   104    4     188.6    128.6    0.95    114.7     476.8     286.1     238.4     190.7     143.4      95.4
     4     7     1   105    4     188.0    128.0    0.95    114.1     476.8     286.1     238.4     190.7     143.4      95.4
     5     7     1   106    4     187.5    127.5    0.95    113.6     476.8     286.1     238.4     190.7     143.4      95.4
     6     7     1   107    4     187.0    127.0    0.95    113.1     476.8     286.1     238.4     190.7     143.4      95.4
     7     7     1   108    4     186.6    126.6    0.95    112.7     476.8     286.1     238.4     190.7     143.4      95.4
     8     7     1   109    4     186.2    126.2    0.95    112.3     476.8     286.1     238.4     190.7     143.4      95.4
     9     7     1   110    4     185.9    125.9    0.95    112.0     476.8     286.1     238.4     190.7     143.4      95.4
    10     7     1   111    4     185.6    125.6    0.95    111.7     476.8     286.1     238.4     190.7     143.4      95.4
    11     7     1   112    4     185.5    125.5    0.95    111.5     476.8     286.1     238.4     190.7     143.4      95.4
    12     7     1   113    4     185.3    125.3    0.95    111.4     476.8     286.1     238.4     190.7     143.4      95.4
    13     7     1   114    4     185.2    125.2    0.95    111.3     476.8     286.1     238.4     190.7     143.4      95.4
    14     7     1   115    4     185.2    125.2    0.95    111.3     476.8     286.1     238.4     190.7     143.4      95.4
    15     7     1   116    4     185.1    125.1    0.95    111.2     476.8     286.1     238.4     190.7     143.4      95.4
    16     7     1   117   -9     185.1    125.1    0.95    111.2     476.8     286.1     238.4     190.7     143.4      95.4
    17     7     1   118   -9     185.1    125.1    0.95    111.2     476.8     286.1     238.4     190.7     143.4      95.4
    18     7     1   119   -9     185.0    125.0    0.95    111.1     476.8     286.1     238.4     190.7     143.4      95.4
    19     7     1   120   -9     185.0    125.0    0.95    111.1     476.8     286.1     238.4     190.7     143.4      95.4
    20     7     1   121   -9     185.0    125.0    0.95    111.0     476.8     286.1     238.4     190.7     143.4      95.4
    21     7     1   122   -9     184.9    124.9    0.95    111.0     476.8     286.1     238.4     190.7     143.4      95.4
    22     7     1   123   -9     184.9    124.9    0.95    111.0     476.8     286.1     238.4     190.7     143.4      95.4
    23     7     1   124   -9     184.9    124.9    0.95    110.9     476.8     286.1     238.4     190.7     143.4      95.4
    24     7     1   125   -9     184.8    124.8    0.95    110.9     476.8     286.1     238.4     190.7     143.4      95.4

Legend

DAP          : Days after planting
Stage        : 0: before/after planting
Stage        : 1: emergence or transplant recovery
Stage        : 2: vegetative stage
Stage        : 3: flowering
Stage        : 4: yield formation and ripening
WCTot        : Water content in total soil profile (layer: 0.00 - 1.20 m)
Wr(Zx)       : Water content in maximum effective root zone (Zx = 1.00 m)
Z            : Effective rooting depth
Wr           : Water content in effective root zone
Wr(Sat)      : Water content in effective root zone if saturated
Wr(FC)       : Water content in effective root zone at field capacity
Wr(exp)      : Water content in effective root zone at upper threshold for leaf expansion
Wr(sto)      : Water content in effective root zone at upper threshold for stomatal closure
Wr(sen)      : Water content in effective root zone at upper threshold for early canopy senescence
Wr(PWP)      : Water content in effective root zone at permanent wilting point
