AquaCrop 5.0 (October 2015) - Output created on (date) : 23/10/2015   at (time) : 10:39:54
Soil salinity in soil profile and root zone

** Run number:  1   -- Salt balance for soil profile (Total layer: 0.00 - 1.20 m) and soil salinity in root zone (Z)
   Day Month  Year   DAP Stage   SaltIn    SaltOut   SaltUp    SaltTot    SaltZ     Z       ECe    ECsw   StSalt  Zgwt    ECgw
                                 ton/ha    ton/ha    ton/ha    ton/ha    ton/ha     m      dS/m    dS/m      %     m      dS/m
    22     3     1     1    1     0.000     0.000     0.000     0.000     0.000    0.30    0.00    0.00      0   -9.90   -9.00
    23     3     1     2    1     0.000     0.000     0.000     0.000     0.000    0.30    0.00    0.00      0   -9.90   -9.00
    24     3     1     3    1     0.000     0.000     0.000     0.000     0.000    0.30    0.00    0.00      0   -9.90   -9.00
    25     3     1     4    1     0.000     0.000     0.000     0.000     0.000    0.30    0.00    0.00      0   -9.90   -9.00
    26     3     1     5    1     0.000     0.000     0.000     0.000     0.000    0.30    0.00    0.00      0   -9.90   -9.00
    27     3     1     6    2     0.000     0.000     0.000     0.000     0.000    0.30    0.00    0.00      0   -9.90   -9.00
    28     3     1     7    2     0.000     0.000     0.000     0.000     0.000    0.32    0.00    0.00      0   -9.90   -9.00
    29     3     1     8    2     0.000     0.000     0.000     0.000     0.000    0.33    0.00    0.00      0   -9.90   -9.00
    30     3     1     9    2     0.000     0.000     0.000     0.000     0.000    0.35    0.00    0.00      0   -9.90   -9.00
    31     3     1    10    2     0.000     0.000     0.000     0.000     0.000    0.36    0.00    0.00      0   -9.90   -9.00
     1     4     1    11    2     0.000     0.000     0.000     0.000     0.000    0.37    0.00    0.00      0   -9.90   -9.00
     2     4     1    12    2     0.000     0.000     0.000     0.000     0.000    0.38    0.00    0.00      0   -9.90   -9.00
     3     4     1    13    2     0.000     0.000     0.000     0.000     0.000    0.39    0.00    0.00      0   -9.90   -9.00
     4     4     1    14    2     0.000     0.000     0.000     0.000     0.000    0.40    0.00    0.00      0   -9.90   -9.00
     5     4     1    15    2     0.000     0.000     0.000     0.000     0.000    0.42    0.00    0.00      0   -9.90   -9.00
     6     4     1    16    2     0.000     0.000     0.000     0.000     0.000    0.43    0.00    0.00      0   -9.90   -9.00
     7     4     1    17    2     0.000     0.000     0.000     0.000     0.000    0.44    0.00    0.00      0   -9.90   -9.00
     8     4     1    18    2     0.000     0.000     0.000     0.000     0.000    0.45    0.00    0.00      0   -9.90   -9.00
     9     4     1    19    2     0.000     0.000     0.000     0.000     0.000    0.46    0.00    0.00      0   -9.90   -9.00
    10     4     1    20    2     0.000     0.000     0.000     0.000     0.000    0.47    0.00    0.00      0   -9.90   -9.00
    11     4     1    21    2     0.000     0.000     0.000     0.000     0.000    0.47    0.00    0.00      0   -9.90   -9.00
    12     4     1    22    2     0.000     0.000     0.000     0.000     0.000    0.48    0.00    0.00      0   -9.90   -9.00
    13     4     1    23    2     0.000     0.000     0.000     0.000     0.000    0.49    0.00    0.00      0   -9.90   -9.00
    14     4     1    24    2     0.000     0.000     0.000     0.000     0.000    0.50    0.00    0.00      0   -9.90   -9.00
    15     4     1    25    2     0.000     0.000     0.000     0.000     0.000    0.51    0.00    0.00      0   -9.90   -9.00
    16     4     1    26    2     0.000     0.000     0.000     0.000     0.000    0.52    0.00    0.00      0   -9.90   -9.00
    17     4     1    27    2     0.000     0.000     0.000     0.000     0.000    0.53    0.00    0.00      0   -9.90   -9.00
    18     4     1    28    2     0.000     0.000     0.000     0.000     0.000    0.54    0.00    0.00      0   -9.90   -9.00
    19     4     1    29    2     0.000     0.000     0.000     0.000     0.000    0.54    0.00    0.00      0   -9.90   -9.00
    20     4     1    30    2     0.000     0.000     0.000     0.000     0.000    0.55    0.00    0.00      0   -9.90   -9.00
    21     4     1    31    2     0.000     0.000     0.000     0.000     0.000    0.56    0.00    0.00      0   -9.90   -9.00
    22     4     1    32    2     0.000     0.000     0.000     0.000     0.000    0.57    0.00    0.00      0   -9.90   -9.00
    23     4     1    33    2     0.000     0.000     0.000     0.000     0.000    0.58    0.00    0.00      0   -9.90   -9.00
    24     4     1    34    2     0.000     0.000     0.000     0.000     0.000    0.58    0.00    0.00      0   -9.90   -9.00
    25     4     1    35    2     0.000     0.000     0.000     0.000     0.000    0.59    0.00    0.00      0   -9.90   -9.00
    26     4     1    36    2     0.000     0.000     0.000     0.000     0.000    0.60    0.00    0.00      0   -9.90   -9.00
    27     4     1    37    2     0.000     0.000     0.000     0.000     0.000    0.61    0.00    0.00      0   -9.90   -9.00
    28     4     1    38    2     0.000     0.000     0.000     0.000     0.000    0.62    0.00    0.00      0   -9.90   -9.00
    29     4     1    39    2     0.000     0.000     0.000     0.000     0.000    0.62    0.00    0.00      0   -9.90   -9.00
    30     4     1    40    2     0.000     0.000     0.000     0.000     0.000    0.63    0.00    0.00      0   -9.90   -9.00
     1     5     1    41    2     0.000     0.000     0.000     0.000     0.000    0.64    0.00    0.00      0   -9.90   -9.00
     2     5     1    42    2     0.000     0.000     0.000     0.000     0.000    0.64    0.00    0.00      0   -9.90   -9.00
     3     5     1    43    2     0.000     0.000     0.000     0.000     0.000    0.65    0.00    0.00      0   -9.90   -9.00
     4     5     1    44    2     0.000     0.000     0.000     0.000     0.000    0.66    0.00    0.00      0   -9.90   -9.00
     5     5     1    45    2     0.000     0.000     0.000     0.000     0.000    0.67    0.00    0.00      0   -9.90   -9.00
     6     5     1    46    2     0.000     0.000     0.000     0.000     0.000    0.67    0.00    0.00      0   -9.90   -9.00
     7     5     1    47    2     0.000     0.000     0.000     0.000     0.000    0.68    0.00    0.00      0   -9.90   -9.00
     8     5     1    48    2     0.000     0.000     0.000     0.000     0.000    0.69    0.00    0.00      0   -9.90   -9.00
     9     5     1    49    2     0.000     0.000     0.000     0.000     0.000    0.69    0.00    0.00      0   -9.90   -9.00
    10     5     1    50    2     0.000     0.000     0.000     0.000     0.000    0.70    0.00    0.00      0   -9.90   -9.00
    11     5     1    51    2     0.000     0.000     0.000     0.000     0.000    0.71    0.00    0.00      0   -9.90   -9.00
    12     5     1    52    2     0.000     0.000     0.000     0.000     0.000    0.71    0.00    0.00      0   -9.90   -9.00
    13     5     1    53    2     0.000     0.000     0.000     0.000     0.000    0.72    0.00    0.00      0   -9.90   -9.00
    14     5     1    54    2     0.000     0.000     0.000     0.000     0.000    0.72    0.00    0.00      0   -9.90   -9.00
    15     5     1    55    2     0.000     0.000     0.000     0.000     0.000    0.73    0.00    0.00      0   -9.90   -9.00
    16     5     1    56    2     0.000     0.000     0.000     0.000     0.000    0.74    0.00    0.00      0   -9.90   -9.00
    17     5     1    57    2     0.000     0.000     0.000     0.000     0.000    0.74    0.00    0.00      0   -9.90   -9.00
    18     5     1    58    2     0.000     0.000     0.000     0.000     0.000    0.75    0.00    0.00      0   -9.90   -9.00
    19     5     1    59    2     0.000     0.000     0.000     0.000     0.000    0.75    0.00    0.00      0   -9.90   -9.00
    20     5     1    60    2     0.000     0.000     0.000     0.000     0.000    0.76    0.00    0.00      0   -9.90   -9.00
    21     5     1    61    2     0.000     0.000     0.000     0.000     0.000    0.77    0.00    0.00      0   -9.90   -9.00
    22     5     1    62    2     0.000     0.000     0.000     0.000     0.000    0.77    0.00    0.00      0   -9.90   -9.00
    23     5     1    63    2     0.000     0.000     0.000     0.000     0.000    0.78    0.00    0.00      0   -9.90   -9.00
    24     5     1    64    2     0.000     0.000     0.000     0.000     0.000    0.78    0.00    0.00      0   -9.90   -9.00
    25     5     1    65    2     0.000     0.000     0.000     0.000     0.000    0.79    0.00    0.00      0   -9.90   -9.00
    26     5     1    66    2     0.000     0.000     0.000     0.000     0.000    0.79    0.00    0.00      0   -9.90   -9.00
    27     5     1    67    2     0.000     0.000     0.000     0.000     0.000    0.80    0.00    0.00      0   -9.90   -9.00
    28     5     1    68    2     0.000     0.000     0.000     0.000     0.000    0.80    0.00    0.00      0   -9.90   -9.00
    29     5     1    69    2     0.000     0.000     0.000     0.000     0.000    0.81    0.00    0.00      0   -9.90   -9.00
    30     5     1    70    2     0.000     0.000     0.000     0.000     0.000    0.82    0.00    0.00      0   -9.90   -9.00
    31     5     1    71    3     0.000     0.000     0.000     0.000     0.000    0.82    0.00    0.00      0   -9.90   -9.00
     1     6     1    72    3     0.000     0.000     0.000     0.000     0.000    0.83    0.00    0.00      0   -9.90   -9.00
     2     6     1    73    3     0.000     0.000     0.000     0.000     0.000    0.83    0.00    0.00      0   -9.90   -9.00
     3     6     1    74    3     0.000     0.000     0.000     0.000     0.000    0.84    0.00    0.00      0   -9.90   -9.00
     4     6     1    75    3     0.000     0.000     0.000     0.000     0.000    0.84    0.00    0.00      0   -9.90   -9.00
     5     6     1    76    3     0.000     0.000     0.000     0.000     0.000    0.85    0.00    0.00      0   -9.90   -9.00
     6     6     1    77    3     0.000     0.000     0.000     0.000     0.000    0.85    0.00    0.00      0   -9.90   -9.00
     7     6     1    78    3     0.000     0.000     0.000     0.000     0.000    0.86    0.00    0.00      0   -9.90   -9.00
     8     6     1    79    3     0.000     0.000     0.000     0.000     0.000    0.86    0.00    0.00      0   -9.90   -9.00
     9     6     1    80    3     0.000     0.000     0.000     0.000     0.000    0.87    0.00    0.00      0   -9.90   -9.00
    10     6     1    81    4     0.000     0.000     0.000     0.000     0.000    0.87    0.00    0.00      0   -9.90   -9.00
    11     6     1    82    4     0.000     0.000     0.000     0.000     0.000    0.87    0.00    0.00      0   -9.90   -9.00
    12     6     1    83    4     0.000     0.000     0.000     0.000     0.000    0.88    0.00    0.00      0   -9.90   -9.00
    13     6     1    84    4     0.000     0.000     0.000     0.000     0.000    0.88    0.00    0.00      0   -9.90   -9.00
    14     6     1    85    4     0.000     0.000     0.000     0.000     0.000    0.89    0.00    0.00      0   -9.90   -9.00
    15     6     1    86    4     0.000     0.000     0.000     0.000     0.000    0.89    0.00    0.00      0   -9.90   -9.00
    16     6     1    87    4     0.000     0.000     0.000     0.000     0.000    0.90    0.00    0.00      0   -9.90   -9.00
    17     6     1    88    4     0.000     0.000     0.000     0.000     0.000    0.90    0.00    0.00      0   -9.90   -9.00
    18     6     1    89    4     0.000     0.000     0.000     0.000     0.000    0.91    0.00    0.00      0   -9.90   -9.00
    19     6     1    90    4     0.000     0.000     0.000     0.000     0.000    0.91    0.00    0.00      0   -9.90   -9.00
    20     6     1    91    4     0.000     0.000     0.000     0.000     0.000    0.92    0.00    0.00      0   -9.90   -9.00
    21     6     1    92    4     0.000     0.000     0.000     0.000     0.000    0.92    0.00    0.00      0   -9.90   -9.00
    22     6     1    93    4     0.000     0.000     0.000     0.000     0.000    0.92    0.00    0.00      0   -9.90   -9.00
    23     6     1    94    4     0.000     0.000     0.000     0.000     0.000    0.93    0.00    0.00      0   -9.90   -9.00
    24     6     1    95    4     0.000     0.000     0.000     0.000     0.000    0.93    0.00    0.00      0   -9.90   -9.00
    25     6     1    96    4     0.000     0.000     0.000     0.000     0.000    0.94    0.00    0.00      0   -9.90   -9.00
    26     6     1    97    4     0.000     0.000     0.000     0.000     0.000    0.94    0.00    0.00      0   -9.90   -9.00
    27     6     1    98    4     0.000     0.000     0.000     0.000     0.000    0.95    0.00    0.00      0   -9.90   -9.00
    28     6     1    99    4     0.000     0.000     0.000     0.000     0.000    0.95    0.00    0.00      0   -9.90   -9.00
    29     6     1   100    4     0.000     0.000     0.000     0.000     0.000    0.95    0.00    0.00      0   -9.90   -9.00
    30     6     1   101    4     0.000     0.000     0.000     0.000     0.000    0.95    0.00    0.00      0   -9.90   -9.00
     1     7     1   102    4     0.000     0.000     0.000     0.000     0.000    0.95    0.00    0.00      0   -9.90   -9.00
     2     7     1   103    4     0.000     0.000     0.000     0.000     0.000    0.95    0.00    0.00      0   -9.90   -9.00
     3     7     1   104    4     0.000     0.000     0.000     0.000     0.000    0.95    0.00    0.00      0   -9.90   -9.00
     4     7     1   105    4     0.000     0.000     0.000     0.000     0.000    0.95    0.00    0.00      0   -9.90   -9.00
     5     7     1   106    4     0.000     0.000     0.000     0.000     0.000    0.95    0.00    0.00      0   -9.90   -9.00
     6     7     1   107    4     0.000     0.000     0.000     0.000     0.000    0.95    0.00    0.00      0   -9.90   -9.00
     7     7     1   108    4     0.000     0.000     0.000     0.000     0.000    0.95    0.00    0.00      0   -9.90   -9.00
     8     7     1   109    4     0.000     0.000     0.000     0.000     0.000    0.95    0.00    0.00      0   -9.90   -9.00
     9     7     1   110    4     0.000     0.000     0.000     0.000     0.000    0.95    0.00    0.00      0   -9.90   -9.00
    10     7     1   111    4     0.000     0.000     0.000     0.000     0.000    0.95    0.00    0.00      0   -9.90   -9.00
    11     7     1   112    4     0.000     0.000     0.000     0.000     0.000    0.95    0.00    0.00      0   -9.90   -9.00
    12     7     1   113    4     0.000     0.000     0.000     0.000     0.000    0.95    0.00    0.00      0   -9.90   -9.00
    13     7     1   114    4     0.000     0.000     0.000     0.000     0.000    0.95    0.00    0.00      0   -9.90   -9.00
    14     7     1   115    4     0.000     0.000     0.000     0.000     0.000    0.95    0.00    0.00      0   -9.90   -9.00
    15     7     1   116    4     0.000     0.000     0.000     0.000     0.000    0.95    0.00    0.00      0   -9.90   -9.00
    16     7     1   117   -9     0.000     0.000     0.000     0.000     0.000    0.95    0.00    0.00      0   -9.90   -9.00
    17     7     1   118   -9     0.000     0.000     0.000     0.000     0.000    0.95    0.00    0.00      0   -9.90   -9.00
    18     7     1   119   -9     0.000     0.000     0.000     0.000     0.000    0.95    0.00    0.00      0   -9.90   -9.00
    19     7     1   120   -9     0.000     0.000     0.000     0.000     0.000    0.95    0.00    0.00      0   -9.90   -9.00
    20     7     1   121   -9     0.000     0.000     0.000     0.000     0.000    0.95    0.00    0.00      0   -9.90   -9.00
    21     7     1   122   -9     0.000     0.000     0.000     0.000     0.000    0.95    0.00    0.00      0   -9.90   -9.00
    22     7     1   123   -9     0.000     0.000     0.000     0.000     0.000    0.95    0.00    0.00      0   -9.90   -9.00
    23     7     1   124   -9     0.000     0.000     0.000     0.000     0.000    0.95    0.00    0.00      0   -9.90   -9.00
    24     7     1   125   -9     0.000     0.000     0.000     0.000     0.000    0.95    0.00    0.00      0   -9.90   -9.00

Legend

DAP          : Days after planting
Stage        : 0: before/after planting
Stage        : 1: emergence or transplant recovery
Stage        : 2: vegetative stage
Stage        : 3: flowering
Stage        : 4: yield formation and ripening
SaltIn       : Salt infiltrated in the soil profile
SaltOut      : Salt drained out of the soil profile
SaltUp       : Salt moved upward from the groundwater table
SaltTot      : Salt content in the total soil profile (layer: 0.00 - 1.20 m)
SaltZ        : Salt content in the effective root zone
Z            : Effective rooting depth
ECe          : Electrical conductivity of the saturated soil-paste extract from the root zone
ECsw         : Electrical conductivity of the soil water in the root zone
StSalt       : Salinity stress
Zgwt         : Depth of the groundwater table (-9.90 if absent)
ECgw         : Electrical conductivity of the groundwater
