AquaCrop 5.0 (October 2015) - Output created on (date) : 23/10/2015   at (time) : 10:39:54
Crop development and production

** Run number:  1
   Day Month  Year   DAP Stage    GD       Z     StExp  StSto  StSen StSalt   CC      CCw   Kc(Tr)     Trx      Tr       TrW  Tr/Trx   WP    StBio  Biomass    HI  YieldPart  Brelative   WPet
                                °C-day     m       %      %      %      %      %       %       -        mm       mm       mm    %     g/m2     %    ton/ha      %    ton/ha       %      kg/m3
    22     3     1     1    1    14.5    0.30     -9     -9     -9      0     0.0     0.0    0.00      0.0      0.0      0.0   100    17.0     0     0.000    -9.9    0.000       -9      0.00
    23     3     1     2    1    14.5    0.30     -9     -9     -9      0     0.0     0.0    0.00      0.0      0.0      0.0   100    17.0     0     0.000    -9.9    0.000       -9      0.00
    24     3     1     3    1    14.5    0.30     -9     -9     -9      0     0.0     0.0    0.00      0.0      0.0      0.0   100    17.0     0     0.000    -9.9    0.000       -9      0.00
    25     3     1     4    1    14.5    0.30     -9     -9     -9      0     0.0     0.0    0.00      0.0      0.0      0.0   100    17.0     0     0.000    -9.9    0.000       -9      0.00
    26     3     1     5    1    14.5    0.30     -9     -9     -9      0     0.0     0.0    0.00      0.0      0.0      0.0   100    17.0     0     0.000    -9.9    0.000       -9      0.00
    27     3     1     6    2    14.5    0.30     -9      0      0      0     1.4     1.4    0.03      0.1      0.1      0.1   100    17.0     0     0.004    -9.9    0.000      100      0.00
    28     3     1     7    2    14.5    0.32      0      0      0      0     1.6     1.6    0.03      0.2      0.2      0.2   100    17.0     0     0.010    -9.9    0.000      100      0.00
    29     3     1     8    2    14.5    0.33      0      0      0      0     1.9     1.9    0.04      0.2      0.2      0.2   100    17.0     0     0.016    -9.9    0.000      100      0.00
    30     3     1     9    2    14.5    0.35      0      0      0      0     2.2     2.2    0.04      0.2      0.2      0.2   100    17.0     0     0.023    -9.9    0.000      100      0.00
    31     3     1    10    2    14.5    0.36      0      0      0      0     2.5     2.5    0.05      0.2      0.2      0.2   100    17.0     0     0.031    -9.9    0.000      100      0.00
     1     4     1    11    2    14.5    0.37      0      0      0      0     3.0     3.0    0.06      0.3      0.3      0.3   100    17.0     0     0.040    -9.9    0.000      100      0.00
     2     4     1    12    2    14.5    0.38      0      0      0      0     3.4     3.4    0.06      0.3      0.3      0.3   100    17.0     0     0.051    -9.9    0.000      100      0.00
     3     4     1    13    2    14.5    0.39      0      0      0      0     4.0     4.0    0.07      0.4      0.4      0.4   100    17.0     0     0.063    -9.9    0.000      100      0.00
     4     4     1    14    2    14.5    0.40      0      0      0      0     4.6     4.6    0.09      0.4      0.4      0.4   100    17.0     0     0.078    -9.9    0.000      100      0.00
     5     4     1    15    2    14.5    0.42      1      0      0      0     5.4     5.4    0.10      0.5      0.5      0.5   100    17.0     0     0.095    -9.9    0.000      100      0.00
     6     4     1    16    2    14.5    0.43      1      0      0      0     6.2     6.2    0.11      0.6      0.6      0.6   100    17.0     0     0.114    -9.9    0.000      100      0.00
     7     4     1    17    2    14.5    0.44      1      0      0      0     7.2     7.2    0.13      0.7      0.7      0.7   100    17.0     0     0.136    -9.9    0.000      100      0.00
     8     4     1    18    2    14.5    0.45      1      0      0      0     8.4     8.4    0.15      0.8      0.8      0.8   100    17.0     0     0.162    -9.9    0.000      100      0.00
     9     4     1    19    2    14.5    0.46      2      0      0      0     9.7     9.7    0.17      0.9      0.9      0.9   100    17.0     0     0.192    -9.9    0.000      100      0.00
    10     4     1    20    2    14.5    0.47      2      0      0      0    11.3    11.3    0.20      1.0      1.0      1.0   100    17.0     0     0.226    -9.9    0.000      100      0.00
    11     4     1    21    2    14.5    0.47      3      0      0      0    13.0    13.0    0.23      1.1      1.1      1.1   100    17.0     0     0.264    -9.9    0.000       99      0.00
    12     4     1    22    2    14.5    0.48      3      0      0      0    15.1    15.1    0.26      1.3      1.3      1.3   100    17.0     0     0.309    -9.9    0.000       99      0.00
    13     4     1    23    2    14.5    0.49      4      0      0      0    17.4    17.4    0.30      1.5      1.5      1.5   100    17.0     0     0.359    -9.9    0.000       99      0.00
    14     4     1    24    2    14.5    0.50      5      0      0      0    20.1    20.1    0.34      1.7      1.7      1.7   100    17.0     0     0.417    -9.9    0.000       99      0.00
    15     4     1    25    2    14.5    0.51      6      0      0      0    23.1    23.1    0.38      1.9      1.9      1.9   100    17.0     0     0.482    -9.9    0.000       98      0.00
    16     4     1    26    2    14.5    0.52      8      0      0      0    26.5    26.5    0.43      2.2      2.2      2.2   100    17.0     0     0.555    -9.9    0.000       98      0.00
    17     4     1    27    2    14.5    0.53      9      0      0      0    30.4    30.4    0.48      2.4      2.4      2.4   100    17.0     0     0.637    -9.9    0.000       97      0.00
    18     4     1    28    2    14.5    0.54     12      0      0      0    34.7    34.7    0.54      2.7      2.7      2.7   100    17.0     0     0.729    -9.9    0.000       97      0.00
    19     4     1    29    2    14.5    0.54     15      0      0      0    39.4    39.4    0.59      3.0      3.0      3.0   100    17.0     0     0.830    -9.9    0.000       96      0.00
    20     4     1    30    2    14.5    0.55     19      0      0      0    44.0    44.0    0.65      3.2      3.2      3.2   100    17.0     0     0.940    -9.9    0.000       96      0.00
    21     4     1    31    2    14.5    0.56     24      0      0      0    47.9    47.9    0.69      3.4      3.4      3.4   100    17.0     0     1.057    -9.9    0.000       96      0.00
    22     4     1    32    2    14.5    0.57     31      0      0      0    51.0    51.0    0.72      3.6      3.6      3.6   100    17.0     0     1.180    -9.9    0.000       95      0.00
    23     4     1    33    2    14.5    0.58     40      0      0      0    53.4    53.4    0.75      3.7      3.7      3.7   100    17.0     0     1.306    -9.9    0.000       95      0.00
    24     4     1    34    2    14.5    0.58     51      5      0      0    55.2    55.2    0.76      3.8      3.6      3.6    95    17.0     0     1.430    -9.9    0.000       94      0.00
    25     4     1    35    2    14.5    0.59     64     10      0      0    56.4    56.4    0.78      3.9      3.5      3.5    90    17.0     0     1.548    -9.9    0.000       93      0.00
    26     4     1    36    2    14.5    0.60     78     15      0      0    56.9    56.9    0.78      3.9      3.3      3.3    85    17.0     0     1.662    -9.9    0.000       92      0.00
    27     4     1    37    2    14.5    0.61     94     19      0      0    57.0    57.0    0.78      3.9      3.2      3.2    81    17.0     0     1.770    -9.9    0.000       90      0.00
    28     4     1    38    2    14.5    0.62    100     22      0      0    57.0    57.0    0.78      3.9      3.0      3.0    78    17.0     0     1.873    -9.9    0.000       88      0.00
    29     4     1    39    2    14.5    0.62    100     26      0      0    57.0    57.0    0.78      3.9      2.9      2.9    74    17.0     0     1.971    -9.9    0.000       87      0.00
    30     4     1    40    2    14.5    0.63    100     29      0      0    57.0    57.0    0.78      3.9      2.8      2.8    71    17.0     0     2.066    -9.9    0.000       85      0.00
     1     5     1    41    2    14.5    0.64    100     32      0      0    57.0    57.0    0.78      3.9      2.7      2.7    68    17.0     0     2.156    -9.9    0.000       83      0.00
     2     5     1    42    2    14.5    0.64    100     35      0      0    57.0    57.0    0.78      3.9      2.6      2.6    65    17.0     0     2.243    -9.9    0.000       82      0.00
     3     5     1    43    2    14.5    0.65    100     37      0      0    57.0    57.0    0.78      3.9      2.5      2.5    63    17.0     0     2.327    -9.9    0.000       80      0.00
     4     5     1    44    2    14.5    0.66    100     39      0      0    57.0    57.0    0.78      3.9      2.4      2.4    61    17.0     0     2.407    -9.9    0.000       78      0.00
     5     5     1    45    2    14.5    0.67    100     42      0      0    57.0    57.0    0.78      3.9      2.3      2.3    58    17.0     0     2.485    -9.9    0.000       77      0.00
     6     5     1    46    2    14.5    0.67    100     44      0      0    57.0    57.0    0.78      3.9      2.2      2.2    56    17.0     0     2.560    -9.9    0.000       75      0.00
     7     5     1    47    2    14.5    0.68    100     45      0      0    57.0    57.0    0.78      3.9      2.1      2.1    55    17.0     0     2.633    -9.9    0.000       74      0.00
     8     5     1    48    2    14.5    0.69    100     47      0      0    57.0    57.0    0.78      3.9      2.1      2.1    53    17.0     0     2.703    -9.9    0.000       73      0.00
     9     5     1    49    2    14.5    0.69    100     49      0      0    57.0    57.0    0.78      3.9      2.0      2.0    51    17.0     0     2.772    -9.9    0.000       71      0.00
    10     5     1    50    2    14.5    0.70    100     50      0      0    57.0    57.0    0.78      3.9      1.9      1.9    50    17.0     0     2.838    -9.9    0.000       70      0.00
    11     5     1    51    2    14.5    0.71    100     52      0      0    57.0    57.0    0.78      3.9      1.9      1.9    48    17.0     0     2.902    -9.9    0.000       69      0.00
    12     5     1    52    2    14.5    0.71    100     53      0      0    57.0    57.0    0.78      3.9      1.8      1.8    47    17.0     0     2.965    -9.9    0.000       68      0.00
    13     5     1    53    2    14.5    0.72    100     54      0      0    57.0    57.0    0.78      3.9      1.8      1.8    46    17.0     0     3.026    -9.9    0.000       67      0.00
    14     5     1    54    2    14.5    0.72    100     55      0      0    57.0    57.0    0.78      3.9      1.7      1.7    45    17.0     0     3.085    -9.9    0.000       65      0.00
    15     5     1    55    2    14.5    0.73    100     56      0      0    57.0    57.0    0.78      3.9      1.7      1.7    44    17.0     0     3.143    -9.9    0.000       64      0.00
    16     5     1    56    2    14.5    0.74    100     57      0      0    57.0    57.0    0.78      3.9      1.7      1.7    43    17.0     0     3.200    -9.9    0.000       63      0.00
    17     5     1    57    2    14.5    0.74    100     58      0      0    57.0    57.0    0.78      3.9      1.6      1.6    42    17.0     0     3.255    -9.9    0.000       63      0.00
    18     5     1    58    2    14.5    0.75    100     59      0      0    57.0    57.0    0.78      3.9      1.6      1.6    41    17.0     0     3.309    -9.9    0.000       62      0.00
    19     5     1    59    2    14.5    0.75    100     60      0      0    57.0    57.0    0.78      3.9      1.6      1.6    40    17.0     0     3.361    -9.9    0.000       61      0.00
    20     5     1    60    2    14.5    0.76    100     61      0      0    57.0    57.0    0.78      3.9      1.5      1.5    39    17.0     0     3.413    -9.9    0.000       60      0.00
    21     5     1    61    2    14.5    0.77    100     62      0      0    57.0    57.0    0.78      3.9      1.5      1.5    38    17.0     0     3.463    -9.9    0.000       59      0.00
    22     5     1    62    2    14.5    0.77    100     63      0      0    57.0    57.0    0.78      3.9      1.5      1.5    37    17.0     0     3.513    -9.9    0.000       58      0.00
    23     5     1    63    2    14.5    0.78    100     63      0      0    57.0    57.0    0.78      3.9      1.4      1.4    37    17.0     0     3.561    -9.9    0.000       57      0.00
    24     5     1    64    2    14.5    0.78    100     64      0      0    57.0    57.0    0.78      3.9      1.4      1.4    36    17.0     0     3.609    -9.9    0.000       57      0.00
    25     5     1    65    2    14.5    0.79    100     65      0      0    57.0    57.0    0.78      3.9      1.4      1.4    35    17.0     0     3.656    -9.9    0.000       56      0.00
    26     5     1    66    2    14.5    0.79    100     65      0      0    57.0    57.0    0.78      3.9      1.3      1.3    35    17.0     0     3.701    -9.9    0.000       55      0.00
    27     5     1    67    2    14.5    0.80    100     66      0      0    57.0    57.0    0.78      3.9      1.3      1.3    34    17.0     0     3.746    -9.9    0.000       55      0.00
    28     5     1    68    2    14.5    0.80    100     66      0      0    57.0    57.0    0.77      3.9      1.3      1.3    34    17.0     0     3.791    -9.9    0.000       54      0.00
    29     5     1    69    2    14.5    0.81    100     67      0      0    57.0    57.0    0.77      3.9      1.3      1.3    33    17.0     0     3.834    -9.9    0.000       53      0.00
    30     5     1    70    2    14.5    0.82    100     67      0      0    57.0    57.0    0.77      3.9      1.3      1.3    33    17.0     0     3.877    -9.9    0.000       53      0.00
    31     5     1    71    3    14.5    0.82    100     68      0      0    57.0    57.0    0.77      3.9      1.2      1.2    32    17.0     0     3.919    -9.9    0.000       52      0.00
     1     6     1    72    3    14.5    0.83    100     68      0      0    57.0    57.0    0.77      3.9      1.2      1.2    32    17.0     0     3.961    -9.9    0.000       52      0.00
     2     6     1    73    3    14.5    0.83    100     69      0      0    57.0    57.0    0.77      3.9      1.2      1.2    31    17.0     0     4.001    -9.9    0.000       51      0.00
     3     6     1    74    3    14.5    0.84    100     69      0      0    57.0    57.0    0.77      3.9      1.2      1.2    31    17.0     0     4.042     1.4    0.058       51      0.04
     4     6     1    75    3    14.5    0.84    100     70      0      0    57.0    57.0    0.77      3.9      1.2      1.2    30    17.0     0     4.081     1.7    0.069       50      0.05
     5     6     1    76    3    14.5    0.85     -9     70      0      0    57.0    57.0    0.77      3.8      1.1      1.1    30    17.0     0     4.120     2.0    0.080       49      0.06
     6     6     1    77    3    14.5    0.85     -9     71      0      0    57.0    57.0    0.77      3.8      1.1      1.1    29    17.0     0     4.159     2.3    0.094       49      0.06
     7     6     1    78    3    14.5    0.86     -9     71      1      0    56.9    56.9    0.77      3.8      1.1      1.1    29    17.0     0     4.197     2.6    0.110       49      0.07
     8     6     1    79    3    14.5    0.86     -9     71      1      0    56.9    56.9    0.77      3.8      1.1      1.1    29    17.0     0     4.234     3.0    0.128       48      0.09
     9     6     1    80    3    14.5    0.87     -9     72      1      0    56.9    56.9    0.76      3.8      1.1      1.1    28    17.0     0     4.271     3.5    0.150       48      0.10
    10     6     1    81    4    14.5    0.87     -9     72      1      0    56.8    56.8    0.76      3.8      1.1      1.1    28    17.0     0     4.308     4.0    0.174       47      0.12
    11     6     1    82    4    14.5    0.87     -9     72      1      0    56.7    56.7    0.76      3.8      1.1      1.1    28    17.0     0     4.344     4.6    0.202       47      0.13
    12     6     1    83    4    14.5    0.88     -9     72      2      0    56.6    56.6    0.76      3.8      1.0      1.0    28    17.0     0     4.379     5.3    0.234       46      0.15
    13     6     1    84    4    14.5    0.88     -9     73      2      0    56.6    56.6    0.75      3.8      1.0      1.0    27    17.0     0     4.414     6.1    0.270       46      0.18
    14     6     1    85    4    14.5    0.89     -9     73      2      0    56.4    56.4    0.75      3.8      1.0      1.0    27    17.0     0     4.448     7.0    0.311       45      0.20
    15     6     1    86    4    14.5    0.89     -9     73      2      0    56.3    56.3    0.75      3.7      1.0      1.0    27    17.0     0     4.482     7.9    0.356       45      0.23
    16     6     1    87    4    14.5    0.90     -9     74      2      0    56.2    56.2    0.74      3.7      1.0      1.0    26    17.0     0     4.516     9.0    0.407       45      0.26
    17     6     1    88    4    14.5    0.90     -9     74      3      0    56.0    56.0    0.74      3.7      1.0      1.0    26    17.0     0     4.549    10.1    0.458       44      0.29
    18     6     1    89    4    14.5    0.91     -9     74      3      0    55.8    55.8    0.74      3.7      1.0      1.0    26    17.0     0     4.581    11.1    0.510       44      0.32
    19     6     1    90    4    14.5    0.91     -9     74      3      0    55.7    55.7    0.73      3.7      0.9      0.9    26    17.0     0     4.613    12.2    0.563       44      0.35
    20     6     1    91    4    14.5    0.92     -9     75      3      0    55.4    55.4    0.73      3.6      0.9      0.9    25    17.0     0     4.644    13.3    0.616       43      0.38
    21     6     1    92    4    14.5    0.92     -9     75      3      0    55.2    55.2    0.72      3.6      0.9      0.9    25    17.0     0     4.675    14.3    0.670       43      0.41
    22     6     1    93    4    14.5    0.92     -9     75      3      0    54.9    54.9    0.71      3.6      0.9      0.9    25    17.0     0     4.706    15.4    0.724       43      0.45
    23     6     1    94    4    14.5    0.93     -9     75      4      0    54.7    54.7    0.71      3.5      0.9      0.9    25    17.0     0     4.736    16.4    0.779       42      0.48
    24     6     1    95    4    14.5    0.93     -9     75      4      0    54.3    54.3    0.70      3.5      0.9      0.9    25    17.0     0     4.765    17.5    0.834       42      0.51
    25     6     1    96    4    14.5    0.94     -9     75      4      0    54.0    54.0    0.69      3.5      0.8      0.8    25    17.0     0     4.794    18.6    0.890       42      0.54
    26     6     1    97    4    14.5    0.94     -9     76      4      0    53.6    53.6    0.68      3.4      0.8      0.8    24    17.0     0     4.822    19.6    0.946       41      0.57
    27     6     1    98    4    14.5    0.95     -9     76      4      0    53.2    53.2    0.67      3.4      0.8      0.8    24    17.0     0     4.850    20.7    1.003       41      0.60
    28     6     1    99    4    14.5    0.95     -9     76      4      0    52.8    52.8    0.66      3.3      0.8      0.8    24    17.0     0     4.877    21.7    1.060       41      0.63
    29     6     1   100    4    14.5    0.95     -9     76      4      0    52.3    52.3    0.65      3.3      0.8      0.8    24    17.0     0     4.904    22.8    1.117       40      0.66
    30     6     1   101    4    14.5    0.95     -9     77      5      0    51.7    51.7    0.64      3.2      0.7      0.7    23    17.0     0     4.929    23.8    1.175       40      0.69
     1     7     1   102    4    14.5    0.95     -9     78      6      0    50.9    50.9    0.62      3.1      0.7      0.7    22    17.0     0     4.953    24.9    1.232       40      0.72
     2     7     1   103    4    14.5    0.95     -9     78      7      0    50.0    50.0    0.60      3.0      0.7      0.7    22    17.0     0     4.975    25.9    1.290       39      0.76
     3     7     1   104    4    14.5    0.95     -9     79      8      0    48.9    48.9    0.58      2.9      0.6      0.6    21    17.0     0     4.996    27.0    1.347       39      0.79
     4     7     1   105    4    14.5    0.95     -9     80      9      0    47.6    47.6    0.55      2.8      0.6      0.6    20    17.0     0     5.015    28.0    1.404       39      0.82
     5     7     1   106    4    14.5    0.95     -9     80     10      0    46.0    46.0    0.52      2.6      0.5      0.5    20    17.0     0     5.032    29.0    1.461       38      0.85
     6     7     1   107    4    14.5    0.95     -9     81     10      0    44.0    44.0    0.48      2.4      0.5      0.5    19    17.0     0     5.048    30.1    1.518       38      0.88
     7     7     1   108    4    14.5    0.95     -9     81     11      0    41.7    41.7    0.44      2.2      0.4      0.4    19    17.0     0     5.062    31.1    1.574       38      0.91
     8     7     1   109    4    14.5    0.95     -9     82     12      0    38.9    38.9    0.39      1.9      0.4      0.4    18    17.0     0     5.074    32.1    1.630       37      0.94
     9     7     1   110    4    14.5    0.95     -9     82     13      0    35.5    35.5    0.33      1.6      0.3      0.3    18    17.0     0     5.084    33.1    1.685       37      0.97
    10     7     1   111    4    14.5    0.95     -9     83     13      0    31.5    31.5    0.26      1.3      0.2      0.2    17    17.0     0     5.092    34.2    1.740       37      1.00
    11     7     1   112    4    14.5    0.95     -9     83     14      0    26.8    26.8    0.19      1.0      0.2      0.2    17    17.0     0     5.097    35.2    1.794       36      1.03
    12     7     1   113    4    14.5    0.95     -9     83     14      0    21.1    21.1    0.12      0.6      0.1      0.1    17    17.0     0     5.101    36.2    1.847       36      1.06
    13     7     1   114    4    14.5    0.95     -9     83     15      0    14.4    14.4    0.06      0.3      0.1      0.1    17    17.0     0     5.103    37.2    1.899       36      1.09
    14     7     1   115    4    14.5    0.95     -9     83     15      0     6.4     6.4    0.01      0.1      0.0      0.0    17    17.0     0     5.103    38.2    1.951       35      1.12
    15     7     1   116    4    14.5    0.95     -9     -9     15      0     0.0     0.0    0.00      0.0      0.0      0.0   100    17.0     0     5.103    39.2    2.000       35      1.14
    16     7     1   117   -9    14.5    0.95     -9     -9     15      0     0.0     0.0    0.00      0.0      0.0      0.0   100    17.0     0     5.103    39.2    2.000       35      1.14
    17     7     1   118   -9    14.5    0.95     -9     -9     15      0     0.0     0.0    0.00      0.0      0.0      0.0   100    17.0     0     5.103    39.2    2.000       34      1.14
    18     7     1   119   -9    14.5    0.95     -9     -9     15      0     0.0     0.0    0.00      0.0      0.0      0.0   100    17.0     0     5.103    39.2    2.000       34      1.14
    19     7     1   120   -9    14.5    0.95     -9     -9     15      0     0.0     0.0    0.00      0.0      0.0      0.0   100    17.0     0     5.103    39.2    2.000       34      1.14
    20     7     1   121   -9    14.5    0.95     -9     -9     15      0     0.0     0.0    0.00      0.0      0.0      0.0   100    17.0     0     5.103    39.2    2.000       34      1.14
    21     7     1   122   -9    14.5    0.95     -9     -9     15      0     0.0     0.0    0.00      0.0      0.0      0.0   100    17.0     0     5.103    39.2    2.000       33      1.14
    22     7     1   123   -9    14.5    0.95     -9     -9     15      0     0.0     0.0    0.00      0.0      0.0      0.0   100    17.0     0     5.103    39.2    2.000       33      1.14
    23     7     1   124   -9    14.5    0.95     -9     -9     15      0     0.0     0.0    0.00      0.0      0.0      0.0   100    17.0     0     5.103    39.2    2.000       33      1.14
    24     7     1   125   -9    14.5    0.95     -9     -9     15      0     0.0     0.0    0.00      0.0      0.0      0.0   100    17.0     0     5.103    39.2    2.000       33      1.14

Legend

DAP          : Days after planting
Stage        : 0: before/after planting
Stage        : 1: emergence or transplant recovery
Stage        : 2: vegetative stage
Stage        : 3: flowering
Stage        : 4: yield formation and ripening
GD           : Growing degrees
Z            : Effective rooting depth
StExp        : Percent water stress reducing leaf expansion
StSto        : Percent water stress inducing stomatal closure
StSen        : Percent water stress triggering early canopy senescence
StSalt       : Percent salinity stress
CC           : Green total Canopy Cover of crop and weeds
CCw          : Green crop Canopy Cover under weed infestation
Kc(Tr)       : Crop coefficient for transpiration
Trx          : Maximum crop transpiration
Tr           : Total transpiration of crop and weeds
TrW          : Crop transpiration under weed infestation
Tr/Trx       : Relative total transpiration (100 Tr/Trx)
WP           : Crop water productivity adjusted for CO2, soil fertility and products synthesized
StBio        : Percent temperature stress affecting biomass production
Biomass      : Cumulative biomass produced
HI           : Harvest Index adjusted for failure of pollination, inadequate photosynthesis and water stress
Yield Part   : Yield (HI x Biomass)
Brelative    : Relative biomass (Reference: no water, no soil fertility, no soil salinity stress)
WPet         : ET Water productivity for yield part (kg yield produced per m3 water evapotranspired)
