AquaCrop 5.0 (October 2015) - Output created on (date) : 4/8/2017   at (time) : 11:24:30 PM
Soil Water balance

** Run number:  1
   Day Month  Year   DAP Stage     WCTot    Rain     Irri   Surf   Infilt   RO    Drain       CR    Zgwt       Ex       E     E/Ex    Trx       Tr  Tr/Trx    ETx      ET   ET/ETx
                                      mm      mm       mm     mm     mm     mm       mm       mm      m        mm       mm     %       mm       mm    %        mm      mm      %
    22     3  1996     1    1      356.6     0.0      0.0    0.0    0.0    0.0      0.0      0.0   -9.90      4.1      3.4    84      0.0      0.0   100      4.1     3.4     84
    23     3  1996     2    1      354.3     0.0      0.0    0.0    0.0    0.0      0.0      0.0   -9.90      3.7      2.3    61      0.0      0.0   100      3.7     2.3     61
    24     3  1996     3    1      352.6     0.0      0.0    0.0    0.0    0.0      0.0      0.0   -9.90      3.5      1.7    49      0.0      0.0   100      3.5     1.7     49
    25     3  1996     4    1      351.4     0.0      0.0    0.0    0.0    0.0      0.0      0.0   -9.90      2.9      1.2    42      0.0      0.0   100      2.9     1.2     42
    26     3  1996     5    2      350.0     0.0      0.0    0.0    0.0    0.0      0.0      0.0   -9.90      3.6      1.3    36      0.1      0.1   100      3.7     1.4     38
    27     3  1996     6    2      348.6     0.0      0.0    0.0    0.0    0.0      0.0      0.0   -9.90      4.0      1.2    31      0.1      0.1   100      4.1     1.4     33
    28     3  1996     7    2      347.4     0.0      0.0    0.0    0.0    0.0      0.0      0.0   -9.90      4.0      1.1    27      0.1      0.1   100      4.1     1.2     29
    29     3  1996     8    2      346.4     0.0      0.0    0.0    0.0    0.0      0.0      0.0   -9.90      3.8      0.9    24      0.1      0.1   100      3.9     1.0     26
    30     3  1996     9    2      345.4     0.0      0.0    0.0    0.0    0.0      0.0      0.0   -9.90      3.8      0.8    21      0.2      0.2   100      3.9     1.0     24
    31     3  1996    10    2      344.5     0.0      0.0    0.0    0.0    0.0      0.0      0.0   -9.90      3.7      0.7    19      0.2      0.2   100      3.8     0.9     23
     1     4  1996    11    2      343.8     0.0      0.0    0.0    0.0    0.0      0.0      0.0   -9.90      3.5      0.6    17      0.2      0.2   100      3.7     0.8     21
     2     4  1996    12    2      343.0     0.0      0.0    0.0    0.0    0.0      0.0      0.0   -9.90      3.5      0.5    16      0.2      0.2   100      3.7     0.8     20
     3     4  1996    13    2      342.3     0.0      0.0    0.0    0.0    0.0      0.0      0.0   -9.90      3.5      0.5    14      0.2      0.2   100      3.7     0.7     20
     4     4  1996    14    2      341.4     0.0      0.0    0.0    0.0    0.0      0.0      0.0   -9.90      4.2      0.5    13      0.3      0.3   100      4.5     0.9     19
     5     4  1996    15    2      340.6     0.0      0.0    0.0    0.0    0.0      0.0      0.0   -9.90      4.0      0.5    12      0.3      0.3   100      4.3     0.8     19
     6     4  1996    16    2      339.7     0.0      0.0    0.0    0.0    0.0      0.0      0.0   -9.90      4.4      0.5    11      0.4      0.4   100      4.8     0.9     19
     7     4  1996    17    2      339.1     0.0      0.0    0.0    0.0    0.0      0.0      0.0   -9.90      2.9      0.3    10      0.3      0.3   100      3.2     0.6     19
     8     4  1996    18    2      338.3     0.0      0.0    0.0    0.0    0.0      0.0      0.0   -9.90      3.7      0.3     9      0.4      0.4   100      4.1     0.8     19
     9     4  1996    19    2      337.6     0.0      0.0    0.0    0.0    0.0      0.0      0.0   -9.90      3.1      0.3     9      0.4      0.4   100      3.5     0.7     20
    10     4  1996    20    2      349.2    15.4      0.0    0.0   15.4    0.0      0.0      0.0   -9.90      3.3      3.3   100      0.5      0.5   100      3.8     3.8    100
    11     4  1996    21    2      346.7     0.3      0.0    0.0    0.3    0.0      0.0      0.0   -9.90      2.9      2.3    78      0.5      0.5   100      3.5     2.8     81
    12     4  1996    22    2      347.1     4.3      0.0    0.0    4.3    0.0      0.0      0.0   -9.90      3.2      3.2   100      0.7      0.7   100      3.9     3.9    100
    13     4  1996    23    2      344.4     0.0      0.0    0.0    0.0    0.0      0.0      0.0   -9.90      2.9      2.0    69      0.7      0.7   100      3.6     2.7     75
    14     4  1996    24    2      358.3    18.4      0.0    0.0   18.0    0.4      0.0      0.0   -9.90      3.3      3.3   100      0.9      0.9   100      4.1     4.1    100
    15     4  1996    25    2      356.6     0.4      0.0    0.0    0.4    0.0      0.0      0.0   -9.90      1.7      1.6    95      0.5      0.5   100      2.2     2.1     96
    16     4  1996    26    2      353.4     0.0      0.0    0.0    0.0    0.0      0.0      0.0   -9.90      3.0      2.2    73      1.0      1.0   100      4.0     3.2     80
    17     4  1996    27    2      350.8     0.0      0.0    0.0    0.0    0.0      0.0      0.0   -9.90      2.8      1.5    53      1.1      1.1   100      4.0     2.6     66
    18     4  1996    28    2      348.0     0.0      0.0    0.0    0.0    0.0      0.0      0.0   -9.90      3.2      1.3    40      1.5      1.5   100      4.7     2.8     59
    19     4  1996    29    2      345.7     0.0      0.0    0.0    0.0    0.0      0.0      0.0   -9.90      2.9      0.8    30      1.5      1.5   100      4.4     2.4     54
    20     4  1996    30    2      343.4     0.0      0.0    0.0    0.0    0.0      0.0      0.0   -9.90      2.7      0.6    23      1.6      1.6   100      4.3     2.3     52
    21     4  1996    31    2      340.8     1.6      0.0    0.0    1.6    0.0      0.0      0.0   -9.90      3.0      2.1    70      2.1      2.1   100      5.1     4.2     82
    22     4  1996    32    2      338.4     0.0      0.0    0.0    0.0    0.0      0.0      0.0   -9.90      2.2      0.5    25      1.8      1.8   100      4.1     2.4     59
    23     4  1996    33    2      335.2     0.0      0.0    0.0    0.0    0.0      0.0      0.0   -9.90      2.8      0.5    18      2.7      2.7   100      5.5     3.2     58
    24     4  1996    34    2      332.6     0.0      0.0    0.0    0.0    0.0      0.0      0.0   -9.90      2.0      0.3    14      2.3      2.3   100      4.3     2.5     59
    25     4  1996    35    3      329.3     0.0      0.0    0.0    0.0    0.0      0.0      0.0   -9.90      2.3      0.3    11      3.1      3.1   100      5.4     3.3     62
    26     4  1996    36    3      325.3     0.0      0.0    0.0    0.0    0.0      0.0      0.0   -9.90      2.5      0.2     9      3.8      3.8   100      6.2     4.0     64
    27     4  1996    37    3      320.8     0.0      0.0    0.0    0.0    0.0      0.0      0.0   -9.90      2.4      0.2     7      4.4      4.4   100      6.8     4.6     67
    28     4  1996    38    3      316.3     0.0      0.0    0.0    0.0    0.0      0.0      0.0   -9.90      2.0      0.1     6      4.3      4.3   100      6.3     4.4     70
    29     4  1996    39    3      311.0     0.0      0.0    0.0    0.0    0.0      0.0      0.0   -9.90      2.1      0.1     5      5.2      5.2   100      7.3     5.3     73
    30     4  1996    40    3      359.6     0.0     56.4    0.0   56.4    0.0      0.0      0.0   -9.90      2.0      2.0   100      5.8      5.8   100      7.7     7.7    100
     1     5  1996    41    3      350.0     0.0      0.0    0.0    0.0    0.0      0.0      0.0   -9.90      2.2      2.2   100      7.5      7.5   100      9.7     9.7    100
     2     5  1996    42    3      342.1     0.0      0.0    0.0    0.0    0.0      0.0      0.0   -9.90      1.6      1.6   100      6.2      6.2   100      7.8     7.8    100
     3     5  1996    43    3      333.6     0.0      0.0    0.0    0.0    0.0      0.0      0.0   -9.90      1.6      1.6   100      6.9      6.9   100      8.5     8.5    100
     4     5  1996    44    3      324.0     0.0      0.0    0.0    0.0    0.0      0.0      0.0   -9.90      1.7      1.7    98      7.9      7.9   100      9.6     9.6    100
     5     5  1996    45    3      316.8     0.0      0.0    0.0    0.0    0.0      0.0      0.0   -9.90      1.3      0.4    32      6.8      6.8   100      8.1     7.2     89
     6     5  1996    46    3      309.5     0.0      0.0    0.0    0.0    0.0      0.0      0.0   -9.90      1.3      0.2    18      7.0      7.0   100      8.3     7.2     87
     7     5  1996    47    3      359.1     0.0     58.7    0.0   58.7    0.0      0.0      0.0   -9.90      1.3      1.3   100      7.9      7.9   100      9.2     9.2    100
     8     5  1996    48    3      349.4     0.0      0.0    0.0    0.0    0.0      0.0      0.0   -9.90      1.3      1.3   100      8.4      8.4   100      9.7     9.7    100
     9     5  1996    49    3      339.3     0.0      0.0    0.0    0.0    0.0      0.0      0.0   -9.90      1.3      1.3   100      8.7      8.7   100     10.0    10.0    100
    10     5  1996    50    3      329.5     0.0      0.0    0.0    0.0    0.0      0.0      0.0   -9.90      1.2      1.2   100      8.7      8.7   100      9.9     9.9    100
    11     5  1996    51    3      318.9     0.0      0.0    0.0    0.0    0.0      0.0      0.0   -9.90      1.2      1.2   100      9.3      9.3   100     10.5    10.5    100
    12     5  1996    52    3      361.0     0.0     51.6    0.0   51.6    0.0      0.0      0.0   -9.90      1.1      1.1   100      8.4      8.4   100      9.5     9.5    100
    13     5  1996    53    3      351.7     0.0      0.0    0.0    0.0    0.0      0.0      0.0   -9.90      1.0      1.0   100      8.3      8.3   100      9.3     9.3    100
    14     5  1996    54    3      341.7     0.0      0.0    0.0    0.0    0.0      0.0      0.0   -9.90      1.1      1.1   100      9.0      9.0   100     10.0    10.0    100
    15     5  1996    55    3      334.0     0.0      0.0    0.0    0.0    0.0      0.0      0.0   -9.90      0.8      0.8   100      6.9      6.9   100      7.7     7.7    100
    16     5  1996    56    3      325.2     0.0      0.0    0.0    0.0    0.0      0.0      0.0   -9.90      0.9      0.9   100      7.9      7.9   100      8.8     8.8    100
    17     5  1996    57    3      315.3     0.0      0.0    0.0    0.0    0.0      0.0      0.0   -9.90      1.0      1.0   100      9.0      9.0   100      9.9     9.9    100
    18     5  1996    58    3      306.1     0.0      0.0    0.0    0.0    0.0      0.0      0.0   -9.90      0.9      0.9   100      8.3      8.3   100      9.1     9.1    100
    19     5  1996    59    3      360.4     0.0     63.0    0.0   63.0    0.0      0.0      0.0   -9.90      0.8      0.8   100      7.9      7.9   100      8.7     8.7    100
    20     5  1996    60    3      353.2     0.0      0.0    0.0    0.0    0.0      0.0      0.0   -9.90      0.7      0.7   100      6.5      6.5   100      7.2     7.2    100
    21     5  1996    61    3      344.4     0.0      0.0    0.0    0.0    0.0      0.0      0.0   -9.90      0.8      0.8   100      8.1      8.1   100      8.9     8.9    100
    22     5  1996    62    3      335.8     0.0      0.0    0.0    0.0    0.0      0.0      0.0   -9.90      0.8      0.8   100      7.8      7.8   100      8.6     8.6    100
    23     5  1996    63    3      327.9     0.0      0.0    0.0    0.0    0.0      0.0      0.0   -9.90      0.7      0.7   100      7.2      7.2   100      7.9     7.9    100
    24     5  1996    64    3      318.7     0.0      0.0    0.0    0.0    0.0      0.0      0.0   -9.90      0.8      0.8   100      8.4      8.4   100      9.2     9.2    100
    25     5  1996    65    3      309.9     0.0      0.0    0.0    0.0    0.0      0.0      0.0   -9.90      0.8      0.8   100      8.0      8.0   100      8.8     8.8    100
    26     5  1996    66    3      300.7     0.0      0.0    0.0    0.0    0.0      0.0      0.0   -9.90      0.8      0.8   100      8.4      8.4   100      9.2     9.2    100
    27     5  1996    67    3      359.8     5.6     63.0    0.0   68.6    0.0      0.0      0.0   -9.90      0.8      0.8   100      8.6      8.6   100      9.4     9.4    100
    28     5  1996    68    3      351.5     0.0      0.0    0.0    0.0    0.0      0.0      0.0   -9.90      0.7      0.7   100      7.7      7.7   100      8.3     8.3    100
    29     5  1996    69    3      341.5     0.0      0.0    0.0    0.0    0.0      0.0      0.0   -9.90      0.8      0.8   100      9.2      9.2   100     10.0    10.0    100
    30     5  1996    70    3      331.5     0.0      0.0    0.0    0.0    0.0      0.0      0.0   -9.90      0.8      0.8   100      9.1      9.1   100     10.0    10.0    100
    31     5  1996    71    3      324.1     0.0      0.0    0.0    0.0    0.0      0.0      0.0   -9.90      0.6      0.6   100      6.8      6.8   100      7.4     7.4    100
     1     6  1996    72    3      318.9     3.0      0.0    0.0    3.0    0.0      0.0      0.0   -9.90      0.7      0.7   100      7.6      7.6   100      8.2     8.2    100
     2     6  1996    73    3      312.2     0.0      0.0    0.0    0.0    0.0      0.0      0.0   -9.90      0.5      0.5   100      6.2      6.2   100      6.7     6.7    100
     3     6  1996    74    3      306.3     0.0      0.0    0.0    0.0    0.0      0.0      0.0   -9.90      0.5      0.5   100      5.4      5.4   100      5.9     5.9    100
     4     6  1996    75    3      299.6     0.0      0.0    0.0    0.0    0.0      0.0      0.0   -9.90      0.5      0.5   100      6.1      6.1   100      6.7     6.7    100
     5     6  1996    76    3      310.1    18.4      0.0    0.0   18.4    0.0      0.0      0.0   -9.90      0.6      0.6   100      7.3      7.3   100      7.9     7.9    100
     6     6  1996    77    4      305.1     0.0      0.0    0.0    0.0    0.0      0.0      0.0   -9.90      0.4      0.4   100      4.6      4.6   100      5.1     5.1    100
     7     6  1996    78    4      296.9     0.0      0.0    0.0    0.0    0.0      0.0      0.0   -9.90      0.7      0.7   100      7.5      7.5   100      8.2     8.2    100
     8     6  1996    79    4      361.1     0.0     71.3    0.0   71.3    0.0      0.0      0.0   -9.90      0.6      0.6   100      6.5      6.5   100      7.1     7.1    100
     9     6  1996    80    4      352.6     0.0      0.0    0.0    0.0    0.0      0.0      0.0   -9.90      0.7      0.7   100      7.8      7.8   100      8.5     8.5    100
    10     6  1996    81    4      353.1     6.6      0.0    0.0    6.4    0.2      0.0      0.0   -9.90      0.5      0.5   100      5.5      5.5   100      5.9     5.9    100
    11     6  1996    82    4      354.1     8.0      0.0    0.0    7.6    0.4      0.0      0.0   -9.90      0.5      0.5   100      6.0      6.0   100      6.5     6.5    100
    12     6  1996    83    4      351.1     0.0      0.0    0.0    0.0    0.0      0.0      0.0   -9.90      0.2      0.2   100      2.8      2.8   100      3.0     3.0    100
    13     6  1996    84    4      349.3     3.0      0.0    0.0    3.0    0.0      0.0      0.0   -9.90      0.4      0.4   100      4.3      4.3   100      4.7     4.7    100
    14     6  1996    85    4      344.4     0.0      0.0    0.0    0.0    0.0      0.0      0.0   -9.90      0.4      0.4   100      4.5      4.5   100      4.9     4.9    100
    15     6  1996    86    4      343.2     4.0      0.0    0.0    4.0    0.0      0.0      0.0   -9.90      0.4      0.4   100      4.8      4.8   100      5.2     5.2    100
    16     6  1996    87    4      340.6     1.5      0.0    0.0    1.5    0.0      0.0      0.0   -9.90      0.3      0.3   100      3.8      3.8   100      4.1     4.1    100
    17     6  1996    88    4      333.8     0.0      0.0    0.0    0.0    0.0      0.0      0.0   -9.90      0.5      0.5   100      6.3      6.3   100      6.8     6.8    100
    18     6  1996    89    4      327.1     0.0      0.0    0.0    0.0    0.0      0.0      0.0   -9.90      0.5      0.5   100      6.2      6.2   100      6.7     6.7    100
    19     6  1996    90    4      323.2     2.0      0.0    0.0    2.0    0.0      0.0      0.0   -9.90      0.5      0.5   100      5.4      5.4   100      5.9     5.9    100
    20     6  1996    91    4      321.9     3.6      0.0    0.0    3.6    0.0      0.0      0.0   -9.90      0.4      0.4   100      4.5      4.5   100      4.9     4.9    100
    21     6  1996    92    4      313.8     0.0      0.0    0.0    0.0    0.0      0.0      0.0   -9.90      0.7      0.7   100      7.4      7.4   100      8.1     8.1    100
    22     6  1996    93    4      305.0     0.0      0.0    0.0    0.0    0.0      0.0      0.0   -9.90      0.7      0.7   100      8.0      8.0   100      8.7     8.7    100
    23     6  1996    94    4      360.4     0.0     63.7    0.0   63.7    0.0      0.0      0.0   -9.90      0.7      0.7   100      7.6      7.6   100      8.4     8.4    100
    24     6  1996    95    4      353.3     0.0      0.0    0.0    0.0    0.0      0.0      0.0   -9.90      0.6      0.6   100      6.4      6.4   100      7.0     7.0    100
    25     6  1996    96    4      369.4    35.4      0.0    0.0   23.4   12.0      0.0      0.0   -9.90      0.7      0.7   100      6.6      6.6   100      7.2     7.2    100
    26     6  1996    97    4      361.9     0.0      0.0    0.0    0.0    0.0      0.0      0.0   -9.90      0.7      0.7   100      6.8      6.8   100      7.5     7.5    100
    27     6  1996    98    4      354.7     0.0      0.0    0.0    0.0    0.0      0.2      0.0   -9.90      0.7      0.7   100      6.3      6.3   100      7.0     7.0    100
    28     6  1996    99    4      351.0     1.6      0.0    0.0    1.6    0.0      0.3      0.0   -9.90      0.5      0.5   100      4.5      4.5   100      5.0     5.0    100
    29     6  1996   100    4      344.0     0.0      0.0    0.0    0.0    0.0      0.2      0.0   -9.90      0.7      0.7   100      6.1      6.1   100      6.8     6.8    100
    30     6  1996   101    4      336.1     0.0      0.0    0.0    0.0    0.0      0.1      0.0   -9.90      0.9      0.7    83      7.1      7.1   100      8.0     7.8     98
     1     7  1996   102    4      328.9     0.0      0.0    0.0    0.0    0.0      0.0      0.0   -9.90      0.9      0.4    39      6.8      6.8   100      7.7     7.2     93
     2     7  1996   103    4      323.1     0.0      0.0    0.0    0.0    0.0      0.0      0.0   -9.90      0.8      0.2    22      5.6      5.6   100      6.4     5.8     91
     3     7  1996   104    4      317.6     0.0      0.0    0.0    0.0    0.0      0.0      0.0   -9.90      0.8      0.1    13      5.4      5.4   100      6.2     5.5     89
     4     7  1996   105    4      314.6     1.4      0.0    0.0    1.4    0.0      0.0      0.0   -9.90      0.6      0.6   100      3.8      3.8   100      4.4     4.4    100
     5     7  1996   106    4      309.8     0.0      0.0    0.0    0.0    0.0      0.0      0.0   -9.90      0.7      0.7   100      4.1      4.1   100      4.8     4.8    100
     6     7  1996   107    4      307.3     1.0      0.0    0.0    1.0    0.0      0.0      0.0   -9.90      0.5      0.5   100      3.0      3.0   100      3.5     3.5    100
     7     7  1996   108    4      304.6     2.0      0.0    0.0    2.0    0.0      0.0      0.0   -9.90      0.8      0.8   100      4.0      4.0   100      4.8     4.8    100
     8     7  1996   109    4      302.2     0.0      0.0    0.0    0.0    0.0      0.0      0.0   -9.90      0.4      0.4   100      1.9      1.9   100      2.3     2.3    100
     9     7  1996   110    4      299.1     0.0      0.0    0.0    0.0    0.0      0.0      0.0   -9.90      0.6      0.6   100      2.5      2.5   100      3.1     3.1    100

Legend

DAP          : Days after planting
Stage        : 0: before/after planting
Stage        : 1: emergence or transplant recovery
Stage        : 2: vegetative stage
Stage        : 3: flowering
Stage        : 4: yield formation and ripening
WCTot        : Water content in total soil profile
Rain         : Rainfall
Irri         : Water applied by irrigation
Surf         : Stored water on soil surface between bunds
Infilt       : Infiltrated water in soil profile
RO           : Surface runoff
Drain        : Water drained out of the soil profile
CR           : Water moved upward by capillary rise
Zgwt         : Depth of the groundwater table (-9.90 if absent)
Ex           : Maximum soil evaporation
E            : Soil evaporation
E/Ex         : Relative soil evaporation (100 E/Ex)
Trx          : Maximum crop transpiration
Tr           : Total transpiration of crop and weeds
Tr/Trx       : Relative crop transpiration (100 Tr/Trx)
ETx          : Maximum evapotranspiration
ET           : Evapotranspiration
ET/ETx       : Relative evapotranspriation (100 ET/ETx)
