AquaCrop 5.0 (October 2015) - Output created on (date) : 4/8/2017   at (time) : 11:24:30 PM
Soil Water content in soil profile and root zone

** Run number:  1   -- Water content in soil profile (WCTot layer: 0.00 - 1.20 m) and root zone (Wr with Zrx = 1.00 m)
   Day Month  Year   DAP Stage     WCTot   Wr(Zx)      Z       Wr    Wr(SAT)    Wr(FC)   Wr(exp)   Wr(sto)   Wr(sen)   Wr(PWP)
                                     mm       mm       m       mm        mm        mm        mm        mm        mm        mm
    22     3  1996     1    1     356.6    296.6    0.30     86.6     150.0      90.0      81.0      64.3      48.0      30.0
    23     3  1996     2    1     354.3    294.3    0.30     84.3     150.0      90.0      81.0      63.2      48.0      30.0
    24     3  1996     3    1     352.6    292.6    0.30     82.6     150.0      90.0      81.0      62.5      48.0      30.0
    25     3  1996     4    1     351.4    291.4    0.30     81.4     150.0      90.0      81.0      60.5      48.0      30.0
    26     3  1996     5    2     350.0    290.0    0.33     87.9     163.2      97.9      92.3      68.6      54.8      32.6
    27     3  1996     6    2     348.6    288.6    0.35     93.9     175.5     105.3     101.1      75.2      60.0      35.1
    28     3  1996     7    2     347.4    287.4    0.37     99.5     186.9     112.1     107.6      80.1      63.9      37.4
    29     3  1996     8    2     346.4    286.4    0.39    104.8     197.4     118.5     112.5      83.7      66.8      39.5
    30     3  1996     9    2     345.4    285.4    0.41    109.9     207.4     124.5     118.2      87.9      70.2      41.5
    31     3  1996    10    2     344.5    284.5    0.43    114.7     217.0     130.2     123.0      91.4      73.0      43.4
     1     4  1996    11    2     343.8    283.8    0.45    119.4     226.1     135.7     127.5      94.7      75.6      45.2
     2     4  1996    12    2     343.0    283.0    0.47    124.0     234.9     141.0     132.2      98.2      78.4      47.0
     3     4  1996    13    2     342.3    282.3    0.49    128.3     243.5     146.1     136.9     101.7      81.2      48.7
     4     4  1996    14    2     341.4    281.4    0.50    132.4     251.7     151.0     146.9     109.3      87.2      50.3
     5     4  1996    15    2     340.6    280.6    0.52    136.5     259.8     155.9     150.0     111.6      89.0      52.0
     6     4  1996    16    2     339.7    279.7    0.54    140.3     267.6     160.6     158.2     117.8      93.9      53.5
     7     4  1996    17    2     339.1    279.1    0.55    144.3     275.3     165.2     151.1     112.1      89.6      55.1
     8     4  1996    18    2     338.3    278.3    0.57    148.0     282.8     169.7     161.6     120.1      95.9      56.6
     9     4  1996    19    2     337.6    277.6    0.58    151.7     290.1     174.1     161.0     119.5      95.5      58.0
    10     4  1996    20    2     349.2    289.2    0.59    167.6     297.3     178.4     166.8     123.8      98.9      59.5
    11     4  1996    21    2     346.7    286.7    0.61    169.3     304.3     182.6     168.0     124.6      99.6      60.9
    12     4  1996    22    2     347.1    287.1    0.62    173.9     311.3     186.8     175.1     130.0     103.9      62.3
    13     4  1996    23    2     344.4    284.4    0.64    175.3     318.1     190.9     176.1     130.6     104.4      63.6
    14     4  1996    24    2     358.3    298.3    0.65    193.2     324.8     194.9     183.7     136.5     109.0      65.0
    15     4  1996    25    2     356.6    296.6    0.66    195.5     331.4     198.8     171.5     126.7     101.5      66.3
    16     4  1996    26    2     353.4    293.4    0.68    196.2     337.9     202.8     189.6     140.8     112.4      67.6
    17     4  1996    27    2     350.8    290.8    0.69    197.4     344.4     206.6     192.1     142.6     113.9      68.9
    18     4  1996    28    2     348.0    288.0    0.70    198.4     350.7     210.4     200.9     149.4     119.2      70.1
    19     4  1996    29    2     345.7    285.7    0.71    199.8     357.0     214.2     201.3     149.5     119.4      71.4
    20     4  1996    30    2     343.4    283.4    0.73    201.3     363.1     217.9     203.7     151.3     120.8      72.6
    21     4  1996    31    2     340.8    280.8    0.74    202.3     369.2     221.5     212.7     158.2     126.2      73.8
    22     4  1996    32    2     338.4    278.4    0.75    203.6     375.3     225.2     206.6     153.2     122.5      75.1
    23     4  1996    33    2     335.2    275.2    0.76    203.9     381.3     228.8     220.7     164.2     131.0      76.3
    24     4  1996    34    2     332.6    272.6    0.77    204.9     387.2     232.3     213.1     158.1     126.4      77.4
    25     4  1996    35    3     329.3    269.3    0.79    205.1     393.0     235.8     224.0     166.5     132.9      78.6
    26     4  1996    36    3     325.3    265.3    0.80    204.6     398.8     239.3     232.7     173.2     138.1      79.8
    27     4  1996    37    3     320.8    260.8    0.81    203.5     404.5     242.7     239.1     178.1     142.0      80.9
    28     4  1996    38    3     316.3    256.3    0.82    202.5     410.2     246.1     237.5     176.7     141.0      82.0
    29     4  1996    39    3     311.0    251.0    0.83    200.5     415.8     249.5     247.0     184.1     146.7      83.2
    30     4  1996    40    3     359.6    299.6    0.84    252.5     421.4     252.9     251.6     187.5     149.4      84.3
     1     5  1996    41    3     350.0    290.0    0.85    246.1     427.0     256.2     256.2     200.1     159.1      85.4
     2     5  1996    42    3     342.1    282.1    0.86    241.6     432.4     259.5     256.9     191.4     152.5      86.5
     3     5  1996    43    3     333.6    273.6    0.88    236.3     437.9     262.7     262.7     196.9     156.8      87.6
     4     5  1996    44    3     324.0    264.0    0.89    230.0     443.3     266.0     266.0     205.1     163.2      88.7
     5     5  1996    45    3     316.8    256.8    0.90    225.9     448.6     269.2     266.5     198.6     158.2      89.7
     6     5  1996    46    3     309.5    249.5    0.91    221.9     453.9     272.3     270.3     201.5     160.5      90.8
     7     5  1996    47    3     359.1    299.1    0.92    274.6     459.2     275.5     275.5     208.7     166.1      91.8
     8     5  1996    48    3     349.4    289.4    0.93    268.0     464.4     278.6     278.6     213.3     169.7      92.9
     9     5  1996    49    3     339.3    279.3    0.94    261.1     469.6     281.8     281.8     217.3     172.9      93.9
    10     5  1996    50    3     329.5    269.5    0.95    254.3     474.7     284.8     284.8     218.6     173.9      94.9
    11     5  1996    51    3     318.9    258.9    0.96    246.9     479.9     287.9     287.9     224.3     178.4      96.0
    12     5  1996    52    3     361.0    301.0    0.97    292.0     485.0     291.0     291.0     220.4     175.5      97.0
    13     5  1996    53    3     351.7    291.7    0.98    285.7     490.0     294.0     294.0     221.5     176.4      98.0
    14     5  1996    54    3     341.7    281.7    0.99    278.7     495.0     297.0     297.0     227.9     181.4      99.0
    15     5  1996    55    3     334.0    274.0    1.00    274.0     500.0     300.0     290.2     216.0     172.3     100.0
    16     5  1996    56    3     325.2    265.2    1.00    265.2     500.0     300.0     298.5     222.5     177.3     100.0
    17     5  1996    57    3     315.3    255.3    1.00    255.3     500.0     300.0     300.0     229.0     182.3     100.0
    18     5  1996    58    3     306.1    246.1    1.00    246.1     500.0     300.0     300.0     224.3     178.6     100.0
    19     5  1996    59    3     360.4    300.4    1.00    300.4     500.0     300.0     297.7     221.9     176.8     100.0
    20     5  1996    60    3     353.2    293.2    1.00    293.2     500.0     300.0     285.7     212.4     169.5     100.0
    21     5  1996    61    3     344.4    284.4    1.00    284.4     500.0     300.0     298.5     222.5     177.3     100.0
    22     5  1996    62    3     335.8    275.8    1.00    275.8     500.0     300.0     296.2     220.7     175.9     100.0
    23     5  1996    63    3     327.9    267.9    1.00    267.9     500.0     300.0     291.0     216.6     172.7     100.0
    24     5  1996    64    3     318.7    258.7    1.00    258.7     500.0     300.0     300.0     224.3     178.6     100.0
    25     5  1996    65    3     309.9    249.9    1.00    249.9     500.0     300.0     297.7     221.9     176.8     100.0
    26     5  1996    66    3     300.7    240.7    1.00    240.7     500.0     300.0     300.0     224.3     178.6     100.0
    27     5  1996    67    3     359.8    299.8    1.00    299.8     500.0     300.0     300.0     225.5     179.5     100.0
    28     5  1996    68    3     351.5    291.5    1.00    291.5     500.0     300.0     294.0     219.0     174.5     100.0
    29     5  1996    69    3     341.5    281.5    1.00    281.5     500.0     300.0     300.0     228.4     181.8     100.0
    30     5  1996    70    3     331.5    271.5    1.00    271.5     500.0     300.0     300.0     228.4     181.8     100.0
    31     5  1996    71    3     324.1    264.1    1.00    264.1     500.0     300.0     287.2     213.6     170.5     100.0
     1     6  1996    72    3     318.9    258.9    1.00    258.9     500.0     300.0     293.2     218.4     174.1     100.0
     2     6  1996    73    3     312.2    252.2    1.00    252.2     500.0     300.0     282.0     209.5     167.3     100.0
     3     6  1996    74    3     306.3    246.3    1.00    246.3     500.0     300.0     276.0     204.7     163.6     100.0
     4     6  1996    75    3     299.6    239.6    1.00    239.6     500.0     300.0     282.0     209.5     167.3     100.0
     5     6  1996    76    3     310.1    250.1    1.00    250.1     500.0     300.0     291.0     216.6     172.7     100.0
     6     6  1996    77    4     305.1    245.1    1.00    245.1     500.0     300.0     270.0     200.0     160.0     100.0
     7     6  1996    78    4     296.9    236.9    1.00    236.9     500.0     300.0     293.2     218.4     174.1     100.0
     8     6  1996    79    4     361.1    301.1    1.00    301.1     500.0     300.0     285.0     211.8     169.1     100.0
     9     6  1996    80    4     352.6    292.6    1.00    292.6     500.0     300.0     295.5     220.1     175.5     100.0
    10     6  1996    81    4     353.1    293.1    1.00    293.1     500.0     300.0     276.7     205.3     164.1     100.0
    11     6  1996    82    4     354.1    294.1    1.00    294.1     500.0     300.0     281.2     208.9     166.8     100.0
    12     6  1996    83    4     351.1    291.1    1.00    291.1     500.0     300.0     255.0     188.2     150.9     100.0
    13     6  1996    84    4     349.3    289.3    1.00    289.3     500.0     300.0     267.8     198.2     158.6     100.0
    14     6  1996    85    4     344.4    284.4    1.00    284.4     500.0     300.0     269.3     199.4     159.5     100.0
    15     6  1996    86    4     343.2    283.2    1.00    283.2     500.0     300.0     271.5     201.2     160.9     100.0
    16     6  1996    87    4     340.6    280.6    1.00    280.6     500.0     300.0     263.3     194.7     155.9     100.0
    17     6  1996    88    4     333.8    273.8    1.00    273.8     500.0     300.0     283.5     210.7     168.2     100.0
    18     6  1996    89    4     327.1    267.1    1.00    267.1     500.0     300.0     282.7     210.1     167.7     100.0
    19     6  1996    90    4     323.2    263.2    1.00    263.2     500.0     300.0     276.7     205.3     164.1     100.0
    20     6  1996    91    4     321.9    261.9    1.00    261.9     500.0     300.0     269.3     199.4     159.5     100.0
    21     6  1996    92    4     313.8    253.8    1.00    253.8     500.0     300.0     294.0     219.0     174.5     100.0
    22     6  1996    93    4     305.0    245.0    1.00    245.0     500.0     300.0     299.2     223.1     177.7     100.0
    23     6  1996    94    4     360.4    300.4    1.00    300.4     500.0     300.0     297.0     221.3     176.4     100.0
    24     6  1996    95    4     353.3    293.3    1.00    293.3     500.0     300.0     287.2     213.6     170.5     100.0
    25     6  1996    96    4     369.4    309.4    1.00    309.4     500.0     300.0     289.5     215.4     171.8     100.0
    26     6  1996    97    4     361.9    301.9    1.00    301.9     500.0     300.0     292.5     217.8     173.6     100.0
    27     6  1996    98    4     354.7    294.7    1.00    294.7     500.0     300.0     288.7     214.8     171.4     100.0
    28     6  1996    99    4     351.0    290.9    1.00    290.9     500.0     300.0     273.7     203.0     162.3     100.0
    29     6  1996   100    4     344.0    284.0    1.00    284.0     500.0     300.0     288.7     214.8     171.4     100.0
    30     6  1996   101    4     336.1    276.1    1.00    276.1     500.0     300.0     300.0     223.7     178.2     100.0
     1     7  1996   102    4     328.9    268.9    1.00    268.9     500.0     300.0     299.2     223.1     177.7     100.0
     2     7  1996   103    4     323.1    263.1    1.00    263.1     500.0     300.0     288.7     214.8     171.4     100.0
     3     7  1996   104    4     317.6    257.6    1.00    257.6     500.0     300.0     288.7     214.8     171.4     100.0
     4     7  1996   105    4     314.6    254.6    1.00    254.6     500.0     300.0     273.0     202.4     161.8     100.0
     5     7  1996   106    4     309.8    249.8    1.00    249.8     500.0     300.0     278.2     206.5     165.0     100.0
     6     7  1996   107    4     307.3    247.3    1.00    247.3     500.0     300.0     267.0     197.6     158.2     100.0
     7     7  1996   108    4     304.6    244.6    1.00    244.6     500.0     300.0     281.2     208.9     166.8     100.0
     8     7  1996   109    4     302.2    242.2    1.00    242.2     500.0     300.0     257.3     189.9     152.3     100.0
     9     7  1996   110    4     299.1    239.1    1.00    239.1     500.0     300.0     267.8     198.2     158.6     100.0

Legend

DAP          : Days after planting
Stage        : 0: before/after planting
Stage        : 1: emergence or transplant recovery
Stage        : 2: vegetative stage
Stage        : 3: flowering
Stage        : 4: yield formation and ripening
WCTot        : Water content in total soil profile (layer: 0.00 - 1.20 m)
Wr(Zx)       : Water content in maximum effective root zone (Zx = 1.00 m)
Z            : Effective rooting depth
Wr           : Water content in effective root zone
Wr(Sat)      : Water content in effective root zone if saturated
Wr(FC)       : Water content in effective root zone at field capacity
Wr(exp)      : Water content in effective root zone at upper threshold for leaf expansion
Wr(sto)      : Water content in effective root zone at upper threshold for stomatal closure
Wr(sen)      : Water content in effective root zone at upper threshold for early canopy senescence
Wr(PWP)      : Water content in effective root zone at permanent wilting point
