AquaCrop 5.0 (October 2015) - Output created on (date) : 4/8/2017   at (time) : 11:24:30 PM
Climate input data

** Run number:  1
   Day Month  Year   DAP Stage     Rain       ETo      Tmin      Tavg      Tmax      CO2
                                    mm        mm        °C        °C        °C       ppm
    22     3  1996     1    1       0.0       7.4      20.5      28.8      37.0    362.37
    23     3  1996     2    1       0.0       6.8      19.8      28.4      37.0    362.37
    24     3  1996     3    1       0.0       6.4      20.6      29.3      38.0    362.37
    25     3  1996     4    1       0.0       5.3      20.5      29.0      37.5    362.37
    26     3  1996     5    2       0.0       6.7      21.5      30.3      39.0    362.37
    27     3  1996     6    2       0.0       7.4      22.0      30.8      39.5    362.37
    28     3  1996     7    2       0.0       7.4      20.0      29.5      39.0    362.37
    29     3  1996     8    2       0.0       7.0      22.0      30.5      39.0    362.37
    30     3  1996     9    2       0.0       7.0      25.0      32.3      39.5    362.37
    31     3  1996    10    2       0.0       6.8      25.2      32.1      39.0    362.37
     1     4  1996    11    2       0.0       6.6      20.5      29.3      38.0    362.37
     2     4  1996    12    2       0.0       6.5      21.0      29.0      37.0    362.37
     3     4  1996    13    2       0.0       6.5      21.5      29.3      37.0    362.37
     4     4  1996    14    2       0.0       7.9      22.0      29.0      36.0    362.37
     5     4  1996    15    2       0.0       7.5      24.0      30.0      36.0    362.37
     6     4  1996    16    2       0.0       8.4      23.8      29.9      36.0    362.37
     7     4  1996    17    2       0.0       5.6      20.6      27.8      35.0    362.37
     8     4  1996    18    2       0.0       7.1      20.5      28.3      36.0    362.37
     9     4  1996    19    2       0.0       6.0      23.5      30.8      38.0    362.37
    10     4  1996    20    2      15.4       6.4      21.5      29.5      37.5    362.37
    11     4  1996    21    2       0.3       5.8      21.0      28.0      35.0    362.37
    12     4  1996    22    2       4.3       6.5      20.5      27.8      35.0    362.37
    13     4  1996    23    2       0.0       5.9      21.8      27.9      34.0    362.37
    14     4  1996    24    2      18.4       6.7      18.6      26.1      33.5    362.37
    15     4  1996    25    2       0.4       3.5      19.6      24.3      29.0    362.37
    16     4  1996    26    2       0.0       6.4      20.5      26.8      33.0    362.37
    17     4  1996    27    2       0.0       6.2      21.5      28.0      34.5    362.37
    18     4  1996    28    2       0.0       7.2      22.7      29.6      36.5    362.37
    19     4  1996    29    2       0.0       6.6      23.7      30.1      36.5    362.37
    20     4  1996    30    2       0.0       6.4      24.5      30.8      37.0    362.37
    21     4  1996    31    2       1.6       7.4      25.0      31.7      38.4    362.37
    22     4  1996    32    2       0.0       5.7      21.5      28.3      35.0    362.37
    23     4  1996    33    2       0.0       7.6      24.5      31.3      38.0    362.37
    24     4  1996    34    2       0.0       5.7      23.5      29.5      35.5    362.37
    25     4  1996    35    3       0.0       7.0      23.6      30.8      38.0    362.37
    26     4  1996    36    3       0.0       7.9      24.0      31.3      38.6    362.37
    27     4  1996    37    3       0.0       8.4      23.6      31.7      39.8    362.37
    28     4  1996    38    3       0.0       7.6      25.5      33.0      40.5    362.37
    29     4  1996    39    3       0.0       8.6      24.5      32.6      40.8    362.37
    30     4  1996    40    3       0.0       8.8      26.2      33.9      41.5    362.37
     1     5  1996    41    3       0.0      10.8      26.5      34.5      42.5    362.37
     2     5  1996    42    3       0.0       8.6      25.2      32.9      40.5    362.37
     3     5  1996    43    3       0.0       9.2      23.5      31.6      39.6    362.37
     4     5  1996    44    3       0.0      10.3      22.7      31.8      40.8    362.37
     5     5  1996    45    3       0.0       8.6      20.0      30.0      40.0    362.37
     6     5  1996    46    3       0.0       8.7      23.0      31.8      40.6    362.37
     7     5  1996    47    3       0.0       9.6      23.8      32.2      40.6    362.37
     8     5  1996    48    3       0.0      10.0      25.0      33.3      41.6    362.37
     9     5  1996    49    3       0.0      10.3      24.5      33.1      41.8    362.37
    10     5  1996    50    3       0.0      10.1      25.5      33.3      41.0    362.37
    11     5  1996    51    3       0.0      10.7      23.5      32.4      41.2    362.37
    12     5  1996    52    3       0.0       9.6      22.0      31.0      40.0    362.37
    13     5  1996    53    3       0.0       9.4      21.5      30.6      39.8    362.37
    14     5  1996    54    3       0.0      10.1      24.0      32.0      40.0    362.37
    15     5  1996    55    3       0.0       7.7      24.7      32.1      39.6    362.37
    16     5  1996    56    3       0.0       8.8      25.2      32.4      39.5    362.37
    17     5  1996    57    3       0.0       9.9      24.5      32.3      40.0    362.37
    18     5  1996    58    3       0.0       9.1      25.8      33.3      40.8    362.37
    19     5  1996    59    3       0.0       8.7      26.5      33.3      40.0    362.37
    20     5  1996    60    3       0.0       7.1      23.5      30.5      37.5    362.37
    21     5  1996    61    3       0.0       8.8      23.5      31.8      40.0    362.37
    22     5  1996    62    3       0.0       8.5      26.0      33.0      40.0    362.37
    23     5  1996    63    3       0.0       7.8      26.0      33.5      41.0    362.37
    24     5  1996    64    3       0.0       9.1      25.5      33.3      41.0    362.37
    25     5  1996    65    3       0.0       8.7      28.0      34.5      41.0    362.37
    26     5  1996    66    3       0.0       9.1      27.2      34.0      40.7    362.37
    27     5  1996    67    3       5.6       9.3      22.4      31.8      41.2    362.37
    28     5  1996    68    3       0.0       8.2      24.5      31.8      39.0    362.37
    29     5  1996    69    3       0.0       9.8      25.7      32.4      39.0    362.37
    30     5  1996    70    3       0.0       9.8      28.5      34.4      40.2    362.37
    31     5  1996    71    3       0.0       7.3      26.6      33.5      40.5    362.37
     1     6  1996    72    3       3.0       8.1      26.0      33.8      41.6    362.37
     2     6  1996    73    3       0.0       6.6      26.0      32.3      38.6    362.37
     3     6  1996    74    3       0.0       5.8      27.8      31.3      34.8    362.37
     4     6  1996    75    3       0.0       6.6      26.0      32.1      38.2    362.37
     5     6  1996    76    3      18.4       7.8      22.6      30.6      38.6    362.37
     6     6  1996    77    4       0.0       5.0      24.0      31.3      38.6    362.37
     7     6  1996    78    4       0.0       8.1      24.5      31.8      39.0    362.37
     8     6  1996    79    4       0.0       7.0      24.0      30.8      37.5    362.37
     9     6  1996    80    4       0.0       8.4      23.6      31.2      38.8    362.37
    10     6  1996    81    4       6.6       5.9      24.5      30.3      36.0    362.37
    11     6  1996    82    4       8.0       6.5      23.4      29.4      35.5    362.37
    12     6  1996    83    4       0.0       3.0      21.5      25.8      30.0    362.37
    13     6  1996    84    4       3.0       4.7      24.0      28.8      33.5    362.37
    14     6  1996    85    4       0.0       4.9      24.5      28.8      33.0    362.37
    15     6  1996    86    4       4.0       5.2      24.0      28.8      33.6    362.37
    16     6  1996    87    4       1.5       4.1      22.5      26.8      31.0    362.37
    17     6  1996    88    4       0.0       6.8      23.5      28.1      32.8    362.37
    18     6  1996    89    4       0.0       6.7      24.4      28.2      32.0    362.37
    19     6  1996    90    4       2.0       5.9      23.5      28.0      32.5    362.37
    20     6  1996    91    4       3.6       4.9      22.5      27.3      32.0    362.37
    21     6  1996    92    4       0.0       8.2      23.0      28.8      34.5    362.37
    22     6  1996    93    4       0.0       8.9      22.8      29.2      35.6    362.37
    23     6  1996    94    4       0.0       8.6      24.0      29.5      35.0    362.37
    24     6  1996    95    4       0.0       7.3      24.0      28.8      33.5    362.37
    25     6  1996    96    4      35.4       7.6      23.0      29.3      35.5    362.37
    26     6  1996    97    4       0.0       8.0      24.5      29.8      35.0    362.37
    27     6  1996    98    4       0.0       7.5      25.2      30.1      35.0    362.37
    28     6  1996    99    4       1.6       5.5      24.8      28.9      33.0    362.37
    29     6  1996   100    4       0.0       7.5      24.2      29.6      35.0    362.37
    30     6  1996   101    4       0.0       9.0      24.5      29.8      35.0    362.37
     1     7  1996   102    4       0.0       8.9      24.5      29.9      35.2    362.37
     2     7  1996   103    4       0.0       7.5      23.5      28.9      34.2    362.37
     3     7  1996   104    4       0.0       7.5      25.5      30.3      35.0    362.37
     4     7  1996   105    4       1.4       5.4      23.0      28.3      33.5    362.37
     5     7  1996   106    4       0.0       6.1      24.5      29.8      35.0    362.37
     6     7  1996   107    4       1.0       4.6      23.0      27.5      32.0    362.37
     7     7  1996   108    4       2.0       6.5      22.5      28.0      33.5    362.37
     8     7  1996   109    4       0.0       3.3      23.0      25.6      28.2    362.37
     9     7  1996   110    4       0.0       4.7      22.8      27.1      31.5    362.37

Legend

DAP          : Days after planting
Stage        : 0: before/after planting
Stage        : 1: emergence or transplant recovery
Stage        : 2: vegetative stage
Stage        : 3: flowering
Stage        : 4: yield formation and ripening
Rain         : Rainfall
ETo          : Reference evapotranspiration
Tmin         : Minimum air temperature
Tavg         : Average air temperature
Tmax         : Maximum air temperature
CO2          : atmospheric CO2 concentration
