AquaCrop 5.0 (October 2015) - Output created on (date) : 4/8/2017   at (time) : 11:24:30 PM
Soil Water Content at various depths (at center of compartments)

** Run number:  1
                 at depth (m):      0.05        0.15        0.25        0.35        0.45        0.55        0.65        0.75        0.85        0.95        1.05        1.15
   Day Month  Year   DAP Stage   WC1(vol%)   WC2(vol%)   WC3(vol%)   WC4(vol%)   WC5(vol%)   WC6(vol%)   WC7(vol%)   WC8(vol%)   WC9(vol%)  WC10(vol%)  WC11(vol%)  WC12(vol%)
    22     3  1996     1    1       26.6        30.0        30.0        30.0        30.0        30.0        30.0        30.0        30.0        30.0        30.0        30.0
    23     3  1996     2    1       24.3        30.0        30.0        30.0        30.0        30.0        30.0        30.0        30.0        30.0        30.0        30.0
    24     3  1996     3    1       22.6        30.0        30.0        30.0        30.0        30.0        30.0        30.0        30.0        30.0        30.0        30.0
    25     3  1996     4    1       21.4        30.0        30.0        30.0        30.0        30.0        30.0        30.0        30.0        30.0        30.0        30.0
    26     3  1996     5    2       20.0        30.0        30.0        30.0        30.0        30.0        30.0        30.0        30.0        30.0        30.0        30.0
    27     3  1996     6    2       18.6        30.0        30.0        30.0        30.0        30.0        30.0        30.0        30.0        30.0        30.0        30.0
    28     3  1996     7    2       17.4        30.0        30.0        30.0        30.0        30.0        30.0        30.0        30.0        30.0        30.0        30.0
    29     3  1996     8    2       16.4        30.0        30.0        30.0        30.0        30.0        30.0        30.0        30.0        30.0        30.0        30.0
    30     3  1996     9    2       15.4        30.0        30.0        30.0        30.0        30.0        30.0        30.0        30.0        30.0        30.0        30.0
    31     3  1996    10    2       14.5        30.0        30.0        30.0        30.0        30.0        30.0        30.0        30.0        30.0        30.0        30.0
     1     4  1996    11    2       13.8        30.0        30.0        30.0        30.0        30.0        30.0        30.0        30.0        30.0        30.0        30.0
     2     4  1996    12    2       13.0        30.0        30.0        30.0        30.0        30.0        30.0        30.0        30.0        30.0        30.0        30.0
     3     4  1996    13    2       12.3        30.0        30.0        30.0        30.0        30.0        30.0        30.0        30.0        30.0        30.0        30.0
     4     4  1996    14    2       11.4        30.0        30.0        30.0        30.0        30.0        30.0        30.0        30.0        30.0        30.0        30.0
     5     4  1996    15    2       10.6        30.0        30.0        30.0        30.0        30.0        30.0        30.0        30.0        30.0        30.0        30.0
     6     4  1996    16    2       10.0        29.7        30.0        30.0        30.0        30.0        30.0        30.0        30.0        30.0        30.0        30.0
     7     4  1996    17    2        9.8        29.3        30.0        30.0        30.0        30.0        30.0        30.0        30.0        30.0        30.0        30.0
     8     4  1996    18    2        9.4        28.9        30.0        30.0        30.0        30.0        30.0        30.0        30.0        30.0        30.0        30.0
     9     4  1996    19    2        9.1        28.5        30.0        30.0        30.0        30.0        30.0        30.0        30.0        30.0        30.0        30.0
    10     4  1996    20    2       20.8        28.5        30.0        30.0        30.0        30.0        30.0        30.0        30.0        30.0        30.0        30.0
    11     4  1996    21    2       18.3        28.5        30.0        30.0        30.0        30.0        30.0        30.0        30.0        30.0        30.0        30.0
    12     4  1996    22    2       18.7        28.5        30.0        30.0        30.0        30.0        30.0        30.0        30.0        30.0        30.0        30.0
    13     4  1996    23    2       16.0        28.5        30.0        30.0        30.0        30.0        30.0        30.0        30.0        30.0        30.0        30.0
    14     4  1996    24    2       29.9        28.5        30.0        30.0        30.0        30.0        30.0        30.0        30.0        30.0        30.0        30.0
    15     4  1996    25    2       28.2        28.5        30.0        30.0        30.0        30.0        30.0        30.0        30.0        30.0        30.0        30.0
    16     4  1996    26    2       24.9        28.5        30.0        30.0        30.0        30.0        30.0        30.0        30.0        30.0        30.0        30.0
    17     4  1996    27    2       22.3        28.5        30.0        30.0        30.0        30.0        30.0        30.0        30.0        30.0        30.0        30.0
    18     4  1996    28    2       19.6        28.5        30.0        30.0        30.0        30.0        30.0        30.0        30.0        30.0        30.0        30.0
    19     4  1996    29    2       17.2        28.5        30.0        30.0        30.0        30.0        30.0        30.0        30.0        30.0        30.0        30.0
    20     4  1996    30    2       14.9        28.5        30.0        30.0        30.0        30.0        30.0        30.0        30.0        30.0        30.0        30.0
    21     4  1996    31    2       12.6        28.2        30.0        30.0        30.0        30.0        30.0        30.0        30.0        30.0        30.0        30.0
    22     4  1996    32    2       10.9        27.5        30.0        30.0        30.0        30.0        30.0        30.0        30.0        30.0        30.0        30.0
    23     4  1996    33    2       10.1        25.3        29.8        30.0        30.0        30.0        30.0        30.0        30.0        30.0        30.0        30.0
    24     4  1996    34    2        9.8        23.1        29.7        30.0        30.0        30.0        30.0        30.0        30.0        30.0        30.0        30.0
    25     4  1996    35    3        9.6        20.8        28.9        30.0        30.0        30.0        30.0        30.0        30.0        30.0        30.0        30.0
    26     4  1996    36    3        9.4        18.6        27.3        30.0        30.0        30.0        30.0        30.0        30.0        30.0        30.0        30.0
    27     4  1996    37    3        9.2        16.5        25.4        29.7        30.0        30.0        30.0        30.0        30.0        30.0        30.0        30.0
    28     4  1996    38    3        9.1        14.6        23.4        29.3        30.0        30.0        30.0        30.0        30.0        30.0        30.0        30.0
    29     4  1996    39    3        9.0        13.0        21.4        27.6        30.0        30.0        30.0        30.0        30.0        30.0        30.0        30.0
    30     4  1996    40    3       45.5        26.0        20.5        27.6        30.0        30.0        30.0        30.0        30.0        30.0        30.0        30.0
     1     5  1996    41    3       29.2        29.9        23.9        27.0        30.0        30.0        30.0        30.0        30.0        30.0        30.0        30.0
     2     5  1996    42    3       25.0        27.6        22.5        27.0        30.0        30.0        30.0        30.0        30.0        30.0        30.0        30.0
     3     5  1996    43    3       20.9        25.3        20.5        27.0        30.0        30.0        30.0        30.0        30.0        30.0        30.0        30.0
     4     5  1996    44    3       16.8        23.0        18.5        25.6        30.0        30.0        30.0        30.0        30.0        30.0        30.0        30.0
     5     5  1996    45    3       14.3        20.7        16.7        25.1        30.0        30.0        30.0        30.0        30.0        30.0        30.0        30.0
     6     5  1996    46    3       12.3        18.5        14.9        23.8        30.0        30.0        30.0        30.0        30.0        30.0        30.0        30.0
     7     5  1996    47    3       46.1        37.2        13.5        22.3        30.0        30.0        30.0        30.0        30.0        30.0        30.0        30.0
     8     5  1996    48    3       30.2        31.8        26.5        20.9        30.0        30.0        30.0        30.0        30.0        30.0        30.0        30.0
     9     5  1996    49    3       26.2        28.2        25.8        19.1        30.0        30.0        30.0        30.0        30.0        30.0        30.0        30.0
    10     5  1996    50    3       22.4        25.9        23.8        17.4        29.9        30.0        30.0        30.0        30.0        30.0        30.0        30.0
    11     5  1996    51    3       18.7        23.6        21.7        15.9        29.1        30.0        30.0        30.0        30.0        30.0        30.0        30.0
    12     5  1996    52    3       46.3        41.5        19.6        14.4        29.1        30.0        30.0        30.0        30.0        30.0        30.0        30.0
    13     5  1996    53    3       30.6        31.8        30.5        19.8        29.1        30.0        30.0        30.0        30.0        30.0        30.0        30.0
    14     5  1996    54    3       26.5        28.2        28.3        19.7        28.9        30.0        30.0        30.0        30.0        30.0        30.0        30.0
    15     5  1996    55    3       23.2        25.9        26.3        19.7        28.9        30.0        30.0        30.0        30.0        30.0        30.0        30.0
    16     5  1996    56    3       19.7        23.5        24.2        18.8        28.9        30.0        30.0        30.0        30.0        30.0        30.0        30.0
    17     5  1996    57    3       16.4        21.2        22.1        17.1        28.5        30.0        30.0        30.0        30.0        30.0        30.0        30.0
    18     5  1996    58    3       13.5        18.9        20.0        15.5        28.2        30.0        30.0        30.0        30.0        30.0        30.0        30.0
    19     5  1996    59    3       46.6        43.1        18.0        14.5        28.2        30.0        30.0        30.0        30.0        30.0        30.0        30.0
    20     5  1996    60    3       31.0        31.9        31.0        21.2        28.2        30.0        30.0        30.0        30.0        30.0        30.0        30.0
    21     5  1996    61    3       26.9        28.2        28.3        22.7        28.2        30.0        30.0        30.0        30.0        30.0        30.0        30.0
    22     5  1996    62    3       23.6        25.9        26.2        21.9        28.2        30.0        30.0        30.0        30.0        30.0        30.0        30.0
    23     5  1996    63    3       20.3        23.6        24.1        21.7        28.2        30.0        30.0        30.0        30.0        30.0        30.0        30.0
    24     5  1996    64    3       17.1        21.2        22.0        20.2        28.2        30.0        30.0        30.0        30.0        30.0        30.0        30.0
    25     5  1996    65    3       14.2        18.9        19.9        18.7        28.2        30.0        30.0        30.0        30.0        30.0        30.0        30.0
    26     5  1996    66    3       11.9        16.7        17.9        16.9        27.2        30.0        30.0        30.0        30.0        30.0        30.0        30.0
    27     5  1996    67    3       46.6        44.8        16.1        15.4        26.9        30.0        30.0        30.0        30.0        30.0        30.0        30.0
    28     5  1996    68    3       30.9        31.9        30.5        21.2        26.9        30.0        30.0        30.0        30.0        30.0        30.0        30.0
    29     5  1996    69    3       26.9        28.2        28.3        21.4        26.7        30.0        30.0        30.0        30.0        30.0        30.0        30.0
    30     5  1996    70    3       23.5        25.9        26.2        19.5        26.4        30.0        30.0        30.0        30.0        30.0        30.0        30.0
    31     5  1996    71    3       20.3        23.6        24.3        19.5        26.4        30.0        30.0        30.0        30.0        30.0        30.0        30.0
     1     6  1996    72    3       20.1        21.2        22.2        19.0        26.4        30.0        30.0        30.0        30.0        30.0        30.0        30.0
     2     6  1996    73    3       17.0        18.9        20.9        19.0        26.4        30.0        30.0        30.0        30.0        30.0        30.0        30.0
     3     6  1996    74    3       14.2        16.6        20.1        19.0        26.4        30.0        30.0        30.0        30.0        30.0        30.0        30.0
     4     6  1996    75    3       12.0        14.5        18.0        18.7        26.4        30.0        30.0        30.0        30.0        30.0        30.0        30.0
     5     6  1996    76    3       27.2        12.8        16.1        17.7        26.4        30.0        30.0        30.0        30.0        30.0        30.0        30.0
     6     6  1996    77    4       24.2        11.4        15.5        17.7        26.4        30.0        30.0        30.0        30.0        30.0        30.0        30.0
     7     6  1996    78    4       20.9        10.7        13.8        16.0        25.5        30.0        30.0        30.0        30.0        30.0        30.0        30.0
     8     6  1996    79    4       46.9        47.7        15.1        16.0        25.5        30.0        30.0        30.0        30.0        30.0        30.0        30.0
     9     6  1996    80    4       31.0        32.1        30.9        23.2        25.5        30.0        30.0        30.0        30.0        30.0        30.0        30.0
    10     6  1996    81    4       33.6        28.3        29.9        25.7        25.5        30.0        30.0        30.0        30.0        30.0        30.0        30.0
    11     6  1996    82    4       35.5        27.9        29.0        26.1        25.5        30.0        30.0        30.0        30.0        30.0        30.0        30.0
    12     6  1996    83    4       28.8        30.4        30.1        26.3        25.5        30.0        30.0        30.0        30.0        30.0        30.0        30.0
    13     6  1996    84    4       28.8        28.3        30.1        26.6        25.5        30.0        30.0        30.0        30.0        30.0        30.0        30.0
    14     6  1996    85    4       25.9        26.4        30.0        26.6        25.5        30.0        30.0        30.0        30.0        30.0        30.0        30.0
    15     6  1996    86    4       26.9        24.2        30.0        26.6        25.5        30.0        30.0        30.0        30.0        30.0        30.0        30.0
    16     6  1996    87    4       25.5        23.0        30.0        26.6        25.5        30.0        30.0        30.0        30.0        30.0        30.0        30.0
    17     6  1996    88    4       22.3        20.7        28.7        26.6        25.5        30.0        30.0        30.0        30.0        30.0        30.0        30.0
    18     6  1996    89    4       19.2        18.3        27.4        26.6        25.5        30.0        30.0        30.0        30.0        30.0        30.0        30.0
    19     6  1996    90    4       18.2        16.1        26.8        26.6        25.5        30.0        30.0        30.0        30.0        30.0        30.0        30.0
    20     6  1996    91    4       18.8        14.2        26.8        26.6        25.5        30.0        30.0        30.0        30.0        30.0        30.0        30.0
    21     6  1996    92    4       15.7        12.6        24.7        25.2        25.5        30.0        30.0        30.0        30.0        30.0        30.0        30.0
    22     6  1996    93    4       13.1        11.4        22.6        23.4        24.5        30.0        30.0        30.0        30.0        30.0        30.0        30.0
    23     6  1996    94    4       46.7        35.9        20.5        22.8        24.5        30.0        30.0        30.0        30.0        30.0        30.0        30.0
    24     6  1996    95    4       31.0        31.9        29.9        26.0        24.5        30.0        30.0        30.0        30.0        30.0        30.0        30.0
    25     6  1996    96    4       46.8        31.9        28.8        27.5        24.5        30.0        30.0        30.0        30.0        30.0        30.0        30.0
    26     6  1996    97    4       30.9        31.4        30.2        31.0        28.2        30.0        30.0        30.0        30.0        30.0        30.0        30.0
    27     6  1996    98    4       27.0        28.1        29.0        30.3        30.2        30.0        30.0        30.0        30.0        30.0        30.0        30.0
    28     6  1996    99    4       25.5        26.2        29.0        30.1        30.0        30.0        30.0        30.0        30.0        30.0        30.0        30.0
    29     6  1996   100    4       22.2        23.8        27.9        30.0        30.0        30.0        30.0        30.0        30.0        30.0        30.0        30.0
    30     6  1996   101    4       19.0        21.5        25.8        29.9        30.0        30.0        30.0        30.0        30.0        30.0        30.0        30.0
     1     7  1996   102    4       16.2        19.2        23.7        29.8        30.0        30.0        30.0        30.0        30.0        30.0        30.0        30.0
     2     7  1996   103    4       13.9        16.9        22.4        29.8        30.0        30.0        30.0        30.0        30.0        30.0        30.0        30.0
     3     7  1996   104    4       12.1        14.9        20.8        29.8        30.0        30.0        30.0        30.0        30.0        30.0        30.0        30.0
     4     7  1996   105    4       11.3        13.0        20.4        29.8        30.0        30.0        30.0        30.0        30.0        30.0        30.0        30.0
     5     7  1996   106    4       10.2        11.6        18.3        29.7        30.0        30.0        30.0        30.0        30.0        30.0        30.0        30.0
     6     7  1996   107    4       10.2        10.6        16.8        29.7        30.0        30.0        30.0        30.0        30.0        30.0        30.0        30.0
     7     7  1996   108    4       10.5        10.2        14.9        28.8        30.0        30.0        30.0        30.0        30.0        30.0        30.0        30.0
     8     7  1996   109    4       10.0        10.1        13.3        28.8        30.0        30.0        30.0        30.0        30.0        30.0        30.0        30.0
     9     7  1996   110    4        9.4        10.0        11.9        27.8        30.0        30.0        30.0        30.0        30.0        30.0        30.0        30.0

Legend

DAP          : Days after planting
Stage        : 0: before/after planting
Stage        : 1: emergence or transplant recovery
Stage        : 2: vegetative stage
Stage        : 3: flowering
Stage        : 4: yield formation and ripening
