AquaCrop 5.0 (October 2015) - Output created on (date) : 4/8/2017   at (time) : 11:24:30 PM
Simulation run

    RunNr     Day1   Month1    Year1     Rain      ETo       GD     CO2      Irri   Infilt   Runoff    Drain   Upflow        E     E/Ex       Tr      TrW   Tr/Trx    SaltIn   SaltOut    SaltUp  SaltProf     Cycle   SaltStr  FertStr  WeedStr  TempStr   ExpStr   StoStr  BioMass  Brelative   HI     Yield     WPet     DayN   MonthN    YearN
                                           mm       mm    °C.day    ppm        mm       mm       mm       mm       mm       mm        %       mm       mm        %    ton/ha    ton/ha    ton/ha    ton/ha      days       %        %        %        %        %        %    ton/ha        %       %    ton/ha    kg/m3
        1       22        3     1996      138      811     2066   362.37      428      552       13        1        0       99       55      514      511      100     0.000     0.000     0.000     0.000      106        0        0        0        0        5        0    11.836       98     63.0    7.456     1.22        9        7     1996

Legend

RunNr      Number simulation run
Day1       Start day of simulation run
Month1     Start month of simulation run
Year1      Start year of simulation run
Rain       Rainfall
ETo        Reference evapotranspiration
GD         Growing degrees
CO2        Atmospheric CO2 concentration
Irri       Water applied by irrigation OR Net irrigation requirement
Infilt     Infiltrated water in soil profile
Runoff     Water lost by surface runoff
Drain      Water drained out of the soil profile
Upflow     Water moved upward by capillary rise
E          Soil evaporation
E/Ex       Relative soil evaporation (100 E/Ex)
Tr         Total transpiration of crop and weeds
TrW        Crop transpiration by weed infestation
Tr/Trx     Relative total transpiration (100 Tr/Trx)
SaltIn     Salt infiltrated in the soil profile
SaltOut    Salt drained out of the soil profile
SaltUp     Salt moved upward by capillary rise from groundwater table
SaltProf   Salt stored in the soil profile
Cycle      Length of crop cycle: from germination to maturity (or early senescence)
SaltStr    Average soil salinity stress
FertStr    Average soil fertility stress
WeedStr    Relative cover of weeds at canopy closure
TempStr    Average temperature stress (affecting biomass)
ExpStr     Average leaf expansion stress
StoStr     Average stomatal stress
Biomass    Cumulative biomass produced
Brelative  Relative biomass (Reference: no water, no soil fertility, no soil salinity stress)
HI         Harvest Index adjusted for failure of pollination, inadequate photosynthesis and water stress
Yield      Yield (HI x Biomass)
WPet       ET Water Productivity for yield part (kg yield produced per m3 water evapotranspired)
DayN       End day of simulation run
MonthN     End month of simulation run
YearN      End year of simulation run
