AquaCrop 5.0 (October 2015) - Output created on (date) : 4/8/2017   at (time) : 11:24:30 PM
Soil salinity in soil profile and root zone

** Run number:  1   -- Salt balance for soil profile (Total layer: 0.00 - 1.20 m) and soil salinity in root zone (Z)
   Day Month  Year   DAP Stage   SaltIn    SaltOut   SaltUp    SaltTot    SaltZ     Z       ECe    ECsw   StSalt  Zgwt    ECgw
                                 ton/ha    ton/ha    ton/ha    ton/ha    ton/ha     m      dS/m    dS/m      %     m      dS/m
    22     3  1996     1    1     0.000     0.000     0.000     0.000     0.000    0.30    0.00    0.00      0   -9.90   -9.00
    23     3  1996     2    1     0.000     0.000     0.000     0.000     0.000    0.30    0.00    0.00      0   -9.90   -9.00
    24     3  1996     3    1     0.000     0.000     0.000     0.000     0.000    0.30    0.00    0.00      0   -9.90   -9.00
    25     3  1996     4    1     0.000     0.000     0.000     0.000     0.000    0.30    0.00    0.00      0   -9.90   -9.00
    26     3  1996     5    2     0.000     0.000     0.000     0.000     0.000    0.33    0.00    0.00      0   -9.90   -9.00
    27     3  1996     6    2     0.000     0.000     0.000     0.000     0.000    0.35    0.00    0.00      0   -9.90   -9.00
    28     3  1996     7    2     0.000     0.000     0.000     0.000     0.000    0.37    0.00    0.00      0   -9.90   -9.00
    29     3  1996     8    2     0.000     0.000     0.000     0.000     0.000    0.39    0.00    0.00      0   -9.90   -9.00
    30     3  1996     9    2     0.000     0.000     0.000     0.000     0.000    0.41    0.00    0.00      0   -9.90   -9.00
    31     3  1996    10    2     0.000     0.000     0.000     0.000     0.000    0.43    0.00    0.00      0   -9.90   -9.00
     1     4  1996    11    2     0.000     0.000     0.000     0.000     0.000    0.45    0.00    0.00      0   -9.90   -9.00
     2     4  1996    12    2     0.000     0.000     0.000     0.000     0.000    0.47    0.00    0.00      0   -9.90   -9.00
     3     4  1996    13    2     0.000     0.000     0.000     0.000     0.000    0.49    0.00    0.00      0   -9.90   -9.00
     4     4  1996    14    2     0.000     0.000     0.000     0.000     0.000    0.50    0.00    0.00      0   -9.90   -9.00
     5     4  1996    15    2     0.000     0.000     0.000     0.000     0.000    0.52    0.00    0.00      0   -9.90   -9.00
     6     4  1996    16    2     0.000     0.000     0.000     0.000     0.000    0.54    0.00    0.00      0   -9.90   -9.00
     7     4  1996    17    2     0.000     0.000     0.000     0.000     0.000    0.55    0.00    0.00      0   -9.90   -9.00
     8     4  1996    18    2     0.000     0.000     0.000     0.000     0.000    0.57    0.00    0.00      0   -9.90   -9.00
     9     4  1996    19    2     0.000     0.000     0.000     0.000     0.000    0.58    0.00    0.00      0   -9.90   -9.00
    10     4  1996    20    2     0.000     0.000     0.000     0.000     0.000    0.59    0.00    0.00      0   -9.90   -9.00
    11     4  1996    21    2     0.000     0.000     0.000     0.000     0.000    0.61    0.00    0.00      0   -9.90   -9.00
    12     4  1996    22    2     0.000     0.000     0.000     0.000     0.000    0.62    0.00    0.00      0   -9.90   -9.00
    13     4  1996    23    2     0.000     0.000     0.000     0.000     0.000    0.64    0.00    0.00      0   -9.90   -9.00
    14     4  1996    24    2     0.000     0.000     0.000     0.000     0.000    0.65    0.00    0.00      0   -9.90   -9.00
    15     4  1996    25    2     0.000     0.000     0.000     0.000     0.000    0.66    0.00    0.00      0   -9.90   -9.00
    16     4  1996    26    2     0.000     0.000     0.000     0.000     0.000    0.68    0.00    0.00      0   -9.90   -9.00
    17     4  1996    27    2     0.000     0.000     0.000     0.000     0.000    0.69    0.00    0.00      0   -9.90   -9.00
    18     4  1996    28    2     0.000     0.000     0.000     0.000     0.000    0.70    0.00    0.00      0   -9.90   -9.00
    19     4  1996    29    2     0.000     0.000     0.000     0.000     0.000    0.71    0.00    0.00      0   -9.90   -9.00
    20     4  1996    30    2     0.000     0.000     0.000     0.000     0.000    0.73    0.00    0.00      0   -9.90   -9.00
    21     4  1996    31    2     0.000     0.000     0.000     0.000     0.000    0.74    0.00    0.00      0   -9.90   -9.00
    22     4  1996    32    2     0.000     0.000     0.000     0.000     0.000    0.75    0.00    0.00      0   -9.90   -9.00
    23     4  1996    33    2     0.000     0.000     0.000     0.000     0.000    0.76    0.00    0.00      0   -9.90   -9.00
    24     4  1996    34    2     0.000     0.000     0.000     0.000     0.000    0.77    0.00    0.00      0   -9.90   -9.00
    25     4  1996    35    3     0.000     0.000     0.000     0.000     0.000    0.79    0.00    0.00      0   -9.90   -9.00
    26     4  1996    36    3     0.000     0.000     0.000     0.000     0.000    0.80    0.00    0.00      0   -9.90   -9.00
    27     4  1996    37    3     0.000     0.000     0.000     0.000     0.000    0.81    0.00    0.00      0   -9.90   -9.00
    28     4  1996    38    3     0.000     0.000     0.000     0.000     0.000    0.82    0.00    0.00      0   -9.90   -9.00
    29     4  1996    39    3     0.000     0.000     0.000     0.000     0.000    0.83    0.00    0.00      0   -9.90   -9.00
    30     4  1996    40    3     0.000     0.000     0.000     0.000     0.000    0.84    0.00    0.00      0   -9.90   -9.00
     1     5  1996    41    3     0.000     0.000     0.000     0.000     0.000    0.85    0.00    0.00      0   -9.90   -9.00
     2     5  1996    42    3     0.000     0.000     0.000     0.000     0.000    0.86    0.00    0.00      0   -9.90   -9.00
     3     5  1996    43    3     0.000     0.000     0.000     0.000     0.000    0.88    0.00    0.00      0   -9.90   -9.00
     4     5  1996    44    3     0.000     0.000     0.000     0.000     0.000    0.89    0.00    0.00      0   -9.90   -9.00
     5     5  1996    45    3     0.000     0.000     0.000     0.000     0.000    0.90    0.00    0.00      0   -9.90   -9.00
     6     5  1996    46    3     0.000     0.000     0.000     0.000     0.000    0.91    0.00    0.00      0   -9.90   -9.00
     7     5  1996    47    3     0.000     0.000     0.000     0.000     0.000    0.92    0.00    0.00      0   -9.90   -9.00
     8     5  1996    48    3     0.000     0.000     0.000     0.000     0.000    0.93    0.00    0.00      0   -9.90   -9.00
     9     5  1996    49    3     0.000     0.000     0.000     0.000     0.000    0.94    0.00    0.00      0   -9.90   -9.00
    10     5  1996    50    3     0.000     0.000     0.000     0.000     0.000    0.95    0.00    0.00      0   -9.90   -9.00
    11     5  1996    51    3     0.000     0.000     0.000     0.000     0.000    0.96    0.00    0.00      0   -9.90   -9.00
    12     5  1996    52    3     0.000     0.000     0.000     0.000     0.000    0.97    0.00    0.00      0   -9.90   -9.00
    13     5  1996    53    3     0.000     0.000     0.000     0.000     0.000    0.98    0.00    0.00      0   -9.90   -9.00
    14     5  1996    54    3     0.000     0.000     0.000     0.000     0.000    0.99    0.00    0.00      0   -9.90   -9.00
    15     5  1996    55    3     0.000     0.000     0.000     0.000     0.000    1.00    0.00    0.00      0   -9.90   -9.00
    16     5  1996    56    3     0.000     0.000     0.000     0.000     0.000    1.00    0.00    0.00      0   -9.90   -9.00
    17     5  1996    57    3     0.000     0.000     0.000     0.000     0.000    1.00    0.00    0.00      0   -9.90   -9.00
    18     5  1996    58    3     0.000     0.000     0.000     0.000     0.000    1.00    0.00    0.00      0   -9.90   -9.00
    19     5  1996    59    3     0.000     0.000     0.000     0.000     0.000    1.00    0.00    0.00      0   -9.90   -9.00
    20     5  1996    60    3     0.000     0.000     0.000     0.000     0.000    1.00    0.00    0.00      0   -9.90   -9.00
    21     5  1996    61    3     0.000     0.000     0.000     0.000     0.000    1.00    0.00    0.00      0   -9.90   -9.00
    22     5  1996    62    3     0.000     0.000     0.000     0.000     0.000    1.00    0.00    0.00      0   -9.90   -9.00
    23     5  1996    63    3     0.000     0.000     0.000     0.000     0.000    1.00    0.00    0.00      0   -9.90   -9.00
    24     5  1996    64    3     0.000     0.000     0.000     0.000     0.000    1.00    0.00    0.00      0   -9.90   -9.00
    25     5  1996    65    3     0.000     0.000     0.000     0.000     0.000    1.00    0.00    0.00      0   -9.90   -9.00
    26     5  1996    66    3     0.000     0.000     0.000     0.000     0.000    1.00    0.00    0.00      0   -9.90   -9.00
    27     5  1996    67    3     0.000     0.000     0.000     0.000     0.000    1.00    0.00    0.00      0   -9.90   -9.00
    28     5  1996    68    3     0.000     0.000     0.000     0.000     0.000    1.00    0.00    0.00      0   -9.90   -9.00
    29     5  1996    69    3     0.000     0.000     0.000     0.000     0.000    1.00    0.00    0.00      0   -9.90   -9.00
    30     5  1996    70    3     0.000     0.000     0.000     0.000     0.000    1.00    0.00    0.00      0   -9.90   -9.00
    31     5  1996    71    3     0.000     0.000     0.000     0.000     0.000    1.00    0.00    0.00      0   -9.90   -9.00
     1     6  1996    72    3     0.000     0.000     0.000     0.000     0.000    1.00    0.00    0.00      0   -9.90   -9.00
     2     6  1996    73    3     0.000     0.000     0.000     0.000     0.000    1.00    0.00    0.00      0   -9.90   -9.00
     3     6  1996    74    3     0.000     0.000     0.000     0.000     0.000    1.00    0.00    0.00      0   -9.90   -9.00
     4     6  1996    75    3     0.000     0.000     0.000     0.000     0.000    1.00    0.00    0.00      0   -9.90   -9.00
     5     6  1996    76    3     0.000     0.000     0.000     0.000     0.000    1.00    0.00    0.00      0   -9.90   -9.00
     6     6  1996    77    4     0.000     0.000     0.000     0.000     0.000    1.00    0.00    0.00      0   -9.90   -9.00
     7     6  1996    78    4     0.000     0.000     0.000     0.000     0.000    1.00    0.00    0.00      0   -9.90   -9.00
     8     6  1996    79    4     0.000     0.000     0.000     0.000     0.000    1.00    0.00    0.00      0   -9.90   -9.00
     9     6  1996    80    4     0.000     0.000     0.000     0.000     0.000    1.00    0.00    0.00      0   -9.90   -9.00
    10     6  1996    81    4     0.000     0.000     0.000     0.000     0.000    1.00    0.00    0.00      0   -9.90   -9.00
    11     6  1996    82    4     0.000     0.000     0.000     0.000     0.000    1.00    0.00    0.00      0   -9.90   -9.00
    12     6  1996    83    4     0.000     0.000     0.000     0.000     0.000    1.00    0.00    0.00      0   -9.90   -9.00
    13     6  1996    84    4     0.000     0.000     0.000     0.000     0.000    1.00    0.00    0.00      0   -9.90   -9.00
    14     6  1996    85    4     0.000     0.000     0.000     0.000     0.000    1.00    0.00    0.00      0   -9.90   -9.00
    15     6  1996    86    4     0.000     0.000     0.000     0.000     0.000    1.00    0.00    0.00      0   -9.90   -9.00
    16     6  1996    87    4     0.000     0.000     0.000     0.000     0.000    1.00    0.00    0.00      0   -9.90   -9.00
    17     6  1996    88    4     0.000     0.000     0.000     0.000     0.000    1.00    0.00    0.00      0   -9.90   -9.00
    18     6  1996    89    4     0.000     0.000     0.000     0.000     0.000    1.00    0.00    0.00      0   -9.90   -9.00
    19     6  1996    90    4     0.000     0.000     0.000     0.000     0.000    1.00    0.00    0.00      0   -9.90   -9.00
    20     6  1996    91    4     0.000     0.000     0.000     0.000     0.000    1.00    0.00    0.00      0   -9.90   -9.00
    21     6  1996    92    4     0.000     0.000     0.000     0.000     0.000    1.00    0.00    0.00      0   -9.90   -9.00
    22     6  1996    93    4     0.000     0.000     0.000     0.000     0.000    1.00    0.00    0.00      0   -9.90   -9.00
    23     6  1996    94    4     0.000     0.000     0.000     0.000     0.000    1.00    0.00    0.00      0   -9.90   -9.00
    24     6  1996    95    4     0.000     0.000     0.000     0.000     0.000    1.00    0.00    0.00      0   -9.90   -9.00
    25     6  1996    96    4     0.000     0.000     0.000     0.000     0.000    1.00    0.00    0.00      0   -9.90   -9.00
    26     6  1996    97    4     0.000     0.000     0.000     0.000     0.000    1.00    0.00    0.00      0   -9.90   -9.00
    27     6  1996    98    4     0.000     0.000     0.000     0.000     0.000    1.00    0.00    0.00      0   -9.90   -9.00
    28     6  1996    99    4     0.000     0.000     0.000     0.000     0.000    1.00    0.00    0.00      0   -9.90   -9.00
    29     6  1996   100    4     0.000     0.000     0.000     0.000     0.000    1.00    0.00    0.00      0   -9.90   -9.00
    30     6  1996   101    4     0.000     0.000     0.000     0.000     0.000    1.00    0.00    0.00      0   -9.90   -9.00
     1     7  1996   102    4     0.000     0.000     0.000     0.000     0.000    1.00    0.00    0.00      0   -9.90   -9.00
     2     7  1996   103    4     0.000     0.000     0.000     0.000     0.000    1.00    0.00    0.00      0   -9.90   -9.00
     3     7  1996   104    4     0.000     0.000     0.000     0.000     0.000    1.00    0.00    0.00      0   -9.90   -9.00
     4     7  1996   105    4     0.000     0.000     0.000     0.000     0.000    1.00    0.00    0.00      0   -9.90   -9.00
     5     7  1996   106    4     0.000     0.000     0.000     0.000     0.000    1.00    0.00    0.00      0   -9.90   -9.00
     6     7  1996   107    4     0.000     0.000     0.000     0.000     0.000    1.00    0.00    0.00      0   -9.90   -9.00
     7     7  1996   108    4     0.000     0.000     0.000     0.000     0.000    1.00    0.00    0.00      0   -9.90   -9.00
     8     7  1996   109    4     0.000     0.000     0.000     0.000     0.000    1.00    0.00    0.00      0   -9.90   -9.00
     9     7  1996   110    4     0.000     0.000     0.000     0.000     0.000    1.00    0.00    0.00      0   -9.90   -9.00

Legend

DAP          : Days after planting
Stage        : 0: before/after planting
Stage        : 1: emergence or transplant recovery
Stage        : 2: vegetative stage
Stage        : 3: flowering
Stage        : 4: yield formation and ripening
SaltIn       : Salt infiltrated in the soil profile
SaltOut      : Salt drained out of the soil profile
SaltUp       : Salt moved upward from the groundwater table
SaltTot      : Salt content in the total soil profile (layer: 0.00 - 1.20 m)
SaltZ        : Salt content in the effective root zone
Z            : Effective rooting depth
ECe          : Electrical conductivity of the saturated soil-paste extract from the root zone
ECsw         : Electrical conductivity of the soil water in the root zone
StSalt       : Salinity stress
Zgwt         : Depth of the groundwater table (-9.90 if absent)
ECgw         : Electrical conductivity of the groundwater
