AquaCrop 5.0 (October 2015) - Output created on (date) : 4/8/2017   at (time) : 11:24:30 PM
Crop development and production

** Run number:  1
   Day Month  Year   DAP Stage    GD       Z     StExp  StSto  StSen StSalt   CC      CCw   Kc(Tr)     Trx      Tr       TrW  Tr/Trx   WP    StBio  Biomass    HI  YieldPart  Brelative   WPet
                                °C-day     m       %      %      %      %      %       %       -        mm       mm       mm    %     g/m2     %    ton/ha      %    ton/ha       %      kg/m3
    22     3  1996     1    1    17.3    0.30     -9     -9     -9      0     0.0     0.0    0.00      0.0      0.0      0.0   100    17.7     0     0.000    -9.9    0.000       -9      0.00
    23     3  1996     2    1    16.9    0.30     -9     -9     -9      0     0.0     0.0    0.00      0.0      0.0      0.0   100    17.7     0     0.000    -9.9    0.000       -9      0.00
    24     3  1996     3    1    17.3    0.30     -9     -9     -9      0     0.0     0.0    0.00      0.0      0.0      0.0   100    17.7     0     0.000    -9.9    0.000       -9      0.00
    25     3  1996     4    1    17.3    0.30     -9     -9     -9      0     0.0     0.0    0.00      0.0      0.0      0.0   100    17.7     0     0.000    -9.9    0.000       -9      0.00
    26     3  1996     5    2    17.8    0.33     -9      0      0      0     0.8     0.8    0.01      0.1      0.1      0.1   100    17.7     0     0.003    -9.9    0.000      100      0.00
    27     3  1996     6    2    18.0    0.35      4      0      0      0     0.8     0.8    0.02      0.1      0.1      0.1   100    17.7     0     0.005    -9.9    0.000      100      0.00
    28     3  1996     7    2    17.0    0.37      5      0      0      0     1.0     1.0    0.02      0.1      0.1      0.1   100    17.7     0     0.009    -9.9    0.000       99      0.00
    29     3  1996     8    2    18.0    0.39      4      0      0      0     1.1     1.1    0.02      0.1      0.1      0.1   100    17.7     0     0.012    -9.9    0.000       99      0.00
    30     3  1996     9    2    19.5    0.41      5      0      0      0     1.2     1.2    0.02      0.2      0.2      0.2   100    17.7     0     0.016    -9.9    0.000       99      0.00
    31     3  1996    10    2    19.6    0.43      4      0      0      0     1.4     1.4    0.03      0.2      0.2      0.2   100    17.7     0     0.021    -9.9    0.000       98      0.00
     1     4  1996    11    2    17.3    0.45      4      0      0      0     1.5     1.5    0.03      0.2      0.2      0.2   100    17.7     0     0.026    -9.9    0.000       98      0.00
     2     4  1996    12    2    17.5    0.47      4      0      0      0     1.7     1.7    0.03      0.2      0.2      0.2   100    17.7     0     0.031    -9.9    0.000       98      0.00
     3     4  1996    13    2    17.8    0.49      4      0      0      0     1.9     1.9    0.04      0.2      0.2      0.2   100    17.7     0     0.038    -9.9    0.000       97      0.00
     4     4  1996    14    2    18.0    0.50      8      0      0      0     2.2     2.2    0.04      0.3      0.3      0.3   100    17.7     0     0.045    -9.9    0.000       97      0.00
     5     4  1996    15    2    19.0    0.52      7      0      0      0     2.4     2.4    0.05      0.3      0.3      0.3   100    17.7     0     0.053    -9.9    0.000       97      0.00
     6     4  1996    16    2    18.9    0.54     11      0      0      0     2.7     2.7    0.05      0.4      0.4      0.4   100    17.7     0     0.062    -9.9    0.000       96      0.00
     7     4  1996    17    2    17.3    0.55      3      0      0      0     3.0     3.0    0.06      0.3      0.3      0.3   100    17.7     0     0.072    -9.9    0.000       96      0.00
     8     4  1996    18    2    17.3    0.57      7      0      0      0     3.4     3.4    0.06      0.4      0.4      0.4   100    17.7     0     0.083    -9.9    0.000       95      0.00
     9     4  1996    19    2    18.8    0.58      4      0      0      0     3.8     3.8    0.07      0.4      0.4      0.4   100    17.7     0     0.095    -9.9    0.000       95      0.00
    10     4  1996    20    2    17.8    0.59      0      0      0      0     4.3     4.3    0.08      0.5      0.5      0.5   100    17.7     0     0.110    -9.9    0.000       94      0.00
    11     4  1996    21    2    17.5    0.61      0      0      0      0     4.9     4.9    0.09      0.5      0.5      0.5   100    17.7     0     0.126    -9.9    0.000       94      0.00
    12     4  1996    22    2    17.3    0.62      0      0      0      0     5.6     5.6    0.10      0.7      0.7      0.7   100    17.7     0     0.144    -9.9    0.000       94      0.00
    13     4  1996    23    2    17.9    0.64      0      0      0      0     6.3     6.3    0.11      0.7      0.7      0.7   100    17.7     0     0.164    -9.9    0.000       93      0.00
    14     4  1996    24    2    16.3    0.65      0      0      0      0     7.1     7.1    0.13      0.9      0.9      0.9   100    17.7     0     0.187    -9.9    0.000       93      0.00
    15     4  1996    25    2    16.8    0.66      0      0      0      0     8.0     8.0    0.15      0.5      0.5      0.5   100    17.7     0     0.212    -9.9    0.000       93      0.00
    16     4  1996    26    2    17.3    0.68      0      0      0      0     9.1     9.1    0.16      1.0      1.0      1.0   100    17.7     0     0.241    -9.9    0.000       93      0.00
    17     4  1996    27    2    17.8    0.69      0      0      0      0    10.3    10.3    0.18      1.1      1.1      1.1   100    17.7     0     0.273    -9.9    0.000       93      0.00
    18     4  1996    28    2    18.4    0.70      0      0      0      0    11.6    11.6    0.21      1.5      1.5      1.5   100    17.7     0     0.310    -9.9    0.000       93      0.00
    19     4  1996    29    2    18.9    0.71      0      0      0      0    13.1    13.1    0.23      1.5      1.5      1.5   100    17.7     0     0.350    -9.9    0.000       92      0.00
    20     4  1996    30    2    19.3    0.73      0      0      0      0    14.8    14.8    0.26      1.6      1.6      1.6   100    17.7     0     0.396    -9.9    0.000       92      0.00
    21     4  1996    31    2    19.5    0.74      2      0      0      0    16.7    16.7    0.29      2.1      2.1      2.1   100    17.7     0     0.447    -9.9    0.000       92      0.00
    22     4  1996    32    2    17.8    0.75      0      0      0      0    18.9    18.9    0.32      1.8      1.8      1.8   100    17.7     0     0.504    -9.9    0.000       92      0.00
    23     4  1996    33    2    19.3    0.76      5      0      0      0    21.3    21.3    0.36      2.7      2.7      2.7   100    17.7     0     0.566    -9.9    0.000       92      0.00
    24     4  1996    34    2    18.8    0.77      2      0      0      0    24.0    24.0    0.40      2.3      2.3      2.3   100    17.7     0     0.636    -9.9    0.000       92      0.00
    25     4  1996    35    3    18.8    0.79      5      0      0      0    27.0    27.0    0.44      3.1      3.1      3.1   100    17.7     0     0.714    -9.9    0.000       92      0.00
    26     4  1996    36    3    19.0    0.80     10      0      0      0    30.1    30.1    0.48      3.8      3.8      3.8   100    17.7     0     0.798    -9.9    0.000       92      0.00
    27     4  1996    37    3    18.8    0.81     15      0      0      0    33.5    33.5    0.52      4.4      4.4      4.4   100    17.7     0     0.891    -9.9    0.000       92      0.00
    28     4  1996    38    3    19.8    0.82     14      0      0      0    37.2    37.2    0.57      4.3      4.3      4.3   100    17.7     0     0.991     1.5    0.015       92      0.02
    29     4  1996    39    3    19.3    0.83     24      0      0      0    40.5    40.5    0.61      5.2      5.2      5.2   100    17.7     0     1.099     1.7    0.019       91      0.02
    30     4  1996    40    3    20.1    0.84      0      0      0      0    44.5    44.5    0.65      5.8      5.8      5.8   100    17.7     0     1.214     2.0    0.024       91      0.02
     1     5  1996    41    3    20.3    0.85      0      0      0      0    48.0    48.0    0.69      7.5      7.5      7.5   100    17.7     0     1.336     2.3    0.030       92      0.03
     2     5  1996    42    3    19.6    0.86      2      0      0      0    51.1    51.1    0.72      6.2      6.2      6.2   100    17.7     0     1.464     2.6    0.038       92      0.03
     3     5  1996    43    3    18.8    0.88      5      0      0      0    53.7    53.7    0.75      6.9      6.9      6.9   100    17.7     0     1.597     2.9    0.047       92      0.04
     4     5  1996    44    3    18.4    0.89     11      0      0      0    55.9    55.9    0.77      7.9      7.9      7.9   100    17.7     0     1.733     3.4    0.058       92      0.04
     5     5  1996    45    3    17.0    0.90     14      0      0      0    57.8    57.8    0.79      6.8      6.8      6.8   100    17.7     0     1.873     3.8    0.072       93      0.05
     6     5  1996    46    3    18.5    0.91     20      0      0      0    59.4    59.4    0.81      7.0      7.0      7.0   100    17.7     0     2.015     4.4    0.088       93      0.06
     7     5  1996    47    3    18.9    0.92      0      0      0      0    61.2    61.2    0.82      7.9      7.9      7.9   100    17.7     0     2.160     5.0    0.107       93      0.07
     8     5  1996    48    3    19.5    0.93      0      0      0      0    62.8    62.8    0.84      8.4      8.4      8.4   100    17.7     0     2.308     5.6    0.130       93      0.08
     9     5  1996    49    3    19.3    0.94      3      0      0      0    64.2    64.2    0.85      8.7      8.7      8.7   100    17.7     0     2.458     6.4    0.157       94      0.09
    10     5  1996    50    3    19.8    0.95      6      0      0      0    65.3    65.3    0.86      8.7      8.7      8.7   100    17.7     0     2.610     7.2    0.189       94      0.10
    11     5  1996    51    3    18.8    0.96     13      0      0      0    66.3    66.3    0.87      9.3      9.3      9.3   100    17.7     0     2.763     8.2    0.226       94      0.12
    12     5  1996    52    3    18.0    0.97      0      0      0      0    67.3    67.3    0.88      8.4      8.4      8.4   100    17.7     0     2.918     9.2    0.269       94      0.13
    13     5  1996    53    3    17.8    0.98      0      0      0      0    68.2    68.2    0.88      8.3      8.3      8.3   100    17.7     0     3.074    10.4    0.319       95      0.15
    14     5  1996    54    3    19.0    0.99      2      0      0      0    68.9    68.9    0.89      9.0      9.0      9.0   100    17.7     0     3.231    11.6    0.376       95      0.17
    15     5  1996    55    3    19.4    1.00      2      0      0      0    69.6    69.6    0.90      6.9      6.9      6.9   100    17.7     0     3.389    12.9    0.439       95      0.19
    16     5  1996    56    3    19.6    1.00      7      0      0      0    70.2    70.2    0.90      7.9      7.9      7.9   100    17.7     0     3.549    14.3    0.506       95      0.21
    17     5  1996    57    3    19.3    1.00     13      0      0      0    70.7    70.7    0.90      9.0      9.0      9.0   100    17.7     0     3.708    15.6    0.578       95      0.23
    18     5  1996    58    3    19.9    1.00     19      0      0      0    71.1    71.1    0.91      8.3      8.3      8.3   100    17.7     0     3.869    16.9    0.654       95      0.25
    19     5  1996    59    3    20.3    1.00      0      0      0      0    71.5    71.5    0.91      7.9      7.9      7.9   100    17.7     0     4.030    18.2    0.734       96      0.27
    20     5  1996    60    3    18.8    1.00      0      0      0      0    71.9    71.9    0.91      6.5      6.5      6.5   100    17.7     0     4.191    19.5    0.818       96      0.30
    21     5  1996    61    3    18.8    1.00      1      0      0      0    72.3    72.3    0.92      8.1      8.1      8.1   100    17.7     0     4.353    20.8    0.907       96      0.32
    22     5  1996    62    3    20.0    1.00      3      0      0      0    72.6    72.6    0.92      7.8      7.8      7.8   100    17.7     0     4.516    22.2    1.001       96      0.34
    23     5  1996    63    3    20.0    1.00      4      0      0      0    72.8    72.8    0.92      7.2      7.2      7.2   100    17.7     0     4.679    23.5    1.099       96      0.36
    24     5  1996    64    3    19.8    1.00     11      0      0      0    73.0    73.0    0.92      8.4      8.4      8.4   100    17.7     0     4.842    24.8    1.201       96      0.39
    25     5  1996    65    3    21.0    1.00     15      0      0      0    73.2    73.2    0.93      8.0      8.0      8.0   100    17.7     0     5.006    26.1    1.307       96      0.41
    26     5  1996    66    3    20.6    1.00     24      0      0      0    73.4    73.4    0.93      8.4      8.4      8.4   100    17.7     0     5.169    27.4    1.418       96      0.43
    27     5  1996    67    3    18.2    1.00      0      0      0      0    73.5    73.5    0.93      8.6      8.6      8.6   100    17.7     0     5.333    28.7    1.533       96      0.45
    28     5  1996    68    3    19.3    1.00     -9      0      0      0    74.2    74.2    0.93      7.7      7.7      7.7   100    17.7     0     5.498    30.1    1.653       97      0.48
    29     5  1996    69    3    19.9    1.00     -9      0      0      0    74.3    74.3    0.93      9.2      9.2      9.2   100    17.7     0     5.663    31.4    1.777       97      0.50
    30     5  1996    70    3    21.0    1.00     -9      0      0      0    74.4    74.4    0.93      9.1      9.1      9.1   100    17.7     0     5.828    32.7    1.906       97      0.52
    31     5  1996    71    3    20.3    1.00     -9      0      0      0    74.4    74.4    0.93      6.8      6.8      6.8   100    17.7     0     5.993    34.0    2.039       97      0.54
     1     6  1996    72    3    20.0    1.00     -9      0      0      0    74.5    74.5    0.93      7.6      7.6      7.6   100    17.7     0     6.158    35.3    2.176       97      0.57
     2     6  1996    73    3    20.0    1.00     -9      0      0      0    74.6    74.6    0.93      6.2      6.2      6.2   100    17.7     0     6.323    36.7    2.318       97      0.60
     3     6  1996    74    3    20.9    1.00     -9      0      0      0    74.6    74.6    0.93      5.4      5.4      5.4   100    17.7     0     6.487    38.0    2.463       97      0.62
     4     6  1996    75    3    20.0    1.00     -9      0      0      0    74.7    74.7    0.93      6.1      6.1      6.1   100    17.7     0     6.652    39.3    2.613       97      0.65
     5     6  1996    76    3    18.3    1.00     -9      0      0      0    74.7    74.7    0.93      7.3      7.3      7.3   100    17.7     0     6.816    40.6    2.768       97      0.68
     6     6  1996    77    4    19.0    1.00     -9      0      0      0    74.7    74.7    0.93      4.6      4.6      4.6   100    17.7     0     6.981    41.9    2.927       97      0.71
     7     6  1996    78    4    19.3    1.00     -9      0      0      0    74.8    74.8    0.93      7.5      7.5      7.5   100    17.7     0     7.145    43.2    3.089       97      0.73
     8     6  1996    79    4    19.0    1.00     -9      0      0      0    74.8    74.8    0.93      6.5      6.5      6.5   100    17.7     0     7.309    44.6    3.257       97      0.76
     9     6  1996    80    4    18.8    1.00     -9      0      0      0    74.8    74.8    0.93      7.8      7.8      7.8   100    17.7     0     7.473    45.9    3.428       97      0.78
    10     6  1996    81    4    19.3    1.00     -9      0      0      0    74.8    74.8    0.93      5.5      5.5      5.5   100    17.7     0     7.637    47.2    3.604       97      0.81
    11     6  1996    82    4    18.7    1.00     -9      0      0      0    74.9    74.9    0.93      6.0      6.0      6.0   100    17.7     0     7.800    48.5    3.784       98      0.84
    12     6  1996    83    4    17.8    1.00     -9      0      0      0    74.9    74.9    0.93      2.8      2.8      2.8   100    17.7     0     7.964    49.8    3.968       98      0.87
    13     6  1996    84    4    19.0    1.00     -9      0      0      0    74.9    74.9    0.92      4.3      4.3      4.3   100    17.7     0     8.127    51.1    4.157       98      0.91
    14     6  1996    85    4    19.3    1.00     -9      0      0      0    74.9    74.9    0.92      4.5      4.5      4.5   100    17.7     0     8.290    52.5    4.349       98      0.94
    15     6  1996    86    4    19.0    1.00     -9      0      0      0    74.9    74.9    0.92      4.8      4.8      4.8   100    17.7     0     8.453    53.8    4.546       98      0.97
    16     6  1996    87    4    18.3    1.00     -9      0      0      0    74.9    74.9    0.92      3.8      3.8      3.8   100    17.7     0     8.616    55.1    4.747       98      1.00
    17     6  1996    88    4    18.8    1.00     -9      0      0      0    74.9    74.9    0.92      6.3      6.3      6.3   100    17.7     0     8.779    56.4    4.953       98      1.03
    18     6  1996    89    4    19.2    1.00     -9      0      0      0    74.9    74.9    0.92      6.2      6.2      6.2   100    17.7     0     8.942    57.7    5.162       98      1.06
    19     6  1996    90    4    18.8    1.00     -9      0      0      0    74.9    74.9    0.92      5.4      5.4      5.4   100    17.7     0     9.104    59.0    5.376       98      1.09
    20     6  1996    91    4    18.3    1.00     -9      0      0      0    75.0    75.0    0.92      4.5      4.5      4.5   100    17.7     0     9.266    60.4    5.594       98      1.13
    21     6  1996    92    4    18.5    1.00     -9      0      0      0    74.5    74.5    0.91      7.4      7.4      7.4   100    17.7     0     9.427    61.7    5.815       98      1.15
    22     6  1996    93    4    18.4    1.00     -9      0      0      0    74.1    74.1    0.90      8.0      8.0      8.0   100    17.7     0     9.586    63.0    6.039       98      1.18
    23     6  1996    94    4    19.0    1.00     -9      0      0      0    73.6    73.6    0.89      7.6      7.6      7.6   100    17.7     0     9.743    63.0    6.138       98      1.18
    24     6  1996    95    4    19.0    1.00     -9      0      0      0    73.1    73.1    0.88      6.4      6.4      6.4   100    17.7     0     9.898    63.0    6.236       98      1.18
    25     6  1996    96    4    18.5    1.00     -9      0      0      0    72.6    72.6    0.87      6.6      6.6      6.6   100    17.7     0    10.051    63.0    6.332       98      1.18
    26     6  1996    97    4    19.3    1.00     -9      0      0      0    72.0    72.0    0.85      6.8      6.8      6.8   100    17.7     0    10.202    63.0    6.427       98      1.18
    27     6  1996    98    4    19.6    1.00     -9      0      0      0    71.3    71.3    0.84      6.3      6.3      6.3   100    17.7     0    10.350    63.0    6.521       98      1.18
    28     6  1996    99    4    19.4    1.00     -9      0      0      0    70.5    70.5    0.82      4.5      4.5      4.5   100    17.7     0    10.496    63.0    6.612       98      1.19
    29     6  1996   100    4    19.1    1.00     -9      0      0      0    69.7    69.7    0.81      6.1      6.1      6.1   100    17.7     0    10.639    63.0    6.702       98      1.19
    30     6  1996   101    4    19.3    1.00     -9      0      0      0    68.8    68.8    0.79      7.1      7.1      7.1   100    17.7     0    10.778    63.0    6.790       98      1.19
     1     7  1996   102    4    19.3    1.00     -9      0      0      0    67.8    67.8    0.77      6.8      6.8      6.8   100    17.7     0    10.914    63.0    6.876       98      1.19
     2     7  1996   103    4    18.8    1.00     -9      0      0      0    66.7    66.7    0.75      5.6      5.6      5.6   100    17.7     0    11.046    63.0    6.959       98      1.19
     3     7  1996   104    4    19.8    1.00     -9      0      0      0    65.5    65.5    0.72      5.4      5.4      5.4   100    17.7     0    11.174    63.0    7.040       98      1.19
     4     7  1996   105    4    18.5    1.00     -9      0      0      0    64.2    64.2    0.70      3.8      3.8      3.8   100    17.7     0    11.298    63.0    7.118       98      1.20
     5     7  1996   106    4    19.3    1.00     -9      0      0      0    62.7    62.7    0.67      4.1      4.1      4.1   100    17.7     0    11.417    63.0    7.193       98      1.20
     6     7  1996   107    4    18.5    1.00     -9      0      0      0    61.1    61.1    0.64      3.0      3.0      3.0   100    17.7     0    11.530    63.0    7.264       98      1.21
     7     7  1996   108    4    18.3    1.00     -9      0      0      0    59.3    59.3    0.61      4.0      4.0      4.0   100    17.7     0    11.638    63.0    7.332       98      1.21
     8     7  1996   109    4    18.5    1.00     -9      0      0      0    57.3    57.3    0.58      1.9      1.9      1.9   100    17.7     0    11.740    63.0    7.396       98      1.21
     9     7  1996   110    4    18.4    1.00     -9      0      0      0    55.2    55.2    0.54      2.5      2.5      2.5   100    17.7     0    11.836    63.0    7.456       98      1.22

Legend

DAP          : Days after planting
Stage        : 0: before/after planting
Stage        : 1: emergence or transplant recovery
Stage        : 2: vegetative stage
Stage        : 3: flowering
Stage        : 4: yield formation and ripening
GD           : Growing degrees
Z            : Effective rooting depth
StExp        : Percent water stress reducing leaf expansion
StSto        : Percent water stress inducing stomatal closure
StSen        : Percent water stress triggering early canopy senescence
StSalt       : Percent salinity stress
CC           : Green total Canopy Cover of crop and weeds
CCw          : Green crop Canopy Cover under weed infestation
Kc(Tr)       : Crop coefficient for transpiration
Trx          : Maximum crop transpiration
Tr           : Total transpiration of crop and weeds
TrW          : Crop transpiration under weed infestation
Tr/Trx       : Relative total transpiration (100 Tr/Trx)
WP           : Crop water productivity adjusted for CO2, soil fertility and products synthesized
StBio        : Percent temperature stress affecting biomass production
Biomass      : Cumulative biomass produced
HI           : Harvest Index adjusted for failure of pollination, inadequate photosynthesis and water stress
Yield Part   : Yield (HI x Biomass)
Brelative    : Relative biomass (Reference: no water, no soil fertility, no soil salinity stress)
WPet         : ET Water productivity for yield part (kg yield produced per m3 water evapotranspired)
